<?xml version="1.0" encoding="UTF-8"?>
<TestRun id="b2ed7e7f-6c34-4dd1-9c40-fd11e20c1a46" name="wgetz@BACTESPC329 2011-08-08 12:06:29" runUser="BACTES\wgetz" xmlns="http://microsoft.com/schemas/VisualStudio/TeamTest/2010">
  <TestSettings name="Local" id="ad2497b7-727c-4c61-863e-8e14207e0d8e">
    <Description>These are default test settings for a local test run.</Description>
    <Deployment enabled="false" runDeploymentRoot="wgetz_BACTESPC329 2011-08-08 12_06_29" />
    <Execution>
      <TestTypeSpecific />
      <AgentRule name="Execution Agents">
      </AgentRule>
    </Execution>
  </TestSettings>
  <Times creation="2011-08-08T12:06:29.0369380-07:00" queuing="2011-08-08T12:06:29.2556740-07:00" start="2011-08-08T12:06:29.4587860-07:00" finish="2011-08-08T12:06:29.8181380-07:00" />
  <ResultSummary outcome="Failed">
    <Counters total="2" executed="2" passed="1" error="0" failed="1" timeout="0" aborted="0" inconclusive="0" passedButRunAborted="0" notRunnable="0" notExecuted="0" disconnected="0" warning="0" completed="0" inProgress="0" pending="0" />
  </ResultSummary>
  <TestDefinitions>
    <UnitTest name="TestNotMasterworkWeapon" storage="c:\documents and settings\wgetz\experiments\itemsmith\itemsmithworkshop\itemsmithworkshop\bin\debug\itemsmithworkshop.dll" id="0941ecc6-892d-ef1d-852c-139d50879753">
      <Execution timeOut="1800000" id="c0434ffc-1d84-4279-8cf3-99de13df2abd" />
      <TestMethod codeBase="C:/Documents and Settings/wgetz/Experiments/ItemSmith/ItemSmithWorkShop/ItemSmithWorkShop/bin/Debug/ItemSmithWorkShop.DLL" adapterTypeName="Microsoft.VisualStudio.TestTools.TestTypes.Unit.UnitTestAdapter, Microsoft.VisualStudio.QualityTools.Tips.UnitTest.Adapter, Version=10.0.0.0, Culture=neutral, PublicKeyToken=b03f5f7f11d50a3a" className="ItemSmith.WeaponTests, ItemSmithWorkShop, Version=1.0.0.0, Culture=neutral, PublicKeyToken=null" name="TestNotMasterworkWeapon" />
    </UnitTest>
    <UnitTest name="TestPlus1WeaponWithSpecialAbility" storage="c:\documents and settings\wgetz\experiments\itemsmith\itemsmithworkshop\itemsmithworkshop\bin\debug\itemsmithworkshop.dll" id="b5096b41-7bb0-bb12-693c-aad117aaa7b1">
      <Execution timeOut="1800000" id="8fcc0538-e053-41b3-ab63-1d915b0b3747" />
      <TestMethod codeBase="C:/Documents and Settings/wgetz/Experiments/ItemSmith/ItemSmithWorkShop/ItemSmithWorkShop/bin/Debug/ItemSmithWorkShop.DLL" adapterTypeName="Microsoft.VisualStudio.TestTools.TestTypes.Unit.UnitTestAdapter, Microsoft.VisualStudio.QualityTools.Tips.UnitTest.Adapter, Version=10.0.0.0, Culture=neutral, PublicKeyToken=b03f5f7f11d50a3a" className="ItemSmith.WeaponTests, ItemSmithWorkShop, Version=1.0.0.0, Culture=neutral, PublicKeyToken=null" name="TestPlus1WeaponWithSpecialAbility" />
    </UnitTest>
  </TestDefinitions>
  <TestLists>
    <TestList name="Results Not in a List" id="8c84fa94-04c1-424b-9868-57a2d4851a1d" />
    <TestList name="All Loaded Results" id="19431567-8539-422a-85d7-44ee4e166bda" />
  </TestLists>
  <TestEntries>
    <TestEntry testId="0941ecc6-892d-ef1d-852c-139d50879753" executionId="c0434ffc-1d84-4279-8cf3-99de13df2abd" testListId="8c84fa94-04c1-424b-9868-57a2d4851a1d" />
    <TestEntry testId="b5096b41-7bb0-bb12-693c-aad117aaa7b1" executionId="8fcc0538-e053-41b3-ab63-1d915b0b3747" testListId="8c84fa94-04c1-424b-9868-57a2d4851a1d" />
  </TestEntries>
  <Results>
    <UnitTestResult executionId="c0434ffc-1d84-4279-8cf3-99de13df2abd" testId="0941ecc6-892d-ef1d-852c-139d50879753" testName="TestNotMasterworkWeapon" computerName="BACTESPC329" duration="00:00:00.0409458" startTime="2011-08-08T12:06:29.5681540-07:00" endTime="2011-08-08T12:06:29.6618980-07:00" testType="13cdc9d9-ddb5-4fa4-a97d-d965ccfc6d4b" outcome="Passed" testListId="8c84fa94-04c1-424b-9868-57a2d4851a1d" relativeResultsDirectory="c0434ffc-1d84-4279-8cf3-99de13df2abd">
    </UnitTestResult>
    <UnitTestResult executionId="8fcc0538-e053-41b3-ab63-1d915b0b3747" testId="b5096b41-7bb0-bb12-693c-aad117aaa7b1" testName="TestPlus1WeaponWithSpecialAbility" computerName="BACTESPC329" duration="00:00:00.0729152" startTime="2011-08-08T12:06:29.6618980-07:00" endTime="2011-08-08T12:06:29.7400180-07:00" testType="13cdc9d9-ddb5-4fa4-a97d-d965ccfc6d4b" outcome="Failed" testListId="8c84fa94-04c1-424b-9868-57a2d4851a1d" relativeResultsDirectory="8fcc0538-e053-41b3-ab63-1d915b0b3747">
      <Output>
        <StdOut>move /Y "C:\Documents and Settings\wgetz\Experiments\ItemSmith\ItemSmithWorkShop\ItemSmithWorkShop\WeaponTests.TestPlus1WeaponWithSpecialAbility.received.txt" "C:\Documents and Settings\wgetz\Experiments\ItemSmith\ItemSmithWorkShop\ItemSmithWorkShop\WeaponTests.TestPlus1WeaponWithSpecialAbility.approved.txt"</StdOut>
        <DebugTrace>move /Y "C:\Documents and Settings\wgetz\Experiments\ItemSmith\ItemSmithWorkShop\ItemSmithWorkShop\WeaponTests.TestPlus1WeaponWithSpecialAbility.received.txt" "C:\Documents and Settings\wgetz\Experiments\ItemSmith\ItemSmithWorkShop\ItemSmithWorkShop\WeaponTests.TestPlus1WeaponWithSpecialAbility.approved.txt"
</DebugTrace>
        <ErrorInfo>
          <Message>Test method ItemSmith.WeaponTests.TestPlus1WeaponWithSpecialAbility threw exception: 
ApprovalTests.Core.Exceptions.ApprovalMissingException: Failed Approval: Approval File "C:\Documents and Settings\wgetz\Experiments\ItemSmith\ItemSmithWorkShop\ItemSmithWorkShop\WeaponTests.TestPlus1WeaponWithSpecialAbility.approved.txt" Not Found.</Message>
          <StackTrace>    at ApprovalTests.Approvers.FileApprover.Fail()
   at ApprovalTests.Core.Approvals.Approve(IApprovalApprover approver, IApprovalFailureReporter reporter)
   at ApprovalTests.Approvals.Approve(IApprovalWriter writer, IApprovalNamer namer, IApprovalFailureReporter reporter)
   at ApprovalTests.Approvals.Approve(IApprovalWriter writer)
   at ApprovalTests.Approvals.Approve(Object text)
   at ItemSmith.WeaponTests.TestPlus1WeaponWithSpecialAbility() in C:\Documents and Settings\wgetz\Experiments\ItemSmith\ItemSmithWorkShop\ItemSmithWorkShop\WeaponTest.cs:line 255
</StackTrace>
        </ErrorInfo>
      </Output>
    </UnitTestResult>
  </Results>
</TestRun>