<?xml version="1.0" encoding="UTF-8"?>
<TestRun id="f5f1c15b-1eb4-4d5f-ae2a-db8f1669c184" name="wgetz@BACTESPC329 2011-08-08 12:04:42" runUser="BACTES\wgetz" xmlns="http://microsoft.com/schemas/VisualStudio/TeamTest/2010">
  <TestSettings name="Local" id="ad2497b7-727c-4c61-863e-8e14207e0d8e">
    <Description>These are default test settings for a local test run.</Description>
    <Deployment enabled="false" runDeploymentRoot="wgetz_BACTESPC329 2011-08-08 12_04_42" />
    <Execution>
      <TestTypeSpecific />
      <AgentRule name="Execution Agents">
      </AgentRule>
    </Execution>
  </TestSettings>
  <Times creation="2011-08-08T12:04:42.0437860-07:00" queuing="2011-08-08T12:04:42.2781460-07:00" start="2011-08-08T12:04:42.4656340-07:00" finish="2011-08-08T12:04:42.8249860-07:00" />
  <ResultSummary outcome="Failed">
    <Counters total="2" executed="2" passed="1" error="0" failed="1" timeout="0" aborted="0" inconclusive="0" passedButRunAborted="0" notRunnable="0" notExecuted="0" disconnected="0" warning="0" completed="0" inProgress="0" pending="0" />
  </ResultSummary>
  <TestDefinitions>
    <UnitTest name="TestDisplayWeaponStatistics" storage="c:\documents and settings\wgetz\experiments\itemsmith\itemsmithworkshop\itemsmithworkshop\bin\debug\itemsmithworkshop.dll" id="788701b4-3db0-dd01-e07a-c6f7afb82ead">
      <Execution timeOut="1800000" id="a7ef0d91-4a87-44dc-be0c-7760514f5781" />
      <TestMethod codeBase="C:/Documents and Settings/wgetz/Experiments/ItemSmith/ItemSmithWorkShop/ItemSmithWorkShop/bin/Debug/ItemSmithWorkShop.DLL" adapterTypeName="Microsoft.VisualStudio.TestTools.TestTypes.Unit.UnitTestAdapter, Microsoft.VisualStudio.QualityTools.Tips.UnitTest.Adapter, Version=10.0.0.0, Culture=neutral, PublicKeyToken=b03f5f7f11d50a3a" className="ItemSmith.WeaponTests, ItemSmithWorkShop, Version=1.0.0.0, Culture=neutral, PublicKeyToken=null" name="TestDisplayWeaponStatistics" />
    </UnitTest>
    <UnitTest name="TestIsGenericMagicWeapon" storage="c:\documents and settings\wgetz\experiments\itemsmith\itemsmithworkshop\itemsmithworkshop\bin\debug\itemsmithworkshop.dll" id="8879c8c4-14cc-da5e-6a49-d167c1f959f7">
      <Execution timeOut="1800000" id="aacf72de-1801-45b1-a1ca-29ad8ca13e26" />
      <TestMethod codeBase="C:/Documents and Settings/wgetz/Experiments/ItemSmith/ItemSmithWorkShop/ItemSmithWorkShop/bin/Debug/ItemSmithWorkShop.DLL" adapterTypeName="Microsoft.VisualStudio.TestTools.TestTypes.Unit.UnitTestAdapter, Microsoft.VisualStudio.QualityTools.Tips.UnitTest.Adapter, Version=10.0.0.0, Culture=neutral, PublicKeyToken=b03f5f7f11d50a3a" className="ItemSmith.WeaponTests, ItemSmithWorkShop, Version=1.0.0.0, Culture=neutral, PublicKeyToken=null" name="TestIsGenericMagicWeapon" />
    </UnitTest>
  </TestDefinitions>
  <TestLists>
    <TestList name="Results Not in a List" id="8c84fa94-04c1-424b-9868-57a2d4851a1d" />
    <TestList name="All Loaded Results" id="19431567-8539-422a-85d7-44ee4e166bda" />
  </TestLists>
  <TestEntries>
    <TestEntry testId="788701b4-3db0-dd01-e07a-c6f7afb82ead" executionId="a7ef0d91-4a87-44dc-be0c-7760514f5781" testListId="8c84fa94-04c1-424b-9868-57a2d4851a1d" />
    <TestEntry testId="8879c8c4-14cc-da5e-6a49-d167c1f959f7" executionId="aacf72de-1801-45b1-a1ca-29ad8ca13e26" testListId="8c84fa94-04c1-424b-9868-57a2d4851a1d" />
  </TestEntries>
  <Results>
    <UnitTestResult executionId="a7ef0d91-4a87-44dc-be0c-7760514f5781" testId="788701b4-3db0-dd01-e07a-c6f7afb82ead" testName="TestDisplayWeaponStatistics" computerName="BACTESPC329" duration="00:00:00.0390194" startTime="2011-08-08T12:04:42.5750020-07:00" endTime="2011-08-08T12:04:42.6687460-07:00" testType="13cdc9d9-ddb5-4fa4-a97d-d965ccfc6d4b" outcome="Passed" testListId="8c84fa94-04c1-424b-9868-57a2d4851a1d" relativeResultsDirectory="a7ef0d91-4a87-44dc-be0c-7760514f5781">
    </UnitTestResult>
    <UnitTestResult executionId="aacf72de-1801-45b1-a1ca-29ad8ca13e26" testId="8879c8c4-14cc-da5e-6a49-d167c1f959f7" testName="TestIsGenericMagicWeapon" computerName="BACTESPC329" duration="00:00:00.0678423" startTime="2011-08-08T12:04:42.6687460-07:00" endTime="2011-08-08T12:04:42.7468660-07:00" testType="13cdc9d9-ddb5-4fa4-a97d-d965ccfc6d4b" outcome="Failed" testListId="8c84fa94-04c1-424b-9868-57a2d4851a1d" relativeResultsDirectory="aacf72de-1801-45b1-a1ca-29ad8ca13e26">
      <Output>
        <StdOut>move /Y "C:\Documents and Settings\wgetz\Experiments\ItemSmith\ItemSmithWorkShop\ItemSmithWorkShop\WeaponTests.TestIsGenericMagicWeapon.received.txt" "C:\Documents and Settings\wgetz\Experiments\ItemSmith\ItemSmithWorkShop\ItemSmithWorkShop\WeaponTests.TestIsGenericMagicWeapon.approved.txt"</StdOut>
        <DebugTrace>move /Y "C:\Documents and Settings\wgetz\Experiments\ItemSmith\ItemSmithWorkShop\ItemSmithWorkShop\WeaponTests.TestIsGenericMagicWeapon.received.txt" "C:\Documents and Settings\wgetz\Experiments\ItemSmith\ItemSmithWorkShop\ItemSmithWorkShop\WeaponTests.TestIsGenericMagicWeapon.approved.txt"
</DebugTrace>
        <ErrorInfo>
          <Message>Test method ItemSmith.WeaponTests.TestIsGenericMagicWeapon threw exception: 
ApprovalTests.Core.Exceptions.ApprovalMissingException: Failed Approval: Approval File "C:\Documents and Settings\wgetz\Experiments\ItemSmith\ItemSmithWorkShop\ItemSmithWorkShop\WeaponTests.TestIsGenericMagicWeapon.approved.txt" Not Found.</Message>
          <StackTrace>    at ApprovalTests.Approvers.FileApprover.Fail()
   at ApprovalTests.Core.Approvals.Approve(IApprovalApprover approver, IApprovalFailureReporter reporter)
   at ApprovalTests.Approvals.Approve(IApprovalWriter writer, IApprovalNamer namer, IApprovalFailureReporter reporter)
   at ApprovalTests.Approvals.Approve(IApprovalWriter writer)
   at ApprovalTests.Approvals.Approve(Object text)
   at ItemSmith.WeaponTests.TestIsGenericMagicWeapon() in C:\Documents and Settings\wgetz\Experiments\ItemSmith\ItemSmithWorkShop\ItemSmithWorkShop\WeaponTest.cs:line 105
</StackTrace>
        </ErrorInfo>
      </Output>
    </UnitTestResult>
  </Results>
</TestRun>