<?xml version="1.0" encoding="UTF-8"?>
<TestRun id="9ae80847-feb4-405e-a375-b55c15af899d" name="wgetz@BACTESPC329 2011-08-09 12:55:18" runUser="BACTES\wgetz" xmlns="http://microsoft.com/schemas/VisualStudio/TeamTest/2010">
  <TestSettings name="Local" id="ad2497b7-727c-4c61-863e-8e14207e0d8e">
    <Description>These are default test settings for a local test run.</Description>
    <Deployment enabled="false" runDeploymentRoot="wgetz_BACTESPC329 2011-08-09 12_55_18" />
    <Execution>
      <TestTypeSpecific />
      <AgentRule name="Execution Agents">
      </AgentRule>
    </Execution>
  </TestSettings>
  <Times creation="2011-08-09T12:55:18.7518548-07:00" queuing="2011-08-09T12:55:18.9834023-07:00" start="2011-08-09T12:55:19.1532038-07:00" finish="2011-08-09T12:55:19.4310608-07:00" />
  <ResultSummary outcome="Completed">
    <Counters total="2" executed="2" passed="2" error="0" failed="0" timeout="0" aborted="0" inconclusive="0" passedButRunAborted="0" notRunnable="0" notExecuted="0" disconnected="0" warning="0" completed="0" inProgress="0" pending="0" />
  </ResultSummary>
  <TestDefinitions>
    <UnitTest name="TestDisplayWeaponStatistics" storage="c:\documents and settings\wgetz\experiments\itemsmith\itemsmithworkshop\itemsmithworkshop\bin\debug\itemsmithworkshop.dll" id="788701b4-3db0-dd01-e07a-c6f7afb82ead">
      <Execution timeOut="1800000" id="79668115-93ec-40be-a56a-5811a07e3ec0" />
      <TestMethod codeBase="C:/Documents and Settings/wgetz/Experiments/ItemSmith/ItemSmithWorkShop/ItemSmithWorkShop/bin/Debug/ItemSmithWorkShop.DLL" adapterTypeName="Microsoft.VisualStudio.TestTools.TestTypes.Unit.UnitTestAdapter, Microsoft.VisualStudio.QualityTools.Tips.UnitTest.Adapter, Version=10.0.0.0, Culture=neutral, PublicKeyToken=b03f5f7f11d50a3a" className="ItemSmith.WeaponTests, ItemSmithWorkShop, Version=1.0.0.0, Culture=neutral, PublicKeyToken=null" name="TestDisplayWeaponStatistics" />
    </UnitTest>
    <UnitTest name="TestItemName" storage="c:\documents and settings\wgetz\experiments\itemsmith\itemsmithworkshop\itemsmithworkshop\bin\debug\itemsmithworkshop.dll" id="2489d3dd-5ff4-d85f-bb90-6c0b54df9f6b">
      <Execution timeOut="1800000" id="0cf7ce66-676a-43c1-95cb-87b985554099" />
      <TestMethod codeBase="C:/Documents and Settings/wgetz/Experiments/ItemSmith/ItemSmithWorkShop/ItemSmithWorkShop/bin/Debug/ItemSmithWorkShop.DLL" adapterTypeName="Microsoft.VisualStudio.TestTools.TestTypes.Unit.UnitTestAdapter, Microsoft.VisualStudio.QualityTools.Tips.UnitTest.Adapter, Version=10.0.0.0, Culture=neutral, PublicKeyToken=b03f5f7f11d50a3a" className="ItemSmith.WeaponTests, ItemSmithWorkShop, Version=1.0.0.0, Culture=neutral, PublicKeyToken=null" name="TestItemName" />
    </UnitTest>
  </TestDefinitions>
  <TestLists>
    <TestList name="Results Not in a List" id="8c84fa94-04c1-424b-9868-57a2d4851a1d" />
    <TestList name="All Loaded Results" id="19431567-8539-422a-85d7-44ee4e166bda" />
  </TestLists>
  <TestEntries>
    <TestEntry testId="788701b4-3db0-dd01-e07a-c6f7afb82ead" executionId="79668115-93ec-40be-a56a-5811a07e3ec0" testListId="8c84fa94-04c1-424b-9868-57a2d4851a1d" />
    <TestEntry testId="2489d3dd-5ff4-d85f-bb90-6c0b54df9f6b" executionId="0cf7ce66-676a-43c1-95cb-87b985554099" testListId="8c84fa94-04c1-424b-9868-57a2d4851a1d" />
  </TestEntries>
  <Results>
    <UnitTestResult executionId="79668115-93ec-40be-a56a-5811a07e3ec0" testId="788701b4-3db0-dd01-e07a-c6f7afb82ead" testName="TestDisplayWeaponStatistics" computerName="BACTESPC329" duration="00:00:00.0407767" startTime="2011-08-09T12:55:19.2612593-07:00" endTime="2011-08-09T12:55:19.3693148-07:00" testType="13cdc9d9-ddb5-4fa4-a97d-d965ccfc6d4b" outcome="Passed" testListId="8c84fa94-04c1-424b-9868-57a2d4851a1d" relativeResultsDirectory="79668115-93ec-40be-a56a-5811a07e3ec0">
    </UnitTestResult>
    <UnitTestResult executionId="0cf7ce66-676a-43c1-95cb-87b985554099" testId="2489d3dd-5ff4-d85f-bb90-6c0b54df9f6b" testName="TestItemName" computerName="BACTESPC329" duration="00:00:00.0036539" startTime="2011-08-09T12:55:19.3693148-07:00" endTime="2011-08-09T12:55:19.3693148-07:00" testType="13cdc9d9-ddb5-4fa4-a97d-d965ccfc6d4b" outcome="Passed" testListId="8c84fa94-04c1-424b-9868-57a2d4851a1d" relativeResultsDirectory="0cf7ce66-676a-43c1-95cb-87b985554099">
    </UnitTestResult>
  </Results>
</TestRun>