<?xml version="1.0" encoding="UTF-8"?>
<TestRun id="f70fbe07-0e1f-4464-99d1-19d9c7e9823d" name="wgetz@BACTESPC329 2011-08-08 16:24:37" runUser="BACTES\wgetz" xmlns="http://microsoft.com/schemas/VisualStudio/TeamTest/2010">
  <TestSettings name="Local" id="ad2497b7-727c-4c61-863e-8e14207e0d8e">
    <Description>These are default test settings for a local test run.</Description>
    <Deployment enabled="false" runDeploymentRoot="wgetz_BACTESPC329 2011-08-08 16_24_37" />
    <Execution>
      <TestTypeSpecific />
      <AgentRule name="Execution Agents">
      </AgentRule>
    </Execution>
  </TestSettings>
  <Times creation="2011-08-08T16:24:37.1923904-07:00" queuing="2011-08-08T16:24:37.4579814-07:00" start="2011-08-08T16:24:37.6610804-07:00" finish="2011-08-08T16:24:38.1141474-07:00" />
  <ResultSummary outcome="Completed">
    <Counters total="12" executed="12" passed="12" error="0" failed="0" timeout="0" aborted="0" inconclusive="0" passedButRunAborted="0" notRunnable="0" notExecuted="0" disconnected="0" warning="0" completed="0" inProgress="0" pending="0" />
  </ResultSummary>
  <TestDefinitions>
    <UnitTest name="TestNotMasterworkWeapon" storage="c:\documents and settings\wgetz\experiments\itemsmith\itemsmithworkshop\itemsmithworkshop\bin\debug\itemsmithworkshop.dll" id="0941ecc6-892d-ef1d-852c-139d50879753">
      <Execution timeOut="1800000" id="e89a5905-0971-460e-a544-9126c1c90a4e" />
      <TestMethod codeBase="C:/Documents and Settings/wgetz/Experiments/ItemSmith/ItemSmithWorkShop/ItemSmithWorkShop/bin/Debug/ItemSmithWorkShop.DLL" adapterTypeName="Microsoft.VisualStudio.TestTools.TestTypes.Unit.UnitTestAdapter, Microsoft.VisualStudio.QualityTools.Tips.UnitTest.Adapter, Version=10.0.0.0, Culture=neutral, PublicKeyToken=b03f5f7f11d50a3a" className="ItemSmith.WeaponTests, ItemSmithWorkShop, Version=1.0.0.0, Culture=neutral, PublicKeyToken=null" name="TestNotMasterworkWeapon" />
    </UnitTest>
    <UnitTest name="TestPlus3WeaponDaysToCreate" storage="c:\documents and settings\wgetz\experiments\itemsmith\itemsmithworkshop\itemsmithworkshop\bin\debug\itemsmithworkshop.dll" id="54739ee5-a958-3974-46b3-0f1f453bb85b">
      <Execution timeOut="1800000" id="ae6366a2-bfd2-4c58-a66e-3f25f89353c0" />
      <TestMethod codeBase="C:/Documents and Settings/wgetz/Experiments/ItemSmith/ItemSmithWorkShop/ItemSmithWorkShop/bin/Debug/ItemSmithWorkShop.DLL" adapterTypeName="Microsoft.VisualStudio.TestTools.TestTypes.Unit.UnitTestAdapter, Microsoft.VisualStudio.QualityTools.Tips.UnitTest.Adapter, Version=10.0.0.0, Culture=neutral, PublicKeyToken=b03f5f7f11d50a3a" className="ItemSmith.WeaponTests, ItemSmithWorkShop, Version=1.0.0.0, Culture=neutral, PublicKeyToken=null" name="TestPlus3WeaponDaysToCreate" />
    </UnitTest>
    <UnitTest name="TestIsMagicIsNotMasterworkWeapon" storage="c:\documents and settings\wgetz\experiments\itemsmith\itemsmithworkshop\itemsmithworkshop\bin\debug\itemsmithworkshop.dll" id="0d9f71f5-22b7-78ca-3bb4-0ded159f8bd3">
      <Execution timeOut="1800000" id="0ec964c4-68f2-4454-8848-ae0f5db36272" />
      <TestMethod codeBase="C:/Documents and Settings/wgetz/Experiments/ItemSmith/ItemSmithWorkShop/ItemSmithWorkShop/bin/Debug/ItemSmithWorkShop.DLL" adapterTypeName="Microsoft.VisualStudio.TestTools.TestTypes.Unit.UnitTestAdapter, Microsoft.VisualStudio.QualityTools.Tips.UnitTest.Adapter, Version=10.0.0.0, Culture=neutral, PublicKeyToken=b03f5f7f11d50a3a" className="ItemSmith.WeaponTests, ItemSmithWorkShop, Version=1.0.0.0, Culture=neutral, PublicKeyToken=null" name="TestIsMagicIsNotMasterworkWeapon" />
    </UnitTest>
    <UnitTest name="TestDisplayWeaponStatistics" storage="c:\documents and settings\wgetz\experiments\itemsmith\itemsmithworkshop\itemsmithworkshop\bin\debug\itemsmithworkshop.dll" id="788701b4-3db0-dd01-e07a-c6f7afb82ead">
      <Execution timeOut="1800000" id="76bf3afd-0bdc-468c-bd7c-cb5ff427df58" />
      <TestMethod codeBase="C:/Documents and Settings/wgetz/Experiments/ItemSmith/ItemSmithWorkShop/ItemSmithWorkShop/bin/Debug/ItemSmithWorkShop.DLL" adapterTypeName="Microsoft.VisualStudio.TestTools.TestTypes.Unit.UnitTestAdapter, Microsoft.VisualStudio.QualityTools.Tips.UnitTest.Adapter, Version=10.0.0.0, Culture=neutral, PublicKeyToken=b03f5f7f11d50a3a" className="ItemSmith.WeaponTests, ItemSmithWorkShop, Version=1.0.0.0, Culture=neutral, PublicKeyToken=null" name="TestDisplayWeaponStatistics" />
    </UnitTest>
    <UnitTest name="TestIsGenericMagicWeapon" storage="c:\documents and settings\wgetz\experiments\itemsmith\itemsmithworkshop\itemsmithworkshop\bin\debug\itemsmithworkshop.dll" id="8879c8c4-14cc-da5e-6a49-d167c1f959f7">
      <Execution timeOut="1800000" id="deb4730c-4387-40df-91f6-e78cd3213fc4" />
      <TestMethod codeBase="C:/Documents and Settings/wgetz/Experiments/ItemSmith/ItemSmithWorkShop/ItemSmithWorkShop/bin/Debug/ItemSmithWorkShop.DLL" adapterTypeName="Microsoft.VisualStudio.TestTools.TestTypes.Unit.UnitTestAdapter, Microsoft.VisualStudio.QualityTools.Tips.UnitTest.Adapter, Version=10.0.0.0, Culture=neutral, PublicKeyToken=b03f5f7f11d50a3a" className="ItemSmith.WeaponTests, ItemSmithWorkShop, Version=1.0.0.0, Culture=neutral, PublicKeyToken=null" name="TestIsGenericMagicWeapon" />
    </UnitTest>
    <UnitTest name="TestIsMagicWeaponPlus3" storage="c:\documents and settings\wgetz\experiments\itemsmith\itemsmithworkshop\itemsmithworkshop\bin\debug\itemsmithworkshop.dll" id="872c6a5b-1abc-eb7b-33b6-6e8fce764164">
      <Execution timeOut="1800000" id="ee47408e-80c1-400d-b700-8c75c12e135b" />
      <TestMethod codeBase="C:/Documents and Settings/wgetz/Experiments/ItemSmith/ItemSmithWorkShop/ItemSmithWorkShop/bin/Debug/ItemSmithWorkShop.DLL" adapterTypeName="Microsoft.VisualStudio.TestTools.TestTypes.Unit.UnitTestAdapter, Microsoft.VisualStudio.QualityTools.Tips.UnitTest.Adapter, Version=10.0.0.0, Culture=neutral, PublicKeyToken=b03f5f7f11d50a3a" className="ItemSmith.WeaponTests, ItemSmithWorkShop, Version=1.0.0.0, Culture=neutral, PublicKeyToken=null" name="TestIsMagicWeaponPlus3" />
    </UnitTest>
    <UnitTest name="TestIsMagicWeaponPlus2" storage="c:\documents and settings\wgetz\experiments\itemsmith\itemsmithworkshop\itemsmithworkshop\bin\debug\itemsmithworkshop.dll" id="d10d34d2-061d-c328-7dff-648ec1d98774">
      <Execution timeOut="1800000" id="03adc82c-33b6-4a87-9c01-c360090e7b62" />
      <TestMethod codeBase="C:/Documents and Settings/wgetz/Experiments/ItemSmith/ItemSmithWorkShop/ItemSmithWorkShop/bin/Debug/ItemSmithWorkShop.DLL" adapterTypeName="Microsoft.VisualStudio.TestTools.TestTypes.Unit.UnitTestAdapter, Microsoft.VisualStudio.QualityTools.Tips.UnitTest.Adapter, Version=10.0.0.0, Culture=neutral, PublicKeyToken=b03f5f7f11d50a3a" className="ItemSmith.WeaponTests, ItemSmithWorkShop, Version=1.0.0.0, Culture=neutral, PublicKeyToken=null" name="TestIsMagicWeaponPlus2" />
    </UnitTest>
    <UnitTest name="TestCasterLevelToCreatePlus3Item" storage="c:\documents and settings\wgetz\experiments\itemsmith\itemsmithworkshop\itemsmithworkshop\bin\debug\itemsmithworkshop.dll" id="d4ddad11-1bc1-c1e8-60af-6fc4b047f596">
      <Execution timeOut="1800000" id="8817367a-83aa-4c3a-b105-0731fafe53cb" />
      <TestMethod codeBase="C:/Documents and Settings/wgetz/Experiments/ItemSmith/ItemSmithWorkShop/ItemSmithWorkShop/bin/Debug/ItemSmithWorkShop.DLL" adapterTypeName="Microsoft.VisualStudio.TestTools.TestTypes.Unit.UnitTestAdapter, Microsoft.VisualStudio.QualityTools.Tips.UnitTest.Adapter, Version=10.0.0.0, Culture=neutral, PublicKeyToken=b03f5f7f11d50a3a" className="ItemSmith.WeaponTests, ItemSmithWorkShop, Version=1.0.0.0, Culture=neutral, PublicKeyToken=null" name="TestCasterLevelToCreatePlus3Item" />
    </UnitTest>
    <UnitTest name="TestMasterworkWeapon" storage="c:\documents and settings\wgetz\experiments\itemsmith\itemsmithworkshop\itemsmithworkshop\bin\debug\itemsmithworkshop.dll" id="efb1cb0c-6efd-e41e-a96f-89bffa7df209">
      <Execution timeOut="1800000" id="73848089-7f79-49a5-b096-4e131749ac41" />
      <TestMethod codeBase="C:/Documents and Settings/wgetz/Experiments/ItemSmith/ItemSmithWorkShop/ItemSmithWorkShop/bin/Debug/ItemSmithWorkShop.DLL" adapterTypeName="Microsoft.VisualStudio.TestTools.TestTypes.Unit.UnitTestAdapter, Microsoft.VisualStudio.QualityTools.Tips.UnitTest.Adapter, Version=10.0.0.0, Culture=neutral, PublicKeyToken=b03f5f7f11d50a3a" className="ItemSmith.WeaponTests, ItemSmithWorkShop, Version=1.0.0.0, Culture=neutral, PublicKeyToken=null" name="TestMasterworkWeapon" />
    </UnitTest>
    <UnitTest name="TestItemName" storage="c:\documents and settings\wgetz\experiments\itemsmith\itemsmithworkshop\itemsmithworkshop\bin\debug\itemsmithworkshop.dll" id="2489d3dd-5ff4-d85f-bb90-6c0b54df9f6b">
      <Execution timeOut="1800000" id="1c6e0cfc-7389-406b-987c-9394ff76cdaf" />
      <TestMethod codeBase="C:/Documents and Settings/wgetz/Experiments/ItemSmith/ItemSmithWorkShop/ItemSmithWorkShop/bin/Debug/ItemSmithWorkShop.DLL" adapterTypeName="Microsoft.VisualStudio.TestTools.TestTypes.Unit.UnitTestAdapter, Microsoft.VisualStudio.QualityTools.Tips.UnitTest.Adapter, Version=10.0.0.0, Culture=neutral, PublicKeyToken=b03f5f7f11d50a3a" className="ItemSmith.WeaponTests, ItemSmithWorkShop, Version=1.0.0.0, Culture=neutral, PublicKeyToken=null" name="TestItemName" />
    </UnitTest>
    <UnitTest name="TestIsMagicWeaponPlus5TotalEnhancementIs10" storage="c:\documents and settings\wgetz\experiments\itemsmith\itemsmithworkshop\itemsmithworkshop\bin\debug\itemsmithworkshop.dll" id="e283cb07-da66-1879-0fe8-f2ab1121051d">
      <Execution timeOut="1800000" id="9092f9d5-ce74-4d96-a934-87a05a1df781" />
      <TestMethod codeBase="C:/Documents and Settings/wgetz/Experiments/ItemSmith/ItemSmithWorkShop/ItemSmithWorkShop/bin/Debug/ItemSmithWorkShop.DLL" adapterTypeName="Microsoft.VisualStudio.TestTools.TestTypes.Unit.UnitTestAdapter, Microsoft.VisualStudio.QualityTools.Tips.UnitTest.Adapter, Version=10.0.0.0, Culture=neutral, PublicKeyToken=b03f5f7f11d50a3a" className="ItemSmith.WeaponTests, ItemSmithWorkShop, Version=1.0.0.0, Culture=neutral, PublicKeyToken=null" name="TestIsMagicWeaponPlus5TotalEnhancementIs10" />
    </UnitTest>
    <UnitTest name="TestIsMagicWeaponPlus5" storage="c:\documents and settings\wgetz\experiments\itemsmith\itemsmithworkshop\itemsmithworkshop\bin\debug\itemsmithworkshop.dll" id="3d02fd7f-8d3f-94bd-4e09-0faab933d0ad">
      <Execution timeOut="1800000" id="322726eb-66c8-4e02-b41c-30c92c385191" />
      <TestMethod codeBase="C:/Documents and Settings/wgetz/Experiments/ItemSmith/ItemSmithWorkShop/ItemSmithWorkShop/bin/Debug/ItemSmithWorkShop.DLL" adapterTypeName="Microsoft.VisualStudio.TestTools.TestTypes.Unit.UnitTestAdapter, Microsoft.VisualStudio.QualityTools.Tips.UnitTest.Adapter, Version=10.0.0.0, Culture=neutral, PublicKeyToken=b03f5f7f11d50a3a" className="ItemSmith.WeaponTests, ItemSmithWorkShop, Version=1.0.0.0, Culture=neutral, PublicKeyToken=null" name="TestIsMagicWeaponPlus5" />
    </UnitTest>
  </TestDefinitions>
  <TestLists>
    <TestList name="Results Not in a List" id="8c84fa94-04c1-424b-9868-57a2d4851a1d" />
    <TestList name="All Loaded Results" id="19431567-8539-422a-85d7-44ee4e166bda" />
  </TestLists>
  <TestEntries>
    <TestEntry testId="d4ddad11-1bc1-c1e8-60af-6fc4b047f596" executionId="8817367a-83aa-4c3a-b105-0731fafe53cb" testListId="8c84fa94-04c1-424b-9868-57a2d4851a1d" />
    <TestEntry testId="788701b4-3db0-dd01-e07a-c6f7afb82ead" executionId="76bf3afd-0bdc-468c-bd7c-cb5ff427df58" testListId="8c84fa94-04c1-424b-9868-57a2d4851a1d" />
    <TestEntry testId="8879c8c4-14cc-da5e-6a49-d167c1f959f7" executionId="deb4730c-4387-40df-91f6-e78cd3213fc4" testListId="8c84fa94-04c1-424b-9868-57a2d4851a1d" />
    <TestEntry testId="0d9f71f5-22b7-78ca-3bb4-0ded159f8bd3" executionId="0ec964c4-68f2-4454-8848-ae0f5db36272" testListId="8c84fa94-04c1-424b-9868-57a2d4851a1d" />
    <TestEntry testId="d10d34d2-061d-c328-7dff-648ec1d98774" executionId="03adc82c-33b6-4a87-9c01-c360090e7b62" testListId="8c84fa94-04c1-424b-9868-57a2d4851a1d" />
    <TestEntry testId="872c6a5b-1abc-eb7b-33b6-6e8fce764164" executionId="ee47408e-80c1-400d-b700-8c75c12e135b" testListId="8c84fa94-04c1-424b-9868-57a2d4851a1d" />
    <TestEntry testId="3d02fd7f-8d3f-94bd-4e09-0faab933d0ad" executionId="322726eb-66c8-4e02-b41c-30c92c385191" testListId="8c84fa94-04c1-424b-9868-57a2d4851a1d" />
    <TestEntry testId="e283cb07-da66-1879-0fe8-f2ab1121051d" executionId="9092f9d5-ce74-4d96-a934-87a05a1df781" testListId="8c84fa94-04c1-424b-9868-57a2d4851a1d" />
    <TestEntry testId="2489d3dd-5ff4-d85f-bb90-6c0b54df9f6b" executionId="1c6e0cfc-7389-406b-987c-9394ff76cdaf" testListId="8c84fa94-04c1-424b-9868-57a2d4851a1d" />
    <TestEntry testId="efb1cb0c-6efd-e41e-a96f-89bffa7df209" executionId="73848089-7f79-49a5-b096-4e131749ac41" testListId="8c84fa94-04c1-424b-9868-57a2d4851a1d" />
    <TestEntry testId="0941ecc6-892d-ef1d-852c-139d50879753" executionId="e89a5905-0971-460e-a544-9126c1c90a4e" testListId="8c84fa94-04c1-424b-9868-57a2d4851a1d" />
    <TestEntry testId="54739ee5-a958-3974-46b3-0f1f453bb85b" executionId="ae6366a2-bfd2-4c58-a66e-3f25f89353c0" testListId="8c84fa94-04c1-424b-9868-57a2d4851a1d" />
  </TestEntries>
  <Results>
    <UnitTestResult executionId="8817367a-83aa-4c3a-b105-0731fafe53cb" testId="d4ddad11-1bc1-c1e8-60af-6fc4b047f596" testName="TestCasterLevelToCreatePlus3Item" computerName="BACTESPC329" duration="00:00:00.0502907" startTime="2011-08-08T16:24:37.8485564-07:00" endTime="2011-08-08T16:24:37.9422944-07:00" testType="13cdc9d9-ddb5-4fa4-a97d-d965ccfc6d4b" outcome="Passed" testListId="8c84fa94-04c1-424b-9868-57a2d4851a1d" relativeResultsDirectory="8817367a-83aa-4c3a-b105-0731fafe53cb">
    </UnitTestResult>
    <UnitTestResult executionId="76bf3afd-0bdc-468c-bd7c-cb5ff427df58" testId="788701b4-3db0-dd01-e07a-c6f7afb82ead" testName="TestDisplayWeaponStatistics" computerName="BACTESPC329" duration="00:00:00.0039880" startTime="2011-08-08T16:24:37.9579174-07:00" endTime="2011-08-08T16:24:37.9579174-07:00" testType="13cdc9d9-ddb5-4fa4-a97d-d965ccfc6d4b" outcome="Passed" testListId="8c84fa94-04c1-424b-9868-57a2d4851a1d" relativeResultsDirectory="76bf3afd-0bdc-468c-bd7c-cb5ff427df58">
    </UnitTestResult>
    <UnitTestResult executionId="deb4730c-4387-40df-91f6-e78cd3213fc4" testId="8879c8c4-14cc-da5e-6a49-d167c1f959f7" testName="TestIsGenericMagicWeapon" computerName="BACTESPC329" duration="00:00:00.0042951" startTime="2011-08-08T16:24:37.9579174-07:00" endTime="2011-08-08T16:24:37.9735404-07:00" testType="13cdc9d9-ddb5-4fa4-a97d-d965ccfc6d4b" outcome="Passed" testListId="8c84fa94-04c1-424b-9868-57a2d4851a1d" relativeResultsDirectory="deb4730c-4387-40df-91f6-e78cd3213fc4">
    </UnitTestResult>
    <UnitTestResult executionId="0ec964c4-68f2-4454-8848-ae0f5db36272" testId="0d9f71f5-22b7-78ca-3bb4-0ded159f8bd3" testName="TestIsMagicIsNotMasterworkWeapon" computerName="BACTESPC329" duration="00:00:00.0049905" startTime="2011-08-08T16:24:37.9735404-07:00" endTime="2011-08-08T16:24:37.9735404-07:00" testType="13cdc9d9-ddb5-4fa4-a97d-d965ccfc6d4b" outcome="Passed" testListId="8c84fa94-04c1-424b-9868-57a2d4851a1d" relativeResultsDirectory="0ec964c4-68f2-4454-8848-ae0f5db36272">
    </UnitTestResult>
    <UnitTestResult executionId="03adc82c-33b6-4a87-9c01-c360090e7b62" testId="d10d34d2-061d-c328-7dff-648ec1d98774" testName="TestIsMagicWeaponPlus2" computerName="BACTESPC329" duration="00:00:00.0060536" startTime="2011-08-08T16:24:37.9735404-07:00" endTime="2011-08-08T16:24:37.9891634-07:00" testType="13cdc9d9-ddb5-4fa4-a97d-d965ccfc6d4b" outcome="Passed" testListId="8c84fa94-04c1-424b-9868-57a2d4851a1d" relativeResultsDirectory="03adc82c-33b6-4a87-9c01-c360090e7b62">
    </UnitTestResult>
    <UnitTestResult executionId="ee47408e-80c1-400d-b700-8c75c12e135b" testId="872c6a5b-1abc-eb7b-33b6-6e8fce764164" testName="TestIsMagicWeaponPlus3" computerName="BACTESPC329" duration="00:00:00.0043759" startTime="2011-08-08T16:24:37.9891634-07:00" endTime="2011-08-08T16:24:38.0047864-07:00" testType="13cdc9d9-ddb5-4fa4-a97d-d965ccfc6d4b" outcome="Passed" testListId="8c84fa94-04c1-424b-9868-57a2d4851a1d" relativeResultsDirectory="ee47408e-80c1-400d-b700-8c75c12e135b">
    </UnitTestResult>
    <UnitTestResult executionId="322726eb-66c8-4e02-b41c-30c92c385191" testId="3d02fd7f-8d3f-94bd-4e09-0faab933d0ad" testName="TestIsMagicWeaponPlus5" computerName="BACTESPC329" duration="00:00:00.0043202" startTime="2011-08-08T16:24:38.0047864-07:00" endTime="2011-08-08T16:24:38.0047864-07:00" testType="13cdc9d9-ddb5-4fa4-a97d-d965ccfc6d4b" outcome="Passed" testListId="8c84fa94-04c1-424b-9868-57a2d4851a1d" relativeResultsDirectory="322726eb-66c8-4e02-b41c-30c92c385191">
    </UnitTestResult>
    <UnitTestResult executionId="9092f9d5-ce74-4d96-a934-87a05a1df781" testId="e283cb07-da66-1879-0fe8-f2ab1121051d" testName="TestIsMagicWeaponPlus5TotalEnhancementIs10" computerName="BACTESPC329" duration="00:00:00.0044362" startTime="2011-08-08T16:24:38.0047864-07:00" endTime="2011-08-08T16:24:38.0204094-07:00" testType="13cdc9d9-ddb5-4fa4-a97d-d965ccfc6d4b" outcome="Passed" testListId="8c84fa94-04c1-424b-9868-57a2d4851a1d" relativeResultsDirectory="9092f9d5-ce74-4d96-a934-87a05a1df781">
    </UnitTestResult>
    <UnitTestResult executionId="1c6e0cfc-7389-406b-987c-9394ff76cdaf" testId="2489d3dd-5ff4-d85f-bb90-6c0b54df9f6b" testName="TestItemName" computerName="BACTESPC329" duration="00:00:00.0039248" startTime="2011-08-08T16:24:38.0204094-07:00" endTime="2011-08-08T16:24:38.0204094-07:00" testType="13cdc9d9-ddb5-4fa4-a97d-d965ccfc6d4b" outcome="Passed" testListId="8c84fa94-04c1-424b-9868-57a2d4851a1d" relativeResultsDirectory="1c6e0cfc-7389-406b-987c-9394ff76cdaf">
    </UnitTestResult>
    <UnitTestResult executionId="73848089-7f79-49a5-b096-4e131749ac41" testId="efb1cb0c-6efd-e41e-a96f-89bffa7df209" testName="TestMasterworkWeapon" computerName="BACTESPC329" duration="00:00:00.0042563" startTime="2011-08-08T16:24:38.0204094-07:00" endTime="2011-08-08T16:24:38.0360324-07:00" testType="13cdc9d9-ddb5-4fa4-a97d-d965ccfc6d4b" outcome="Passed" testListId="8c84fa94-04c1-424b-9868-57a2d4851a1d" relativeResultsDirectory="73848089-7f79-49a5-b096-4e131749ac41">
    </UnitTestResult>
    <UnitTestResult executionId="e89a5905-0971-460e-a544-9126c1c90a4e" testId="0941ecc6-892d-ef1d-852c-139d50879753" testName="TestNotMasterworkWeapon" computerName="BACTESPC329" duration="00:00:00.0038996" startTime="2011-08-08T16:24:38.0360324-07:00" endTime="2011-08-08T16:24:38.0360324-07:00" testType="13cdc9d9-ddb5-4fa4-a97d-d965ccfc6d4b" outcome="Passed" testListId="8c84fa94-04c1-424b-9868-57a2d4851a1d" relativeResultsDirectory="e89a5905-0971-460e-a544-9126c1c90a4e">
    </UnitTestResult>
    <UnitTestResult executionId="ae6366a2-bfd2-4c58-a66e-3f25f89353c0" testId="54739ee5-a958-3974-46b3-0f1f453bb85b" testName="TestPlus3WeaponDaysToCreate" computerName="BACTESPC329" duration="00:00:00.0042842" startTime="2011-08-08T16:24:38.0360324-07:00" endTime="2011-08-08T16:24:38.0516554-07:00" testType="13cdc9d9-ddb5-4fa4-a97d-d965ccfc6d4b" outcome="Passed" testListId="8c84fa94-04c1-424b-9868-57a2d4851a1d" relativeResultsDirectory="ae6366a2-bfd2-4c58-a66e-3f25f89353c0">
    </UnitTestResult>
  </Results>
</TestRun>