<?xml version="1.0" encoding="UTF-8"?>
<TestRun id="59c50f63-8aac-4a72-989e-c6b64f0877e3" name="William@CPT_CARROT 2011-06-15 06:53:11" runUser="Cpt_Carrot\William" xmlns="http://microsoft.com/schemas/VisualStudio/TeamTest/2010">
  <TestSettings name="Local" id="c2a6f356-a881-46ce-9115-08dfffbbf9f7">
    <Description>These are default test settings for a local test run.</Description>
    <Deployment enabled="false" runDeploymentRoot="William_CPT_CARROT 2011-06-15 06_53_11">
      <DeploymentItem filename="C:\Users\William\Documents\Visual Studio 2010\TDDMurachsBook\HexVitalsWithTests\HexagonVitals02\Hexagonvitals.Test\ApprovalTests.dll" />
      <DeploymentItem filename="C:\Users\William\Documents\Visual Studio 2010\TDDMurachsBook\HexVitalsWithTests\HexagonVitals02\HexagonVitals01\bin\Debug\HexagonVitals01.exe" />
    </Deployment>
    <Execution>
      <TestTypeSpecific />
      <AgentRule name="Execution Agents">
      </AgentRule>
    </Execution>
  </TestSettings>
  <Times creation="2011-06-15T06:53:11.3469925-07:00" queuing="2011-06-15T06:53:14.2521587-07:00" start="2011-06-15T06:53:14.4571704-07:00" finish="2011-06-15T06:53:16.1212656-07:00" />
  <ResultSummary outcome="Completed">
    <Counters total="7" executed="7" passed="7" error="0" failed="0" timeout="0" aborted="0" inconclusive="0" passedButRunAborted="0" notRunnable="0" notExecuted="0" disconnected="0" warning="0" completed="0" inProgress="0" pending="0" />
  </ResultSummary>
  <TestDefinitions>
    <UnitTest name="TestMeasurementTypeZero" storage="c:\users\william\documents\visual studio 2010\tddmurachsbook\hexvitalswithtests\hexagonvitals02\hexagonvitals.test\bin\debug\hexagonvitals.test.dll" id="756806fc-abd7-5e06-7fd4-462e6fd2c5bb">
      <Execution id="218ff4cc-eb05-42d8-b416-c99b293fd5aa" />
      <TestMethod codeBase="C:/Users/William/Documents/Visual Studio 2010/TDDMurachsBook/HexVitalsWithTests/HexagonVitals02/Hexagonvitals.Test/bin/Debug/Hexagonvitals.Test.DLL" adapterTypeName="Microsoft.VisualStudio.TestTools.TestTypes.Unit.UnitTestAdapter, Microsoft.VisualStudio.QualityTools.Tips.UnitTest.Adapter, Version=10.0.0.0, Culture=neutral, PublicKeyToken=b03f5f7f11d50a3a" className="Hexagonvitals.Test.HexVitalsTest, Hexagonvitals.Test, Version=1.0.0.0, Culture=neutral, PublicKeyToken=null" name="TestMeasurementTypeZero" />
    </UnitTest>
    <UnitTest name="TestMeasurementTypeThree" storage="c:\users\william\documents\visual studio 2010\tddmurachsbook\hexvitalswithtests\hexagonvitals02\hexagonvitals.test\bin\debug\hexagonvitals.test.dll" id="1be4b2fe-7b61-a0f3-8a7c-e9be00bcfc25">
      <Execution id="172c3176-cccb-438c-8eea-eec82dce3122" />
      <TestMethod codeBase="C:/Users/William/Documents/Visual Studio 2010/TDDMurachsBook/HexVitalsWithTests/HexagonVitals02/Hexagonvitals.Test/bin/Debug/Hexagonvitals.Test.DLL" adapterTypeName="Microsoft.VisualStudio.TestTools.TestTypes.Unit.UnitTestAdapter, Microsoft.VisualStudio.QualityTools.Tips.UnitTest.Adapter, Version=10.0.0.0, Culture=neutral, PublicKeyToken=b03f5f7f11d50a3a" className="Hexagonvitals.Test.HexVitalsTest, Hexagonvitals.Test, Version=1.0.0.0, Culture=neutral, PublicKeyToken=null" name="TestMeasurementTypeThree" />
    </UnitTest>
    <UnitTest name="TestMeasurementTypeFive" storage="c:\users\william\documents\visual studio 2010\tddmurachsbook\hexvitalswithtests\hexagonvitals02\hexagonvitals.test\bin\debug\hexagonvitals.test.dll" id="43ac6133-40cb-1c47-390d-db50ffe794aa">
      <Execution id="109740a2-ec0f-455d-8065-6ece31010e49" />
      <TestMethod codeBase="C:/Users/William/Documents/Visual Studio 2010/TDDMurachsBook/HexVitalsWithTests/HexagonVitals02/Hexagonvitals.Test/bin/Debug/Hexagonvitals.Test.DLL" adapterTypeName="Microsoft.VisualStudio.TestTools.TestTypes.Unit.UnitTestAdapter, Microsoft.VisualStudio.QualityTools.Tips.UnitTest.Adapter, Version=10.0.0.0, Culture=neutral, PublicKeyToken=b03f5f7f11d50a3a" className="Hexagonvitals.Test.HexVitalsTest, Hexagonvitals.Test, Version=1.0.0.0, Culture=neutral, PublicKeyToken=null" name="TestMeasurementTypeFive" />
    </UnitTest>
    <UnitTest name="TestMeasurementTypeSix" storage="c:\users\william\documents\visual studio 2010\tddmurachsbook\hexvitalswithtests\hexagonvitals02\hexagonvitals.test\bin\debug\hexagonvitals.test.dll" id="03271c33-0945-33ae-2bea-834454680095">
      <Execution id="203a80f5-2c92-4642-aeba-eb60df1ba034" />
      <TestMethod codeBase="C:/Users/William/Documents/Visual Studio 2010/TDDMurachsBook/HexVitalsWithTests/HexagonVitals02/Hexagonvitals.Test/bin/Debug/Hexagonvitals.Test.DLL" adapterTypeName="Microsoft.VisualStudio.TestTools.TestTypes.Unit.UnitTestAdapter, Microsoft.VisualStudio.QualityTools.Tips.UnitTest.Adapter, Version=10.0.0.0, Culture=neutral, PublicKeyToken=b03f5f7f11d50a3a" className="Hexagonvitals.Test.HexVitalsTest, Hexagonvitals.Test, Version=1.0.0.0, Culture=neutral, PublicKeyToken=null" name="TestMeasurementTypeSix" />
    </UnitTest>
    <UnitTest name="TestMeasurementTypeOne" storage="c:\users\william\documents\visual studio 2010\tddmurachsbook\hexvitalswithtests\hexagonvitals02\hexagonvitals.test\bin\debug\hexagonvitals.test.dll" id="7b1443d7-4392-3d99-deb6-1ed8e014d6a3">
      <Execution id="987d09b3-f59c-4499-ae74-d2ec9318f888" />
      <TestMethod codeBase="C:/Users/William/Documents/Visual Studio 2010/TDDMurachsBook/HexVitalsWithTests/HexagonVitals02/Hexagonvitals.Test/bin/Debug/Hexagonvitals.Test.DLL" adapterTypeName="Microsoft.VisualStudio.TestTools.TestTypes.Unit.UnitTestAdapter, Microsoft.VisualStudio.QualityTools.Tips.UnitTest.Adapter, Version=10.0.0.0, Culture=neutral, PublicKeyToken=b03f5f7f11d50a3a" className="Hexagonvitals.Test.HexVitalsTest, Hexagonvitals.Test, Version=1.0.0.0, Culture=neutral, PublicKeyToken=null" name="TestMeasurementTypeOne" />
    </UnitTest>
    <UnitTest name="TestMeasurementTypeFour" storage="c:\users\william\documents\visual studio 2010\tddmurachsbook\hexvitalswithtests\hexagonvitals02\hexagonvitals.test\bin\debug\hexagonvitals.test.dll" id="45248b92-6dd3-e46d-104b-b1aeb363c5fd">
      <Execution id="674a96d3-bbfb-47be-a378-12be850f96e9" />
      <TestMethod codeBase="C:/Users/William/Documents/Visual Studio 2010/TDDMurachsBook/HexVitalsWithTests/HexagonVitals02/Hexagonvitals.Test/bin/Debug/Hexagonvitals.Test.DLL" adapterTypeName="Microsoft.VisualStudio.TestTools.TestTypes.Unit.UnitTestAdapter, Microsoft.VisualStudio.QualityTools.Tips.UnitTest.Adapter, Version=10.0.0.0, Culture=neutral, PublicKeyToken=b03f5f7f11d50a3a" className="Hexagonvitals.Test.HexVitalsTest, Hexagonvitals.Test, Version=1.0.0.0, Culture=neutral, PublicKeyToken=null" name="TestMeasurementTypeFour" />
    </UnitTest>
    <UnitTest name="TestMeasurementTypeTwo" storage="c:\users\william\documents\visual studio 2010\tddmurachsbook\hexvitalswithtests\hexagonvitals02\hexagonvitals.test\bin\debug\hexagonvitals.test.dll" id="9ee2242d-4c72-8f56-56b6-a593f63b8a6c">
      <Execution id="5ab8d402-3359-44af-bdcc-e0b10a03b205" />
      <TestMethod codeBase="C:/Users/William/Documents/Visual Studio 2010/TDDMurachsBook/HexVitalsWithTests/HexagonVitals02/Hexagonvitals.Test/bin/Debug/Hexagonvitals.Test.DLL" adapterTypeName="Microsoft.VisualStudio.TestTools.TestTypes.Unit.UnitTestAdapter, Microsoft.VisualStudio.QualityTools.Tips.UnitTest.Adapter, Version=10.0.0.0, Culture=neutral, PublicKeyToken=b03f5f7f11d50a3a" className="Hexagonvitals.Test.HexVitalsTest, Hexagonvitals.Test, Version=1.0.0.0, Culture=neutral, PublicKeyToken=null" name="TestMeasurementTypeTwo" />
    </UnitTest>
  </TestDefinitions>
  <TestLists>
    <TestList name="Results Not in a List" id="8c84fa94-04c1-424b-9868-57a2d4851a1d" />
    <TestList name="All Loaded Results" id="19431567-8539-422a-85d7-44ee4e166bda" />
  </TestLists>
  <TestEntries>
    <TestEntry testId="03271c33-0945-33ae-2bea-834454680095" executionId="203a80f5-2c92-4642-aeba-eb60df1ba034" testListId="8c84fa94-04c1-424b-9868-57a2d4851a1d" />
    <TestEntry testId="1be4b2fe-7b61-a0f3-8a7c-e9be00bcfc25" executionId="172c3176-cccb-438c-8eea-eec82dce3122" testListId="8c84fa94-04c1-424b-9868-57a2d4851a1d" />
    <TestEntry testId="43ac6133-40cb-1c47-390d-db50ffe794aa" executionId="109740a2-ec0f-455d-8065-6ece31010e49" testListId="8c84fa94-04c1-424b-9868-57a2d4851a1d" />
    <TestEntry testId="45248b92-6dd3-e46d-104b-b1aeb363c5fd" executionId="674a96d3-bbfb-47be-a378-12be850f96e9" testListId="8c84fa94-04c1-424b-9868-57a2d4851a1d" />
    <TestEntry testId="756806fc-abd7-5e06-7fd4-462e6fd2c5bb" executionId="218ff4cc-eb05-42d8-b416-c99b293fd5aa" testListId="8c84fa94-04c1-424b-9868-57a2d4851a1d" />
    <TestEntry testId="7b1443d7-4392-3d99-deb6-1ed8e014d6a3" executionId="987d09b3-f59c-4499-ae74-d2ec9318f888" testListId="8c84fa94-04c1-424b-9868-57a2d4851a1d" />
    <TestEntry testId="9ee2242d-4c72-8f56-56b6-a593f63b8a6c" executionId="5ab8d402-3359-44af-bdcc-e0b10a03b205" testListId="8c84fa94-04c1-424b-9868-57a2d4851a1d" />
  </TestEntries>
  <Results>
    <UnitTestResult executionId="203a80f5-2c92-4642-aeba-eb60df1ba034" testId="03271c33-0945-33ae-2bea-834454680095" testName="TestMeasurementTypeSix" computerName="CPT_CARROT" duration="00:00:00.0639508" startTime="2011-06-15T06:53:14.5311747-07:00" endTime="2011-06-15T06:53:15.6242372-07:00" testType="13cdc9d9-ddb5-4fa4-a97d-d965ccfc6d4b" outcome="Passed" testListId="8c84fa94-04c1-424b-9868-57a2d4851a1d" relativeResultsDirectory="203a80f5-2c92-4642-aeba-eb60df1ba034">
    </UnitTestResult>
    <UnitTestResult executionId="172c3176-cccb-438c-8eea-eec82dce3122" testId="1be4b2fe-7b61-a0f3-8a7c-e9be00bcfc25" testName="TestMeasurementTypeThree" computerName="CPT_CARROT" duration="00:00:00.0054503" startTime="2011-06-15T06:53:15.6482385-07:00" endTime="2011-06-15T06:53:15.6742400-07:00" testType="13cdc9d9-ddb5-4fa4-a97d-d965ccfc6d4b" outcome="Passed" testListId="8c84fa94-04c1-424b-9868-57a2d4851a1d" relativeResultsDirectory="172c3176-cccb-438c-8eea-eec82dce3122">
    </UnitTestResult>
    <UnitTestResult executionId="109740a2-ec0f-455d-8065-6ece31010e49" testId="43ac6133-40cb-1c47-390d-db50ffe794aa" testName="TestMeasurementTypeFive" computerName="CPT_CARROT" duration="00:00:00.0048786" startTime="2011-06-15T06:53:15.6892409-07:00" endTime="2011-06-15T06:53:15.7072419-07:00" testType="13cdc9d9-ddb5-4fa4-a97d-d965ccfc6d4b" outcome="Passed" testListId="8c84fa94-04c1-424b-9868-57a2d4851a1d" relativeResultsDirectory="109740a2-ec0f-455d-8065-6ece31010e49">
    </UnitTestResult>
    <UnitTestResult executionId="674a96d3-bbfb-47be-a378-12be850f96e9" testId="45248b92-6dd3-e46d-104b-b1aeb363c5fd" testName="TestMeasurementTypeFour" computerName="CPT_CARROT" duration="00:00:00.0050880" startTime="2011-06-15T06:53:15.7202427-07:00" endTime="2011-06-15T06:53:15.7372436-07:00" testType="13cdc9d9-ddb5-4fa4-a97d-d965ccfc6d4b" outcome="Passed" testListId="8c84fa94-04c1-424b-9868-57a2d4851a1d" relativeResultsDirectory="674a96d3-bbfb-47be-a378-12be850f96e9">
    </UnitTestResult>
    <UnitTestResult executionId="218ff4cc-eb05-42d8-b416-c99b293fd5aa" testId="756806fc-abd7-5e06-7fd4-462e6fd2c5bb" testName="TestMeasurementTypeZero" computerName="CPT_CARROT" duration="00:00:00.0061431" startTime="2011-06-15T06:53:15.7622451-07:00" endTime="2011-06-15T06:53:15.7912467-07:00" testType="13cdc9d9-ddb5-4fa4-a97d-d965ccfc6d4b" outcome="Passed" testListId="8c84fa94-04c1-424b-9868-57a2d4851a1d" relativeResultsDirectory="218ff4cc-eb05-42d8-b416-c99b293fd5aa">
    </UnitTestResult>
    <UnitTestResult executionId="987d09b3-f59c-4499-ae74-d2ec9318f888" testId="7b1443d7-4392-3d99-deb6-1ed8e014d6a3" testName="TestMeasurementTypeOne" computerName="CPT_CARROT" duration="00:00:00.0074226" startTime="2011-06-15T06:53:15.8032474-07:00" endTime="2011-06-15T06:53:15.8252487-07:00" testType="13cdc9d9-ddb5-4fa4-a97d-d965ccfc6d4b" outcome="Passed" testListId="8c84fa94-04c1-424b-9868-57a2d4851a1d" relativeResultsDirectory="987d09b3-f59c-4499-ae74-d2ec9318f888">
    </UnitTestResult>
    <UnitTestResult executionId="5ab8d402-3359-44af-bdcc-e0b10a03b205" testId="9ee2242d-4c72-8f56-56b6-a593f63b8a6c" testName="TestMeasurementTypeTwo" computerName="CPT_CARROT" duration="00:00:00.0051465" startTime="2011-06-15T06:53:15.8392495-07:00" endTime="2011-06-15T06:53:15.8622508-07:00" testType="13cdc9d9-ddb5-4fa4-a97d-d965ccfc6d4b" outcome="Passed" testListId="8c84fa94-04c1-424b-9868-57a2d4851a1d" relativeResultsDirectory="5ab8d402-3359-44af-bdcc-e0b10a03b205">
    </UnitTestResult>
  </Results>
</TestRun>