<?xml version="1.0" encoding="UTF-8"?>
<TestRun id="0ea76328-7ebe-4fc0-b6ac-5520f5589f13" name="William@CPT_CARROT 2011-06-15 01:21:19" runUser="Cpt_Carrot\William" xmlns="http://microsoft.com/schemas/VisualStudio/TeamTest/2010">
  <TestSettings name="Local" id="c2a6f356-a881-46ce-9115-08dfffbbf9f7">
    <Description>These are default test settings for a local test run.</Description>
    <Deployment enabled="false" runDeploymentRoot="William_CPT_CARROT 2011-06-15 01_21_19">
      <DeploymentItem filename="C:\Users\William\Documents\Visual Studio 2010\TDDMurachsBook\HexVitalsWithTests\HexagonVitals02\Hexagonvitals.Test\ApprovalTests.dll" />
      <DeploymentItem filename="C:\Users\William\Documents\Visual Studio 2010\TDDMurachsBook\HexVitalsWithTests\HexagonVitals02\HexagonVitals01\bin\Debug\HexagonVitals01.exe" />
    </Deployment>
    <Execution>
      <TestTypeSpecific />
      <AgentRule name="Execution Agents">
      </AgentRule>
    </Execution>
  </TestSettings>
  <Times creation="2011-06-15T01:21:19.7914515-07:00" queuing="2011-06-15T01:21:21.0175216-07:00" start="2011-06-15T01:21:21.0305224-07:00" finish="2011-06-15T01:21:21.5785537-07:00" />
  <ResultSummary outcome="Failed">
    <Counters total="1" executed="1" error="0" failed="1" timeout="0" aborted="0" inconclusive="0" passedButRunAborted="0" notRunnable="0" notExecuted="0" disconnected="0" warning="0" passed="0" completed="0" inProgress="0" pending="0" />
  </ResultSummary>
  <TestDefinitions>
    <UnitTest name="TestMeasurementTypeOne" storage="c:\users\william\documents\visual studio 2010\tddmurachsbook\hexvitalswithtests\hexagonvitals02\hexagonvitals.test\bin\debug\hexagonvitals.test.dll" id="7b1443d7-4392-3d99-deb6-1ed8e014d6a3">
      <Execution id="b7d9b7e0-0576-42c7-9f30-228de83c98c1" />
      <TestMethod codeBase="C:/Users/William/Documents/Visual Studio 2010/TDDMurachsBook/HexVitalsWithTests/HexagonVitals02/Hexagonvitals.Test/bin/Debug/Hexagonvitals.Test.DLL" adapterTypeName="Microsoft.VisualStudio.TestTools.TestTypes.Unit.UnitTestAdapter, Microsoft.VisualStudio.QualityTools.Tips.UnitTest.Adapter, Version=10.0.0.0, Culture=neutral, PublicKeyToken=b03f5f7f11d50a3a" className="Hexagonvitals.Test.HexVitalsTest, Hexagonvitals.Test, Version=1.0.0.0, Culture=neutral, PublicKeyToken=null" name="TestMeasurementTypeOne" />
    </UnitTest>
  </TestDefinitions>
  <TestLists>
    <TestList name="Results Not in a List" id="8c84fa94-04c1-424b-9868-57a2d4851a1d" />
    <TestList name="All Loaded Results" id="19431567-8539-422a-85d7-44ee4e166bda" />
  </TestLists>
  <TestEntries>
    <TestEntry testId="7b1443d7-4392-3d99-deb6-1ed8e014d6a3" executionId="b7d9b7e0-0576-42c7-9f30-228de83c98c1" testListId="8c84fa94-04c1-424b-9868-57a2d4851a1d" />
  </TestEntries>
  <Results>
    <UnitTestResult executionId="b7d9b7e0-0576-42c7-9f30-228de83c98c1" testId="7b1443d7-4392-3d99-deb6-1ed8e014d6a3" testName="TestMeasurementTypeOne" computerName="CPT_CARROT" duration="00:00:00.0952514" startTime="2011-06-15T01:21:21.1105269-07:00" endTime="2011-06-15T01:21:21.5405515-07:00" testType="13cdc9d9-ddb5-4fa4-a97d-d965ccfc6d4b" outcome="Failed" testListId="8c84fa94-04c1-424b-9868-57a2d4851a1d" relativeResultsDirectory="b7d9b7e0-0576-42c7-9f30-228de83c98c1">
      <Output>
        <ErrorInfo>
          <Message>Test method Hexagonvitals.Test.HexVitalsTest.TestMeasurementTypeOne threw exception: 
ApprovalTests.Core.Exceptions.ApprovalMismatchException: Failed Approval: Received file C:\Users\William\Documents\Visual Studio 2010\TDDMurachsBook\HexVitalsWithTests\HexagonVitals02\Hexagonvitals.Test\HexVitalsTest.TestMeasurementTypeOne.received.txt does not match approved file C:\Users\William\Documents\Visual Studio 2010\TDDMurachsBook\HexVitalsWithTests\HexagonVitals02\Hexagonvitals.Test\HexVitalsTest.TestMeasurementTypeOne.approved.txt.</Message>
          <StackTrace>    at ApprovalTests.Approvers.FileApprover.Fail()
   at ApprovalTests.Core.Approvals.Approve(IApprovalApprover approver, IApprovalFailureReporter reporter)
   at ApprovalTests.Approvals.Approve(IApprovalWriter writer, IApprovalNamer namer, IApprovalFailureReporter reporter)
   at ApprovalTests.Approvals.Approve(String text)
   at Hexagonvitals.Test.HexVitalsTest.TestMeasurementTypeOne() in C:\Users\William\Documents\Visual Studio 2010\TDDMurachsBook\HexVitalsWithTests\HexagonVitals02\Hexagonvitals.Test\HexVitalsTest.cs:line 25
</StackTrace>
        </ErrorInfo>
      </Output>
    </UnitTestResult>
  </Results>
</TestRun>