<?xml version="1.0" encoding="UTF-8"?>
<TestRun id="603df216-ad87-41b5-890e-af6c69b7dfba" name="William@CPT_CARROT 2011-06-15 06:53:22" runUser="Cpt_Carrot\William" xmlns="http://microsoft.com/schemas/VisualStudio/TeamTest/2010">
  <TestSettings name="Local" id="c2a6f356-a881-46ce-9115-08dfffbbf9f7">
    <Description>These are default test settings for a local test run.</Description>
    <Deployment enabled="false" runDeploymentRoot="William_CPT_CARROT 2011-06-15 06_53_22">
      <DeploymentItem filename="C:\Users\William\Documents\Visual Studio 2010\TDDMurachsBook\HexVitalsWithTests\HexagonVitals02\Hexagonvitals.Test\ApprovalTests.dll" />
      <DeploymentItem filename="C:\Users\William\Documents\Visual Studio 2010\TDDMurachsBook\HexVitalsWithTests\HexagonVitals02\HexagonVitals01\bin\Debug\HexagonVitals01.exe" />
    </Deployment>
    <Execution>
      <TestTypeSpecific />
      <AgentRule name="Execution Agents">
      </AgentRule>
    </Execution>
  </TestSettings>
  <Times creation="2011-06-15T06:53:22.4806293-07:00" queuing="2011-06-15T06:53:23.9077110-07:00" start="2011-06-15T06:53:24.0367183-07:00" finish="2011-06-15T06:53:24.6677544-07:00" />
  <ResultSummary outcome="Completed">
    <Counters total="7" executed="7" passed="7" error="0" failed="0" timeout="0" aborted="0" inconclusive="0" passedButRunAborted="0" notRunnable="0" notExecuted="0" disconnected="0" warning="0" completed="0" inProgress="0" pending="0" />
  </ResultSummary>
  <TestDefinitions>
    <UnitTest name="TestMeasurementTypeZero" storage="c:\users\william\documents\visual studio 2010\tddmurachsbook\hexvitalswithtests\hexagonvitals02\hexagonvitals.test\bin\debug\hexagonvitals.test.dll" id="756806fc-abd7-5e06-7fd4-462e6fd2c5bb">
      <Execution id="19263f4a-b63f-40da-9e63-c25f1464b1c0" />
      <TestMethod codeBase="C:/Users/William/Documents/Visual Studio 2010/TDDMurachsBook/HexVitalsWithTests/HexagonVitals02/Hexagonvitals.Test/bin/Debug/Hexagonvitals.Test.DLL" adapterTypeName="Microsoft.VisualStudio.TestTools.TestTypes.Unit.UnitTestAdapter, Microsoft.VisualStudio.QualityTools.Tips.UnitTest.Adapter, Version=10.0.0.0, Culture=neutral, PublicKeyToken=b03f5f7f11d50a3a" className="Hexagonvitals.Test.HexVitalsTest, Hexagonvitals.Test, Version=1.0.0.0, Culture=neutral, PublicKeyToken=null" name="TestMeasurementTypeZero" />
    </UnitTest>
    <UnitTest name="TestMeasurementTypeThree" storage="c:\users\william\documents\visual studio 2010\tddmurachsbook\hexvitalswithtests\hexagonvitals02\hexagonvitals.test\bin\debug\hexagonvitals.test.dll" id="1be4b2fe-7b61-a0f3-8a7c-e9be00bcfc25">
      <Execution id="63476d4d-8ff3-4bed-be2c-fe68b456bc54" />
      <TestMethod codeBase="C:/Users/William/Documents/Visual Studio 2010/TDDMurachsBook/HexVitalsWithTests/HexagonVitals02/Hexagonvitals.Test/bin/Debug/Hexagonvitals.Test.DLL" adapterTypeName="Microsoft.VisualStudio.TestTools.TestTypes.Unit.UnitTestAdapter, Microsoft.VisualStudio.QualityTools.Tips.UnitTest.Adapter, Version=10.0.0.0, Culture=neutral, PublicKeyToken=b03f5f7f11d50a3a" className="Hexagonvitals.Test.HexVitalsTest, Hexagonvitals.Test, Version=1.0.0.0, Culture=neutral, PublicKeyToken=null" name="TestMeasurementTypeThree" />
    </UnitTest>
    <UnitTest name="TestMeasurementTypeFive" storage="c:\users\william\documents\visual studio 2010\tddmurachsbook\hexvitalswithtests\hexagonvitals02\hexagonvitals.test\bin\debug\hexagonvitals.test.dll" id="43ac6133-40cb-1c47-390d-db50ffe794aa">
      <Execution id="03f16940-fc4a-4ea7-aa86-03b9459c2ebe" />
      <TestMethod codeBase="C:/Users/William/Documents/Visual Studio 2010/TDDMurachsBook/HexVitalsWithTests/HexagonVitals02/Hexagonvitals.Test/bin/Debug/Hexagonvitals.Test.DLL" adapterTypeName="Microsoft.VisualStudio.TestTools.TestTypes.Unit.UnitTestAdapter, Microsoft.VisualStudio.QualityTools.Tips.UnitTest.Adapter, Version=10.0.0.0, Culture=neutral, PublicKeyToken=b03f5f7f11d50a3a" className="Hexagonvitals.Test.HexVitalsTest, Hexagonvitals.Test, Version=1.0.0.0, Culture=neutral, PublicKeyToken=null" name="TestMeasurementTypeFive" />
    </UnitTest>
    <UnitTest name="TestMeasurementTypeSix" storage="c:\users\william\documents\visual studio 2010\tddmurachsbook\hexvitalswithtests\hexagonvitals02\hexagonvitals.test\bin\debug\hexagonvitals.test.dll" id="03271c33-0945-33ae-2bea-834454680095">
      <Execution id="5a583bd9-9ddd-414a-8242-b207fa8f4353" />
      <TestMethod codeBase="C:/Users/William/Documents/Visual Studio 2010/TDDMurachsBook/HexVitalsWithTests/HexagonVitals02/Hexagonvitals.Test/bin/Debug/Hexagonvitals.Test.DLL" adapterTypeName="Microsoft.VisualStudio.TestTools.TestTypes.Unit.UnitTestAdapter, Microsoft.VisualStudio.QualityTools.Tips.UnitTest.Adapter, Version=10.0.0.0, Culture=neutral, PublicKeyToken=b03f5f7f11d50a3a" className="Hexagonvitals.Test.HexVitalsTest, Hexagonvitals.Test, Version=1.0.0.0, Culture=neutral, PublicKeyToken=null" name="TestMeasurementTypeSix" />
    </UnitTest>
    <UnitTest name="TestMeasurementTypeOne" storage="c:\users\william\documents\visual studio 2010\tddmurachsbook\hexvitalswithtests\hexagonvitals02\hexagonvitals.test\bin\debug\hexagonvitals.test.dll" id="7b1443d7-4392-3d99-deb6-1ed8e014d6a3">
      <Execution id="3352d8a6-7eab-48f9-b937-ee014ada85bf" />
      <TestMethod codeBase="C:/Users/William/Documents/Visual Studio 2010/TDDMurachsBook/HexVitalsWithTests/HexagonVitals02/Hexagonvitals.Test/bin/Debug/Hexagonvitals.Test.DLL" adapterTypeName="Microsoft.VisualStudio.TestTools.TestTypes.Unit.UnitTestAdapter, Microsoft.VisualStudio.QualityTools.Tips.UnitTest.Adapter, Version=10.0.0.0, Culture=neutral, PublicKeyToken=b03f5f7f11d50a3a" className="Hexagonvitals.Test.HexVitalsTest, Hexagonvitals.Test, Version=1.0.0.0, Culture=neutral, PublicKeyToken=null" name="TestMeasurementTypeOne" />
    </UnitTest>
    <UnitTest name="TestMeasurementTypeFour" storage="c:\users\william\documents\visual studio 2010\tddmurachsbook\hexvitalswithtests\hexagonvitals02\hexagonvitals.test\bin\debug\hexagonvitals.test.dll" id="45248b92-6dd3-e46d-104b-b1aeb363c5fd">
      <Execution id="300990a6-d6f0-4152-9fe5-ccdb8fa9faf2" />
      <TestMethod codeBase="C:/Users/William/Documents/Visual Studio 2010/TDDMurachsBook/HexVitalsWithTests/HexagonVitals02/Hexagonvitals.Test/bin/Debug/Hexagonvitals.Test.DLL" adapterTypeName="Microsoft.VisualStudio.TestTools.TestTypes.Unit.UnitTestAdapter, Microsoft.VisualStudio.QualityTools.Tips.UnitTest.Adapter, Version=10.0.0.0, Culture=neutral, PublicKeyToken=b03f5f7f11d50a3a" className="Hexagonvitals.Test.HexVitalsTest, Hexagonvitals.Test, Version=1.0.0.0, Culture=neutral, PublicKeyToken=null" name="TestMeasurementTypeFour" />
    </UnitTest>
    <UnitTest name="TestMeasurementTypeTwo" storage="c:\users\william\documents\visual studio 2010\tddmurachsbook\hexvitalswithtests\hexagonvitals02\hexagonvitals.test\bin\debug\hexagonvitals.test.dll" id="9ee2242d-4c72-8f56-56b6-a593f63b8a6c">
      <Execution id="da67661f-cb74-43e5-9f2c-f5aca9cbb409" />
      <TestMethod codeBase="C:/Users/William/Documents/Visual Studio 2010/TDDMurachsBook/HexVitalsWithTests/HexagonVitals02/Hexagonvitals.Test/bin/Debug/Hexagonvitals.Test.DLL" adapterTypeName="Microsoft.VisualStudio.TestTools.TestTypes.Unit.UnitTestAdapter, Microsoft.VisualStudio.QualityTools.Tips.UnitTest.Adapter, Version=10.0.0.0, Culture=neutral, PublicKeyToken=b03f5f7f11d50a3a" className="Hexagonvitals.Test.HexVitalsTest, Hexagonvitals.Test, Version=1.0.0.0, Culture=neutral, PublicKeyToken=null" name="TestMeasurementTypeTwo" />
    </UnitTest>
  </TestDefinitions>
  <TestLists>
    <TestList name="Results Not in a List" id="8c84fa94-04c1-424b-9868-57a2d4851a1d" />
    <TestList name="All Loaded Results" id="19431567-8539-422a-85d7-44ee4e166bda" />
  </TestLists>
  <TestEntries>
    <TestEntry testId="03271c33-0945-33ae-2bea-834454680095" executionId="5a583bd9-9ddd-414a-8242-b207fa8f4353" testListId="8c84fa94-04c1-424b-9868-57a2d4851a1d" />
    <TestEntry testId="1be4b2fe-7b61-a0f3-8a7c-e9be00bcfc25" executionId="63476d4d-8ff3-4bed-be2c-fe68b456bc54" testListId="8c84fa94-04c1-424b-9868-57a2d4851a1d" />
    <TestEntry testId="43ac6133-40cb-1c47-390d-db50ffe794aa" executionId="03f16940-fc4a-4ea7-aa86-03b9459c2ebe" testListId="8c84fa94-04c1-424b-9868-57a2d4851a1d" />
    <TestEntry testId="45248b92-6dd3-e46d-104b-b1aeb363c5fd" executionId="300990a6-d6f0-4152-9fe5-ccdb8fa9faf2" testListId="8c84fa94-04c1-424b-9868-57a2d4851a1d" />
    <TestEntry testId="756806fc-abd7-5e06-7fd4-462e6fd2c5bb" executionId="19263f4a-b63f-40da-9e63-c25f1464b1c0" testListId="8c84fa94-04c1-424b-9868-57a2d4851a1d" />
    <TestEntry testId="7b1443d7-4392-3d99-deb6-1ed8e014d6a3" executionId="3352d8a6-7eab-48f9-b937-ee014ada85bf" testListId="8c84fa94-04c1-424b-9868-57a2d4851a1d" />
    <TestEntry testId="9ee2242d-4c72-8f56-56b6-a593f63b8a6c" executionId="da67661f-cb74-43e5-9f2c-f5aca9cbb409" testListId="8c84fa94-04c1-424b-9868-57a2d4851a1d" />
  </TestEntries>
  <Results>
    <UnitTestResult executionId="5a583bd9-9ddd-414a-8242-b207fa8f4353" testId="03271c33-0945-33ae-2bea-834454680095" testName="TestMeasurementTypeSix" computerName="CPT_CARROT" duration="00:00:00.0503880" startTime="2011-06-15T06:53:24.0757206-07:00" endTime="2011-06-15T06:53:24.5277464-07:00" testType="13cdc9d9-ddb5-4fa4-a97d-d965ccfc6d4b" outcome="Passed" testListId="8c84fa94-04c1-424b-9868-57a2d4851a1d" relativeResultsDirectory="5a583bd9-9ddd-414a-8242-b207fa8f4353">
    </UnitTestResult>
    <UnitTestResult executionId="63476d4d-8ff3-4bed-be2c-fe68b456bc54" testId="1be4b2fe-7b61-a0f3-8a7c-e9be00bcfc25" testName="TestMeasurementTypeThree" computerName="CPT_CARROT" duration="00:00:00.0046209" startTime="2011-06-15T06:53:24.5337468-07:00" endTime="2011-06-15T06:53:24.5507477-07:00" testType="13cdc9d9-ddb5-4fa4-a97d-d965ccfc6d4b" outcome="Passed" testListId="8c84fa94-04c1-424b-9868-57a2d4851a1d" relativeResultsDirectory="63476d4d-8ff3-4bed-be2c-fe68b456bc54">
    </UnitTestResult>
    <UnitTestResult executionId="03f16940-fc4a-4ea7-aa86-03b9459c2ebe" testId="43ac6133-40cb-1c47-390d-db50ffe794aa" testName="TestMeasurementTypeFive" computerName="CPT_CARROT" duration="00:00:00.0047241" startTime="2011-06-15T06:53:24.5547480-07:00" endTime="2011-06-15T06:53:24.5687488-07:00" testType="13cdc9d9-ddb5-4fa4-a97d-d965ccfc6d4b" outcome="Passed" testListId="8c84fa94-04c1-424b-9868-57a2d4851a1d" relativeResultsDirectory="03f16940-fc4a-4ea7-aa86-03b9459c2ebe">
    </UnitTestResult>
    <UnitTestResult executionId="300990a6-d6f0-4152-9fe5-ccdb8fa9faf2" testId="45248b92-6dd3-e46d-104b-b1aeb363c5fd" testName="TestMeasurementTypeFour" computerName="CPT_CARROT" duration="00:00:00.0047852" startTime="2011-06-15T06:53:24.5807495-07:00" endTime="2011-06-15T06:53:24.5957503-07:00" testType="13cdc9d9-ddb5-4fa4-a97d-d965ccfc6d4b" outcome="Passed" testListId="8c84fa94-04c1-424b-9868-57a2d4851a1d" relativeResultsDirectory="300990a6-d6f0-4152-9fe5-ccdb8fa9faf2">
    </UnitTestResult>
    <UnitTestResult executionId="19263f4a-b63f-40da-9e63-c25f1464b1c0" testId="756806fc-abd7-5e06-7fd4-462e6fd2c5bb" testName="TestMeasurementTypeZero" computerName="CPT_CARROT" duration="00:00:00.0049746" startTime="2011-06-15T06:53:24.5997505-07:00" endTime="2011-06-15T06:53:24.6107512-07:00" testType="13cdc9d9-ddb5-4fa4-a97d-d965ccfc6d4b" outcome="Passed" testListId="8c84fa94-04c1-424b-9868-57a2d4851a1d" relativeResultsDirectory="19263f4a-b63f-40da-9e63-c25f1464b1c0">
    </UnitTestResult>
    <UnitTestResult executionId="3352d8a6-7eab-48f9-b937-ee014ada85bf" testId="7b1443d7-4392-3d99-deb6-1ed8e014d6a3" testName="TestMeasurementTypeOne" computerName="CPT_CARROT" duration="00:00:00.0043079" startTime="2011-06-15T06:53:24.6147514-07:00" endTime="2011-06-15T06:53:24.6267521-07:00" testType="13cdc9d9-ddb5-4fa4-a97d-d965ccfc6d4b" outcome="Passed" testListId="8c84fa94-04c1-424b-9868-57a2d4851a1d" relativeResultsDirectory="3352d8a6-7eab-48f9-b937-ee014ada85bf">
    </UnitTestResult>
    <UnitTestResult executionId="da67661f-cb74-43e5-9f2c-f5aca9cbb409" testId="9ee2242d-4c72-8f56-56b6-a593f63b8a6c" testName="TestMeasurementTypeTwo" computerName="CPT_CARROT" duration="00:00:00.0043546" startTime="2011-06-15T06:53:24.6297523-07:00" endTime="2011-06-15T06:53:24.6407529-07:00" testType="13cdc9d9-ddb5-4fa4-a97d-d965ccfc6d4b" outcome="Passed" testListId="8c84fa94-04c1-424b-9868-57a2d4851a1d" relativeResultsDirectory="da67661f-cb74-43e5-9f2c-f5aca9cbb409">
    </UnitTestResult>
  </Results>
</TestRun>