<?xml version="1.0" encoding="UTF-8"?>
<TestRun id="48936239-9523-4507-96c5-99431c708286" name="wgetz@BACTESPC329 2011-08-09 12:53:56" runUser="BACTES\wgetz" xmlns="http://microsoft.com/schemas/VisualStudio/TeamTest/2010">
  <TestSettings name="Local" id="ad2497b7-727c-4c61-863e-8e14207e0d8e">
    <Description>These are default test settings for a local test run.</Description>
    <Deployment enabled="false" runDeploymentRoot="wgetz_BACTESPC329 2011-08-09 12_53_56" />
    <Execution>
      <TestTypeSpecific />
      <AgentRule name="Execution Agents">
      </AgentRule>
    </Execution>
  </TestSettings>
  <Times creation="2011-08-09T12:53:56.9847143-07:00" queuing="2011-08-09T12:53:57.2162618-07:00" start="2011-08-09T12:53:57.4169363-07:00" finish="2011-08-09T12:53:59.5008638-07:00" />
  <ResultSummary outcome="Failed">
    <Counters total="1" executed="1" error="0" failed="1" timeout="0" aborted="0" inconclusive="0" passedButRunAborted="0" notRunnable="0" notExecuted="0" disconnected="0" warning="0" passed="0" completed="0" inProgress="0" pending="0" />
  </ResultSummary>
  <TestDefinitions>
    <UnitTest name="TestDisplayWeaponStatistics" storage="c:\documents and settings\wgetz\experiments\itemsmith\itemsmithworkshop\itemsmithworkshop\bin\debug\itemsmithworkshop.dll" id="788701b4-3db0-dd01-e07a-c6f7afb82ead">
      <Execution timeOut="1800000" id="6459d96c-1b6e-4bbe-9be6-824dd8e5fc87" />
      <TestMethod codeBase="C:/Documents and Settings/wgetz/Experiments/ItemSmith/ItemSmithWorkShop/ItemSmithWorkShop/bin/Debug/ItemSmithWorkShop.DLL" adapterTypeName="Microsoft.VisualStudio.TestTools.TestTypes.Unit.UnitTestAdapter, Microsoft.VisualStudio.QualityTools.Tips.UnitTest.Adapter, Version=10.0.0.0, Culture=neutral, PublicKeyToken=b03f5f7f11d50a3a" className="ItemSmith.WeaponTests, ItemSmithWorkShop, Version=1.0.0.0, Culture=neutral, PublicKeyToken=null" name="TestDisplayWeaponStatistics" />
    </UnitTest>
  </TestDefinitions>
  <TestLists>
    <TestList name="Results Not in a List" id="8c84fa94-04c1-424b-9868-57a2d4851a1d" />
    <TestList name="All Loaded Results" id="19431567-8539-422a-85d7-44ee4e166bda" />
  </TestLists>
  <TestEntries>
    <TestEntry testId="788701b4-3db0-dd01-e07a-c6f7afb82ead" executionId="6459d96c-1b6e-4bbe-9be6-824dd8e5fc87" testListId="8c84fa94-04c1-424b-9868-57a2d4851a1d" />
  </TestEntries>
  <Results>
    <UnitTestResult executionId="6459d96c-1b6e-4bbe-9be6-824dd8e5fc87" testId="788701b4-3db0-dd01-e07a-c6f7afb82ead" testName="TestDisplayWeaponStatistics" computerName="BACTESPC329" duration="00:00:00.1821756" startTime="2011-08-09T12:53:59.1921338-07:00" endTime="2011-08-09T12:53:59.4236813-07:00" testType="13cdc9d9-ddb5-4fa4-a97d-d965ccfc6d4b" outcome="Failed" testListId="8c84fa94-04c1-424b-9868-57a2d4851a1d" relativeResultsDirectory="6459d96c-1b6e-4bbe-9be6-824dd8e5fc87">
      <Output>
        <StdOut>move /Y "C:\Documents and Settings\wgetz\Experiments\ItemSmith\ItemSmithWorkShop\ItemSmithWorkShop\WeaponTests.TestDisplayWeaponStatistics.received.txt" "C:\Documents and Settings\wgetz\Experiments\ItemSmith\ItemSmithWorkShop\ItemSmithWorkShop\WeaponTests.TestDisplayWeaponStatistics.approved.txt"</StdOut>
        <DebugTrace>move /Y "C:\Documents and Settings\wgetz\Experiments\ItemSmith\ItemSmithWorkShop\ItemSmithWorkShop\WeaponTests.TestDisplayWeaponStatistics.received.txt" "C:\Documents and Settings\wgetz\Experiments\ItemSmith\ItemSmithWorkShop\ItemSmithWorkShop\WeaponTests.TestDisplayWeaponStatistics.approved.txt"
</DebugTrace>
        <ErrorInfo>
          <Message>Test method ItemSmith.WeaponTests.TestDisplayWeaponStatistics threw exception: 
ApprovalTests.Core.Exceptions.ApprovalMismatchException: Failed Approval: Received file C:\Documents and Settings\wgetz\Experiments\ItemSmith\ItemSmithWorkShop\ItemSmithWorkShop\WeaponTests.TestDisplayWeaponStatistics.received.txt does not match approved file C:\Documents and Settings\wgetz\Experiments\ItemSmith\ItemSmithWorkShop\ItemSmithWorkShop\WeaponTests.TestDisplayWeaponStatistics.approved.txt.</Message>
          <StackTrace>    at ApprovalTests.Approvers.FileApprover.Fail()
   at ApprovalTests.Core.Approvals.Approve(IApprovalApprover approver, IApprovalFailureReporter reporter)
   at ApprovalTests.Approvals.Approve(IApprovalWriter writer, IApprovalNamer namer, IApprovalFailureReporter reporter)
   at ApprovalTests.Approvals.Approve(IApprovalWriter writer)
   at ApprovalTests.Approvals.Approve(Object text)
   at ItemSmith.WeaponTests.TestDisplayWeaponStatistics() in C:\Documents and Settings\wgetz\Experiments\ItemSmith\ItemSmithWorkShop\ItemSmithWorkShop\WeaponTest.cs:line 62
</StackTrace>
        </ErrorInfo>
      </Output>
    </UnitTestResult>
  </Results>
</TestRun>