<?xml version="1.0" encoding="UTF-8"?>
<TestRun id="57722341-c829-4f9b-9641-a52326d8675f" name="wgetz@BACTESPC329 2011-08-09 13:19:54" runUser="BACTES\wgetz" xmlns="http://microsoft.com/schemas/VisualStudio/TeamTest/2010">
  <TestSettings name="Local" id="ad2497b7-727c-4c61-863e-8e14207e0d8e">
    <Description>These are default test settings for a local test run.</Description>
    <Deployment enabled="false" runDeploymentRoot="wgetz_BACTESPC329 2011-08-09 13_19_54" />
    <Execution>
      <TestTypeSpecific />
      <AgentRule name="Execution Agents">
      </AgentRule>
    </Execution>
  </TestSettings>
  <Times creation="2011-08-09T13:19:54.9052576-07:00" queuing="2011-08-09T13:19:55.1390341-07:00" start="2011-08-09T13:19:55.3572255-07:00" finish="2011-08-09T13:19:55.8403636-07:00" />
  <ResultSummary outcome="Failed">
    <Counters total="13" executed="13" passed="12" error="0" failed="1" timeout="0" aborted="0" inconclusive="0" passedButRunAborted="0" notRunnable="0" notExecuted="0" disconnected="0" warning="0" completed="0" inProgress="0" pending="0" />
  </ResultSummary>
  <TestDefinitions>
    <UnitTest name="TestNotMasterworkWeapon" storage="c:\documents and settings\wgetz\experiments\itemsmith\itemsmithworkshop\itemsmithworkshop\bin\debug\itemsmithworkshop.dll" id="0941ecc6-892d-ef1d-852c-139d50879753">
      <Execution timeOut="1800000" id="be74b15e-554b-4524-b80c-4203e651a44f" />
      <TestMethod codeBase="C:/Documents and Settings/wgetz/Experiments/ItemSmith/ItemSmithWorkShop/ItemSmithWorkShop/bin/Debug/ItemSmithWorkShop.DLL" adapterTypeName="Microsoft.VisualStudio.TestTools.TestTypes.Unit.UnitTestAdapter, Microsoft.VisualStudio.QualityTools.Tips.UnitTest.Adapter, Version=10.0.0.0, Culture=neutral, PublicKeyToken=b03f5f7f11d50a3a" className="ItemSmith.WeaponTests, ItemSmithWorkShop, Version=1.0.0.0, Culture=neutral, PublicKeyToken=null" name="TestNotMasterworkWeapon" />
    </UnitTest>
    <UnitTest name="TestPlus1WeaponWithSpecialAbility" storage="c:\documents and settings\wgetz\experiments\itemsmith\itemsmithworkshop\itemsmithworkshop\bin\debug\itemsmithworkshop.dll" id="b5096b41-7bb0-bb12-693c-aad117aaa7b1">
      <Execution timeOut="1800000" id="85ffbb7c-fcca-43f2-a917-9553e2780aee" />
      <TestMethod codeBase="C:/Documents and Settings/wgetz/Experiments/ItemSmith/ItemSmithWorkShop/ItemSmithWorkShop/bin/Debug/ItemSmithWorkShop.DLL" adapterTypeName="Microsoft.VisualStudio.TestTools.TestTypes.Unit.UnitTestAdapter, Microsoft.VisualStudio.QualityTools.Tips.UnitTest.Adapter, Version=10.0.0.0, Culture=neutral, PublicKeyToken=b03f5f7f11d50a3a" className="ItemSmith.WeaponTests, ItemSmithWorkShop, Version=1.0.0.0, Culture=neutral, PublicKeyToken=null" name="TestPlus1WeaponWithSpecialAbility" />
    </UnitTest>
    <UnitTest name="TestCasterLevelToCreatePlus3Item" storage="c:\documents and settings\wgetz\experiments\itemsmith\itemsmithworkshop\itemsmithworkshop\bin\debug\itemsmithworkshop.dll" id="d4ddad11-1bc1-c1e8-60af-6fc4b047f596">
      <Execution timeOut="1800000" id="38fae897-521a-4ceb-a1ed-ec167389b69b" />
      <TestMethod codeBase="C:/Documents and Settings/wgetz/Experiments/ItemSmith/ItemSmithWorkShop/ItemSmithWorkShop/bin/Debug/ItemSmithWorkShop.DLL" adapterTypeName="Microsoft.VisualStudio.TestTools.TestTypes.Unit.UnitTestAdapter, Microsoft.VisualStudio.QualityTools.Tips.UnitTest.Adapter, Version=10.0.0.0, Culture=neutral, PublicKeyToken=b03f5f7f11d50a3a" className="ItemSmith.WeaponTests, ItemSmithWorkShop, Version=1.0.0.0, Culture=neutral, PublicKeyToken=null" name="TestCasterLevelToCreatePlus3Item" />
    </UnitTest>
    <UnitTest name="TestMasterworkWeapon" storage="c:\documents and settings\wgetz\experiments\itemsmith\itemsmithworkshop\itemsmithworkshop\bin\debug\itemsmithworkshop.dll" id="efb1cb0c-6efd-e41e-a96f-89bffa7df209">
      <Execution timeOut="1800000" id="a4862891-7709-43a5-ab8a-199cc835afec" />
      <TestMethod codeBase="C:/Documents and Settings/wgetz/Experiments/ItemSmith/ItemSmithWorkShop/ItemSmithWorkShop/bin/Debug/ItemSmithWorkShop.DLL" adapterTypeName="Microsoft.VisualStudio.TestTools.TestTypes.Unit.UnitTestAdapter, Microsoft.VisualStudio.QualityTools.Tips.UnitTest.Adapter, Version=10.0.0.0, Culture=neutral, PublicKeyToken=b03f5f7f11d50a3a" className="ItemSmith.WeaponTests, ItemSmithWorkShop, Version=1.0.0.0, Culture=neutral, PublicKeyToken=null" name="TestMasterworkWeapon" />
    </UnitTest>
    <UnitTest name="TestIsMagicWeaponPlus2" storage="c:\documents and settings\wgetz\experiments\itemsmith\itemsmithworkshop\itemsmithworkshop\bin\debug\itemsmithworkshop.dll" id="d10d34d2-061d-c328-7dff-648ec1d98774">
      <Execution timeOut="1800000" id="7eb43fc1-b619-4a02-9580-b55bef592780" />
      <TestMethod codeBase="C:/Documents and Settings/wgetz/Experiments/ItemSmith/ItemSmithWorkShop/ItemSmithWorkShop/bin/Debug/ItemSmithWorkShop.DLL" adapterTypeName="Microsoft.VisualStudio.TestTools.TestTypes.Unit.UnitTestAdapter, Microsoft.VisualStudio.QualityTools.Tips.UnitTest.Adapter, Version=10.0.0.0, Culture=neutral, PublicKeyToken=b03f5f7f11d50a3a" className="ItemSmith.WeaponTests, ItemSmithWorkShop, Version=1.0.0.0, Culture=neutral, PublicKeyToken=null" name="TestIsMagicWeaponPlus2" />
    </UnitTest>
    <UnitTest name="TestIsMagicWeaponPlus5" storage="c:\documents and settings\wgetz\experiments\itemsmith\itemsmithworkshop\itemsmithworkshop\bin\debug\itemsmithworkshop.dll" id="3d02fd7f-8d3f-94bd-4e09-0faab933d0ad">
      <Execution timeOut="1800000" id="585d7a6c-8e24-4c9a-be7f-ee747204b35e" />
      <TestMethod codeBase="C:/Documents and Settings/wgetz/Experiments/ItemSmith/ItemSmithWorkShop/ItemSmithWorkShop/bin/Debug/ItemSmithWorkShop.DLL" adapterTypeName="Microsoft.VisualStudio.TestTools.TestTypes.Unit.UnitTestAdapter, Microsoft.VisualStudio.QualityTools.Tips.UnitTest.Adapter, Version=10.0.0.0, Culture=neutral, PublicKeyToken=b03f5f7f11d50a3a" className="ItemSmith.WeaponTests, ItemSmithWorkShop, Version=1.0.0.0, Culture=neutral, PublicKeyToken=null" name="TestIsMagicWeaponPlus5" />
    </UnitTest>
    <UnitTest name="TestIsGenericMagicWeapon" storage="c:\documents and settings\wgetz\experiments\itemsmith\itemsmithworkshop\itemsmithworkshop\bin\debug\itemsmithworkshop.dll" id="8879c8c4-14cc-da5e-6a49-d167c1f959f7">
      <Execution timeOut="1800000" id="1c1d9b8a-1f3a-4686-8ca3-818435a8fe97" />
      <TestMethod codeBase="C:/Documents and Settings/wgetz/Experiments/ItemSmith/ItemSmithWorkShop/ItemSmithWorkShop/bin/Debug/ItemSmithWorkShop.DLL" adapterTypeName="Microsoft.VisualStudio.TestTools.TestTypes.Unit.UnitTestAdapter, Microsoft.VisualStudio.QualityTools.Tips.UnitTest.Adapter, Version=10.0.0.0, Culture=neutral, PublicKeyToken=b03f5f7f11d50a3a" className="ItemSmith.WeaponTests, ItemSmithWorkShop, Version=1.0.0.0, Culture=neutral, PublicKeyToken=null" name="TestIsGenericMagicWeapon" />
    </UnitTest>
    <UnitTest name="TestIsMagicWeaponPlus5TotalEnhancementIs10" storage="c:\documents and settings\wgetz\experiments\itemsmith\itemsmithworkshop\itemsmithworkshop\bin\debug\itemsmithworkshop.dll" id="e283cb07-da66-1879-0fe8-f2ab1121051d">
      <Execution timeOut="1800000" id="6e6ebe66-dafc-4171-93be-b0282a87ab09" />
      <TestMethod codeBase="C:/Documents and Settings/wgetz/Experiments/ItemSmith/ItemSmithWorkShop/ItemSmithWorkShop/bin/Debug/ItemSmithWorkShop.DLL" adapterTypeName="Microsoft.VisualStudio.TestTools.TestTypes.Unit.UnitTestAdapter, Microsoft.VisualStudio.QualityTools.Tips.UnitTest.Adapter, Version=10.0.0.0, Culture=neutral, PublicKeyToken=b03f5f7f11d50a3a" className="ItemSmith.WeaponTests, ItemSmithWorkShop, Version=1.0.0.0, Culture=neutral, PublicKeyToken=null" name="TestIsMagicWeaponPlus5TotalEnhancementIs10" />
    </UnitTest>
    <UnitTest name="TestIsMagicIsNotMasterworkWeapon" storage="c:\documents and settings\wgetz\experiments\itemsmith\itemsmithworkshop\itemsmithworkshop\bin\debug\itemsmithworkshop.dll" id="0d9f71f5-22b7-78ca-3bb4-0ded159f8bd3">
      <Execution timeOut="1800000" id="171d1809-5467-4425-b673-2080002a340e" />
      <TestMethod codeBase="C:/Documents and Settings/wgetz/Experiments/ItemSmith/ItemSmithWorkShop/ItemSmithWorkShop/bin/Debug/ItemSmithWorkShop.DLL" adapterTypeName="Microsoft.VisualStudio.TestTools.TestTypes.Unit.UnitTestAdapter, Microsoft.VisualStudio.QualityTools.Tips.UnitTest.Adapter, Version=10.0.0.0, Culture=neutral, PublicKeyToken=b03f5f7f11d50a3a" className="ItemSmith.WeaponTests, ItemSmithWorkShop, Version=1.0.0.0, Culture=neutral, PublicKeyToken=null" name="TestIsMagicIsNotMasterworkWeapon" />
    </UnitTest>
    <UnitTest name="TestPlus3WeaponDaysToCreate" storage="c:\documents and settings\wgetz\experiments\itemsmith\itemsmithworkshop\itemsmithworkshop\bin\debug\itemsmithworkshop.dll" id="54739ee5-a958-3974-46b3-0f1f453bb85b">
      <Execution timeOut="1800000" id="4ac51590-2f93-4941-bdb6-fcaaa6e9c3fe" />
      <TestMethod codeBase="C:/Documents and Settings/wgetz/Experiments/ItemSmith/ItemSmithWorkShop/ItemSmithWorkShop/bin/Debug/ItemSmithWorkShop.DLL" adapterTypeName="Microsoft.VisualStudio.TestTools.TestTypes.Unit.UnitTestAdapter, Microsoft.VisualStudio.QualityTools.Tips.UnitTest.Adapter, Version=10.0.0.0, Culture=neutral, PublicKeyToken=b03f5f7f11d50a3a" className="ItemSmith.WeaponTests, ItemSmithWorkShop, Version=1.0.0.0, Culture=neutral, PublicKeyToken=null" name="TestPlus3WeaponDaysToCreate" />
    </UnitTest>
    <UnitTest name="TestIsMagicWeaponPlus3" storage="c:\documents and settings\wgetz\experiments\itemsmith\itemsmithworkshop\itemsmithworkshop\bin\debug\itemsmithworkshop.dll" id="872c6a5b-1abc-eb7b-33b6-6e8fce764164">
      <Execution timeOut="1800000" id="be756968-b99c-45df-9383-68cdb7008d72" />
      <TestMethod codeBase="C:/Documents and Settings/wgetz/Experiments/ItemSmith/ItemSmithWorkShop/ItemSmithWorkShop/bin/Debug/ItemSmithWorkShop.DLL" adapterTypeName="Microsoft.VisualStudio.TestTools.TestTypes.Unit.UnitTestAdapter, Microsoft.VisualStudio.QualityTools.Tips.UnitTest.Adapter, Version=10.0.0.0, Culture=neutral, PublicKeyToken=b03f5f7f11d50a3a" className="ItemSmith.WeaponTests, ItemSmithWorkShop, Version=1.0.0.0, Culture=neutral, PublicKeyToken=null" name="TestIsMagicWeaponPlus3" />
    </UnitTest>
    <UnitTest name="TestItemName" storage="c:\documents and settings\wgetz\experiments\itemsmith\itemsmithworkshop\itemsmithworkshop\bin\debug\itemsmithworkshop.dll" id="2489d3dd-5ff4-d85f-bb90-6c0b54df9f6b">
      <Execution timeOut="1800000" id="c8b2d7d3-bb8b-46af-b9bf-8a02aba7e69e" />
      <TestMethod codeBase="C:/Documents and Settings/wgetz/Experiments/ItemSmith/ItemSmithWorkShop/ItemSmithWorkShop/bin/Debug/ItemSmithWorkShop.DLL" adapterTypeName="Microsoft.VisualStudio.TestTools.TestTypes.Unit.UnitTestAdapter, Microsoft.VisualStudio.QualityTools.Tips.UnitTest.Adapter, Version=10.0.0.0, Culture=neutral, PublicKeyToken=b03f5f7f11d50a3a" className="ItemSmith.WeaponTests, ItemSmithWorkShop, Version=1.0.0.0, Culture=neutral, PublicKeyToken=null" name="TestItemName" />
    </UnitTest>
    <UnitTest name="TestDisplayWeaponStatistics" storage="c:\documents and settings\wgetz\experiments\itemsmith\itemsmithworkshop\itemsmithworkshop\bin\debug\itemsmithworkshop.dll" id="788701b4-3db0-dd01-e07a-c6f7afb82ead">
      <Execution timeOut="1800000" id="551c1ac9-38e5-49b4-ad55-84f49277ffcb" />
      <TestMethod codeBase="C:/Documents and Settings/wgetz/Experiments/ItemSmith/ItemSmithWorkShop/ItemSmithWorkShop/bin/Debug/ItemSmithWorkShop.DLL" adapterTypeName="Microsoft.VisualStudio.TestTools.TestTypes.Unit.UnitTestAdapter, Microsoft.VisualStudio.QualityTools.Tips.UnitTest.Adapter, Version=10.0.0.0, Culture=neutral, PublicKeyToken=b03f5f7f11d50a3a" className="ItemSmith.WeaponTests, ItemSmithWorkShop, Version=1.0.0.0, Culture=neutral, PublicKeyToken=null" name="TestDisplayWeaponStatistics" />
    </UnitTest>
  </TestDefinitions>
  <TestLists>
    <TestList name="Results Not in a List" id="8c84fa94-04c1-424b-9868-57a2d4851a1d" />
    <TestList name="All Loaded Results" id="19431567-8539-422a-85d7-44ee4e166bda" />
  </TestLists>
  <TestEntries>
    <TestEntry testId="d4ddad11-1bc1-c1e8-60af-6fc4b047f596" executionId="38fae897-521a-4ceb-a1ed-ec167389b69b" testListId="8c84fa94-04c1-424b-9868-57a2d4851a1d" />
    <TestEntry testId="788701b4-3db0-dd01-e07a-c6f7afb82ead" executionId="551c1ac9-38e5-49b4-ad55-84f49277ffcb" testListId="8c84fa94-04c1-424b-9868-57a2d4851a1d" />
    <TestEntry testId="8879c8c4-14cc-da5e-6a49-d167c1f959f7" executionId="1c1d9b8a-1f3a-4686-8ca3-818435a8fe97" testListId="8c84fa94-04c1-424b-9868-57a2d4851a1d" />
    <TestEntry testId="0d9f71f5-22b7-78ca-3bb4-0ded159f8bd3" executionId="171d1809-5467-4425-b673-2080002a340e" testListId="8c84fa94-04c1-424b-9868-57a2d4851a1d" />
    <TestEntry testId="d10d34d2-061d-c328-7dff-648ec1d98774" executionId="7eb43fc1-b619-4a02-9580-b55bef592780" testListId="8c84fa94-04c1-424b-9868-57a2d4851a1d" />
    <TestEntry testId="872c6a5b-1abc-eb7b-33b6-6e8fce764164" executionId="be756968-b99c-45df-9383-68cdb7008d72" testListId="8c84fa94-04c1-424b-9868-57a2d4851a1d" />
    <TestEntry testId="3d02fd7f-8d3f-94bd-4e09-0faab933d0ad" executionId="585d7a6c-8e24-4c9a-be7f-ee747204b35e" testListId="8c84fa94-04c1-424b-9868-57a2d4851a1d" />
    <TestEntry testId="e283cb07-da66-1879-0fe8-f2ab1121051d" executionId="6e6ebe66-dafc-4171-93be-b0282a87ab09" testListId="8c84fa94-04c1-424b-9868-57a2d4851a1d" />
    <TestEntry testId="2489d3dd-5ff4-d85f-bb90-6c0b54df9f6b" executionId="c8b2d7d3-bb8b-46af-b9bf-8a02aba7e69e" testListId="8c84fa94-04c1-424b-9868-57a2d4851a1d" />
    <TestEntry testId="efb1cb0c-6efd-e41e-a96f-89bffa7df209" executionId="a4862891-7709-43a5-ab8a-199cc835afec" testListId="8c84fa94-04c1-424b-9868-57a2d4851a1d" />
    <TestEntry testId="0941ecc6-892d-ef1d-852c-139d50879753" executionId="be74b15e-554b-4524-b80c-4203e651a44f" testListId="8c84fa94-04c1-424b-9868-57a2d4851a1d" />
    <TestEntry testId="b5096b41-7bb0-bb12-693c-aad117aaa7b1" executionId="85ffbb7c-fcca-43f2-a917-9553e2780aee" testListId="8c84fa94-04c1-424b-9868-57a2d4851a1d" />
    <TestEntry testId="54739ee5-a958-3974-46b3-0f1f453bb85b" executionId="4ac51590-2f93-4941-bdb6-fcaaa6e9c3fe" testListId="8c84fa94-04c1-424b-9868-57a2d4851a1d" />
  </TestEntries>
  <Results>
    <UnitTestResult executionId="38fae897-521a-4ceb-a1ed-ec167389b69b" testId="d4ddad11-1bc1-c1e8-60af-6fc4b047f596" testName="TestCasterLevelToCreatePlus3Item" computerName="BACTESPC329" duration="00:00:00.0416970" startTime="2011-08-09T13:19:55.4351510-07:00" endTime="2011-08-09T13:19:55.5442467-07:00" testType="13cdc9d9-ddb5-4fa4-a97d-d965ccfc6d4b" outcome="Passed" testListId="8c84fa94-04c1-424b-9868-57a2d4851a1d" relativeResultsDirectory="38fae897-521a-4ceb-a1ed-ec167389b69b">
    </UnitTestResult>
    <UnitTestResult executionId="551c1ac9-38e5-49b4-ad55-84f49277ffcb" testId="788701b4-3db0-dd01-e07a-c6f7afb82ead" testName="TestDisplayWeaponStatistics" computerName="BACTESPC329" duration="00:00:00.0041099" startTime="2011-08-09T13:19:55.5442467-07:00" endTime="2011-08-09T13:19:55.5598318-07:00" testType="13cdc9d9-ddb5-4fa4-a97d-d965ccfc6d4b" outcome="Passed" testListId="8c84fa94-04c1-424b-9868-57a2d4851a1d" relativeResultsDirectory="551c1ac9-38e5-49b4-ad55-84f49277ffcb">
    </UnitTestResult>
    <UnitTestResult executionId="1c1d9b8a-1f3a-4686-8ca3-818435a8fe97" testId="8879c8c4-14cc-da5e-6a49-d167c1f959f7" testName="TestIsGenericMagicWeapon" computerName="BACTESPC329" duration="00:00:00.0042767" startTime="2011-08-09T13:19:55.5598318-07:00" endTime="2011-08-09T13:19:55.5598318-07:00" testType="13cdc9d9-ddb5-4fa4-a97d-d965ccfc6d4b" outcome="Passed" testListId="8c84fa94-04c1-424b-9868-57a2d4851a1d" relativeResultsDirectory="1c1d9b8a-1f3a-4686-8ca3-818435a8fe97">
    </UnitTestResult>
    <UnitTestResult executionId="171d1809-5467-4425-b673-2080002a340e" testId="0d9f71f5-22b7-78ca-3bb4-0ded159f8bd3" testName="TestIsMagicIsNotMasterworkWeapon" computerName="BACTESPC329" duration="00:00:00.0040589" startTime="2011-08-09T13:19:55.5598318-07:00" endTime="2011-08-09T13:19:55.5754169-07:00" testType="13cdc9d9-ddb5-4fa4-a97d-d965ccfc6d4b" outcome="Passed" testListId="8c84fa94-04c1-424b-9868-57a2d4851a1d" relativeResultsDirectory="171d1809-5467-4425-b673-2080002a340e">
    </UnitTestResult>
    <UnitTestResult executionId="7eb43fc1-b619-4a02-9580-b55bef592780" testId="d10d34d2-061d-c328-7dff-648ec1d98774" testName="TestIsMagicWeaponPlus2" computerName="BACTESPC329" duration="00:00:00.0035903" startTime="2011-08-09T13:19:55.5754169-07:00" endTime="2011-08-09T13:19:55.5754169-07:00" testType="13cdc9d9-ddb5-4fa4-a97d-d965ccfc6d4b" outcome="Passed" testListId="8c84fa94-04c1-424b-9868-57a2d4851a1d" relativeResultsDirectory="7eb43fc1-b619-4a02-9580-b55bef592780">
    </UnitTestResult>
    <UnitTestResult executionId="be756968-b99c-45df-9383-68cdb7008d72" testId="872c6a5b-1abc-eb7b-33b6-6e8fce764164" testName="TestIsMagicWeaponPlus3" computerName="BACTESPC329" duration="00:00:00.0034815" startTime="2011-08-09T13:19:55.5754169-07:00" endTime="2011-08-09T13:19:55.5910020-07:00" testType="13cdc9d9-ddb5-4fa4-a97d-d965ccfc6d4b" outcome="Passed" testListId="8c84fa94-04c1-424b-9868-57a2d4851a1d" relativeResultsDirectory="be756968-b99c-45df-9383-68cdb7008d72">
    </UnitTestResult>
    <UnitTestResult executionId="585d7a6c-8e24-4c9a-be7f-ee747204b35e" testId="3d02fd7f-8d3f-94bd-4e09-0faab933d0ad" testName="TestIsMagicWeaponPlus5" computerName="BACTESPC329" duration="00:00:00.0033436" startTime="2011-08-09T13:19:55.5910020-07:00" endTime="2011-08-09T13:19:55.5910020-07:00" testType="13cdc9d9-ddb5-4fa4-a97d-d965ccfc6d4b" outcome="Passed" testListId="8c84fa94-04c1-424b-9868-57a2d4851a1d" relativeResultsDirectory="585d7a6c-8e24-4c9a-be7f-ee747204b35e">
    </UnitTestResult>
    <UnitTestResult executionId="6e6ebe66-dafc-4171-93be-b0282a87ab09" testId="e283cb07-da66-1879-0fe8-f2ab1121051d" testName="TestIsMagicWeaponPlus5TotalEnhancementIs10" computerName="BACTESPC329" duration="00:00:00.0037385" startTime="2011-08-09T13:19:55.5910020-07:00" endTime="2011-08-09T13:19:55.6065871-07:00" testType="13cdc9d9-ddb5-4fa4-a97d-d965ccfc6d4b" outcome="Passed" testListId="8c84fa94-04c1-424b-9868-57a2d4851a1d" relativeResultsDirectory="6e6ebe66-dafc-4171-93be-b0282a87ab09">
    </UnitTestResult>
    <UnitTestResult executionId="c8b2d7d3-bb8b-46af-b9bf-8a02aba7e69e" testId="2489d3dd-5ff4-d85f-bb90-6c0b54df9f6b" testName="TestItemName" computerName="BACTESPC329" duration="00:00:00.0036582" startTime="2011-08-09T13:19:55.6065871-07:00" endTime="2011-08-09T13:19:55.6065871-07:00" testType="13cdc9d9-ddb5-4fa4-a97d-d965ccfc6d4b" outcome="Passed" testListId="8c84fa94-04c1-424b-9868-57a2d4851a1d" relativeResultsDirectory="c8b2d7d3-bb8b-46af-b9bf-8a02aba7e69e">
    </UnitTestResult>
    <UnitTestResult executionId="a4862891-7709-43a5-ab8a-199cc835afec" testId="efb1cb0c-6efd-e41e-a96f-89bffa7df209" testName="TestMasterworkWeapon" computerName="BACTESPC329" duration="00:00:00.0038208" startTime="2011-08-09T13:19:55.6065871-07:00" endTime="2011-08-09T13:19:55.6065871-07:00" testType="13cdc9d9-ddb5-4fa4-a97d-d965ccfc6d4b" outcome="Passed" testListId="8c84fa94-04c1-424b-9868-57a2d4851a1d" relativeResultsDirectory="a4862891-7709-43a5-ab8a-199cc835afec">
    </UnitTestResult>
    <UnitTestResult executionId="be74b15e-554b-4524-b80c-4203e651a44f" testId="0941ecc6-892d-ef1d-852c-139d50879753" testName="TestNotMasterworkWeapon" computerName="BACTESPC329" duration="00:00:00.0039747" startTime="2011-08-09T13:19:55.6221722-07:00" endTime="2011-08-09T13:19:55.6221722-07:00" testType="13cdc9d9-ddb5-4fa4-a97d-d965ccfc6d4b" outcome="Passed" testListId="8c84fa94-04c1-424b-9868-57a2d4851a1d" relativeResultsDirectory="be74b15e-554b-4524-b80c-4203e651a44f">
    </UnitTestResult>
    <UnitTestResult executionId="85ffbb7c-fcca-43f2-a917-9553e2780aee" testId="b5096b41-7bb0-bb12-693c-aad117aaa7b1" testName="TestPlus1WeaponWithSpecialAbility" computerName="BACTESPC329" duration="00:00:00.1235599" startTime="2011-08-09T13:19:55.6221722-07:00" endTime="2011-08-09T13:19:55.7468530-07:00" testType="13cdc9d9-ddb5-4fa4-a97d-d965ccfc6d4b" outcome="Failed" testListId="8c84fa94-04c1-424b-9868-57a2d4851a1d" relativeResultsDirectory="85ffbb7c-fcca-43f2-a917-9553e2780aee">
      <Output>
        <StdOut>move /Y "C:\Documents and Settings\wgetz\Experiments\ItemSmith\ItemSmithWorkShop\ItemSmithWorkShop\WeaponTests.TestPlus1WeaponWithSpecialAbility.received.txt" "C:\Documents and Settings\wgetz\Experiments\ItemSmith\ItemSmithWorkShop\ItemSmithWorkShop\WeaponTests.TestPlus1WeaponWithSpecialAbility.approved.txt"</StdOut>
        <DebugTrace>move /Y "C:\Documents and Settings\wgetz\Experiments\ItemSmith\ItemSmithWorkShop\ItemSmithWorkShop\WeaponTests.TestPlus1WeaponWithSpecialAbility.received.txt" "C:\Documents and Settings\wgetz\Experiments\ItemSmith\ItemSmithWorkShop\ItemSmithWorkShop\WeaponTests.TestPlus1WeaponWithSpecialAbility.approved.txt"
</DebugTrace>
        <ErrorInfo>
          <Message>Test method ItemSmith.WeaponTests.TestPlus1WeaponWithSpecialAbility threw exception: 
ApprovalTests.Core.Exceptions.ApprovalMismatchException: Failed Approval: Received file C:\Documents and Settings\wgetz\Experiments\ItemSmith\ItemSmithWorkShop\ItemSmithWorkShop\WeaponTests.TestPlus1WeaponWithSpecialAbility.received.txt does not match approved file C:\Documents and Settings\wgetz\Experiments\ItemSmith\ItemSmithWorkShop\ItemSmithWorkShop\WeaponTests.TestPlus1WeaponWithSpecialAbility.approved.txt.</Message>
          <StackTrace>    at ApprovalTests.Approvers.FileApprover.Fail()
   at ApprovalTests.Core.Approvals.Approve(IApprovalApprover approver, IApprovalFailureReporter reporter)
   at ApprovalTests.Approvals.Approve(IApprovalWriter writer, IApprovalNamer namer, IApprovalFailureReporter reporter)
   at ApprovalTests.Approvals.Approve(IApprovalWriter writer)
   at ApprovalTests.Approvals.Approve(Object text)
   at ItemSmith.WeaponTests.TestPlus1WeaponWithSpecialAbility() in C:\Documents and Settings\wgetz\Experiments\ItemSmith\ItemSmithWorkShop\ItemSmithWorkShop\WeaponTest.cs:line 246
</StackTrace>
        </ErrorInfo>
      </Output>
    </UnitTestResult>
    <UnitTestResult executionId="4ac51590-2f93-4941-bdb6-fcaaa6e9c3fe" testId="54739ee5-a958-3974-46b3-0f1f453bb85b" testName="TestPlus3WeaponDaysToCreate" computerName="BACTESPC329" duration="00:00:00.0055596" startTime="2011-08-09T13:19:55.7624381-07:00" endTime="2011-08-09T13:19:55.7624381-07:00" testType="13cdc9d9-ddb5-4fa4-a97d-d965ccfc6d4b" outcome="Passed" testListId="8c84fa94-04c1-424b-9868-57a2d4851a1d" relativeResultsDirectory="4ac51590-2f93-4941-bdb6-fcaaa6e9c3fe">
    </UnitTestResult>
  </Results>
</TestRun>