<?xml version="1.0" encoding="UTF-8"?>
<TestRun id="b79d16d4-7a85-459c-862e-32f62098f703" name="wgetz@BACTESPC329 2011-08-09 13:18:31" runUser="BACTES\wgetz" xmlns="http://microsoft.com/schemas/VisualStudio/TeamTest/2010">
  <TestSettings name="Local" id="ad2497b7-727c-4c61-863e-8e14207e0d8e">
    <Description>These are default test settings for a local test run.</Description>
    <Deployment enabled="false" runDeploymentRoot="wgetz_BACTESPC329 2011-08-09 13_18_31" />
    <Execution>
      <TestTypeSpecific />
      <AgentRule name="Execution Agents">
      </AgentRule>
    </Execution>
  </TestSettings>
  <Times creation="2011-08-09T13:18:31.6184832-07:00" queuing="2011-08-09T13:18:31.8522597-07:00" start="2011-08-09T13:18:32.0548660-07:00" finish="2011-08-09T13:18:32.5380041-07:00" />
  <ResultSummary outcome="Failed">
    <Counters total="13" executed="13" passed="12" error="0" failed="1" timeout="0" aborted="0" inconclusive="0" passedButRunAborted="0" notRunnable="0" notExecuted="0" disconnected="0" warning="0" completed="0" inProgress="0" pending="0" />
  </ResultSummary>
  <TestDefinitions>
    <UnitTest name="TestNotMasterworkWeapon" storage="c:\documents and settings\wgetz\experiments\itemsmith\itemsmithworkshop\itemsmithworkshop\bin\debug\itemsmithworkshop.dll" id="0941ecc6-892d-ef1d-852c-139d50879753">
      <Execution timeOut="1800000" id="7c4ab7b4-f605-41e4-9ed0-71754aaf7cdb" />
      <TestMethod codeBase="C:/Documents and Settings/wgetz/Experiments/ItemSmith/ItemSmithWorkShop/ItemSmithWorkShop/bin/Debug/ItemSmithWorkShop.DLL" adapterTypeName="Microsoft.VisualStudio.TestTools.TestTypes.Unit.UnitTestAdapter, Microsoft.VisualStudio.QualityTools.Tips.UnitTest.Adapter, Version=10.0.0.0, Culture=neutral, PublicKeyToken=b03f5f7f11d50a3a" className="ItemSmith.WeaponTests, ItemSmithWorkShop, Version=1.0.0.0, Culture=neutral, PublicKeyToken=null" name="TestNotMasterworkWeapon" />
    </UnitTest>
    <UnitTest name="TestPlus1WeaponWithSpecialAbility" storage="c:\documents and settings\wgetz\experiments\itemsmith\itemsmithworkshop\itemsmithworkshop\bin\debug\itemsmithworkshop.dll" id="b5096b41-7bb0-bb12-693c-aad117aaa7b1">
      <Execution timeOut="1800000" id="007ba260-183b-415f-a5c7-d702ebd3cfa4" />
      <TestMethod codeBase="C:/Documents and Settings/wgetz/Experiments/ItemSmith/ItemSmithWorkShop/ItemSmithWorkShop/bin/Debug/ItemSmithWorkShop.DLL" adapterTypeName="Microsoft.VisualStudio.TestTools.TestTypes.Unit.UnitTestAdapter, Microsoft.VisualStudio.QualityTools.Tips.UnitTest.Adapter, Version=10.0.0.0, Culture=neutral, PublicKeyToken=b03f5f7f11d50a3a" className="ItemSmith.WeaponTests, ItemSmithWorkShop, Version=1.0.0.0, Culture=neutral, PublicKeyToken=null" name="TestPlus1WeaponWithSpecialAbility" />
    </UnitTest>
    <UnitTest name="TestCasterLevelToCreatePlus3Item" storage="c:\documents and settings\wgetz\experiments\itemsmith\itemsmithworkshop\itemsmithworkshop\bin\debug\itemsmithworkshop.dll" id="d4ddad11-1bc1-c1e8-60af-6fc4b047f596">
      <Execution timeOut="1800000" id="02fac401-3818-456a-bbec-6457cb8b9794" />
      <TestMethod codeBase="C:/Documents and Settings/wgetz/Experiments/ItemSmith/ItemSmithWorkShop/ItemSmithWorkShop/bin/Debug/ItemSmithWorkShop.DLL" adapterTypeName="Microsoft.VisualStudio.TestTools.TestTypes.Unit.UnitTestAdapter, Microsoft.VisualStudio.QualityTools.Tips.UnitTest.Adapter, Version=10.0.0.0, Culture=neutral, PublicKeyToken=b03f5f7f11d50a3a" className="ItemSmith.WeaponTests, ItemSmithWorkShop, Version=1.0.0.0, Culture=neutral, PublicKeyToken=null" name="TestCasterLevelToCreatePlus3Item" />
    </UnitTest>
    <UnitTest name="TestMasterworkWeapon" storage="c:\documents and settings\wgetz\experiments\itemsmith\itemsmithworkshop\itemsmithworkshop\bin\debug\itemsmithworkshop.dll" id="efb1cb0c-6efd-e41e-a96f-89bffa7df209">
      <Execution timeOut="1800000" id="d2bf4fbe-9eb8-440a-a8c3-d09b71321abf" />
      <TestMethod codeBase="C:/Documents and Settings/wgetz/Experiments/ItemSmith/ItemSmithWorkShop/ItemSmithWorkShop/bin/Debug/ItemSmithWorkShop.DLL" adapterTypeName="Microsoft.VisualStudio.TestTools.TestTypes.Unit.UnitTestAdapter, Microsoft.VisualStudio.QualityTools.Tips.UnitTest.Adapter, Version=10.0.0.0, Culture=neutral, PublicKeyToken=b03f5f7f11d50a3a" className="ItemSmith.WeaponTests, ItemSmithWorkShop, Version=1.0.0.0, Culture=neutral, PublicKeyToken=null" name="TestMasterworkWeapon" />
    </UnitTest>
    <UnitTest name="TestIsMagicWeaponPlus2" storage="c:\documents and settings\wgetz\experiments\itemsmith\itemsmithworkshop\itemsmithworkshop\bin\debug\itemsmithworkshop.dll" id="d10d34d2-061d-c328-7dff-648ec1d98774">
      <Execution timeOut="1800000" id="e5f3be62-967f-4b72-b203-ccf1ab8b15fa" />
      <TestMethod codeBase="C:/Documents and Settings/wgetz/Experiments/ItemSmith/ItemSmithWorkShop/ItemSmithWorkShop/bin/Debug/ItemSmithWorkShop.DLL" adapterTypeName="Microsoft.VisualStudio.TestTools.TestTypes.Unit.UnitTestAdapter, Microsoft.VisualStudio.QualityTools.Tips.UnitTest.Adapter, Version=10.0.0.0, Culture=neutral, PublicKeyToken=b03f5f7f11d50a3a" className="ItemSmith.WeaponTests, ItemSmithWorkShop, Version=1.0.0.0, Culture=neutral, PublicKeyToken=null" name="TestIsMagicWeaponPlus2" />
    </UnitTest>
    <UnitTest name="TestIsMagicWeaponPlus5" storage="c:\documents and settings\wgetz\experiments\itemsmith\itemsmithworkshop\itemsmithworkshop\bin\debug\itemsmithworkshop.dll" id="3d02fd7f-8d3f-94bd-4e09-0faab933d0ad">
      <Execution timeOut="1800000" id="067ecaea-2161-402e-ab9f-98e1837024e6" />
      <TestMethod codeBase="C:/Documents and Settings/wgetz/Experiments/ItemSmith/ItemSmithWorkShop/ItemSmithWorkShop/bin/Debug/ItemSmithWorkShop.DLL" adapterTypeName="Microsoft.VisualStudio.TestTools.TestTypes.Unit.UnitTestAdapter, Microsoft.VisualStudio.QualityTools.Tips.UnitTest.Adapter, Version=10.0.0.0, Culture=neutral, PublicKeyToken=b03f5f7f11d50a3a" className="ItemSmith.WeaponTests, ItemSmithWorkShop, Version=1.0.0.0, Culture=neutral, PublicKeyToken=null" name="TestIsMagicWeaponPlus5" />
    </UnitTest>
    <UnitTest name="TestIsGenericMagicWeapon" storage="c:\documents and settings\wgetz\experiments\itemsmith\itemsmithworkshop\itemsmithworkshop\bin\debug\itemsmithworkshop.dll" id="8879c8c4-14cc-da5e-6a49-d167c1f959f7">
      <Execution timeOut="1800000" id="286c3062-e99e-4b3e-93df-859b31304413" />
      <TestMethod codeBase="C:/Documents and Settings/wgetz/Experiments/ItemSmith/ItemSmithWorkShop/ItemSmithWorkShop/bin/Debug/ItemSmithWorkShop.DLL" adapterTypeName="Microsoft.VisualStudio.TestTools.TestTypes.Unit.UnitTestAdapter, Microsoft.VisualStudio.QualityTools.Tips.UnitTest.Adapter, Version=10.0.0.0, Culture=neutral, PublicKeyToken=b03f5f7f11d50a3a" className="ItemSmith.WeaponTests, ItemSmithWorkShop, Version=1.0.0.0, Culture=neutral, PublicKeyToken=null" name="TestIsGenericMagicWeapon" />
    </UnitTest>
    <UnitTest name="TestIsMagicWeaponPlus5TotalEnhancementIs10" storage="c:\documents and settings\wgetz\experiments\itemsmith\itemsmithworkshop\itemsmithworkshop\bin\debug\itemsmithworkshop.dll" id="e283cb07-da66-1879-0fe8-f2ab1121051d">
      <Execution timeOut="1800000" id="0e026807-7725-4b7d-9ff1-839204bb6583" />
      <TestMethod codeBase="C:/Documents and Settings/wgetz/Experiments/ItemSmith/ItemSmithWorkShop/ItemSmithWorkShop/bin/Debug/ItemSmithWorkShop.DLL" adapterTypeName="Microsoft.VisualStudio.TestTools.TestTypes.Unit.UnitTestAdapter, Microsoft.VisualStudio.QualityTools.Tips.UnitTest.Adapter, Version=10.0.0.0, Culture=neutral, PublicKeyToken=b03f5f7f11d50a3a" className="ItemSmith.WeaponTests, ItemSmithWorkShop, Version=1.0.0.0, Culture=neutral, PublicKeyToken=null" name="TestIsMagicWeaponPlus5TotalEnhancementIs10" />
    </UnitTest>
    <UnitTest name="TestIsMagicIsNotMasterworkWeapon" storage="c:\documents and settings\wgetz\experiments\itemsmith\itemsmithworkshop\itemsmithworkshop\bin\debug\itemsmithworkshop.dll" id="0d9f71f5-22b7-78ca-3bb4-0ded159f8bd3">
      <Execution timeOut="1800000" id="090c7886-7db4-49f6-9c00-6061c82a56bb" />
      <TestMethod codeBase="C:/Documents and Settings/wgetz/Experiments/ItemSmith/ItemSmithWorkShop/ItemSmithWorkShop/bin/Debug/ItemSmithWorkShop.DLL" adapterTypeName="Microsoft.VisualStudio.TestTools.TestTypes.Unit.UnitTestAdapter, Microsoft.VisualStudio.QualityTools.Tips.UnitTest.Adapter, Version=10.0.0.0, Culture=neutral, PublicKeyToken=b03f5f7f11d50a3a" className="ItemSmith.WeaponTests, ItemSmithWorkShop, Version=1.0.0.0, Culture=neutral, PublicKeyToken=null" name="TestIsMagicIsNotMasterworkWeapon" />
    </UnitTest>
    <UnitTest name="TestPlus3WeaponDaysToCreate" storage="c:\documents and settings\wgetz\experiments\itemsmith\itemsmithworkshop\itemsmithworkshop\bin\debug\itemsmithworkshop.dll" id="54739ee5-a958-3974-46b3-0f1f453bb85b">
      <Execution timeOut="1800000" id="40832ca4-13ea-4d96-97c5-02490ed55e7a" />
      <TestMethod codeBase="C:/Documents and Settings/wgetz/Experiments/ItemSmith/ItemSmithWorkShop/ItemSmithWorkShop/bin/Debug/ItemSmithWorkShop.DLL" adapterTypeName="Microsoft.VisualStudio.TestTools.TestTypes.Unit.UnitTestAdapter, Microsoft.VisualStudio.QualityTools.Tips.UnitTest.Adapter, Version=10.0.0.0, Culture=neutral, PublicKeyToken=b03f5f7f11d50a3a" className="ItemSmith.WeaponTests, ItemSmithWorkShop, Version=1.0.0.0, Culture=neutral, PublicKeyToken=null" name="TestPlus3WeaponDaysToCreate" />
    </UnitTest>
    <UnitTest name="TestIsMagicWeaponPlus3" storage="c:\documents and settings\wgetz\experiments\itemsmith\itemsmithworkshop\itemsmithworkshop\bin\debug\itemsmithworkshop.dll" id="872c6a5b-1abc-eb7b-33b6-6e8fce764164">
      <Execution timeOut="1800000" id="980857a1-90d2-4673-81ac-99e380b91259" />
      <TestMethod codeBase="C:/Documents and Settings/wgetz/Experiments/ItemSmith/ItemSmithWorkShop/ItemSmithWorkShop/bin/Debug/ItemSmithWorkShop.DLL" adapterTypeName="Microsoft.VisualStudio.TestTools.TestTypes.Unit.UnitTestAdapter, Microsoft.VisualStudio.QualityTools.Tips.UnitTest.Adapter, Version=10.0.0.0, Culture=neutral, PublicKeyToken=b03f5f7f11d50a3a" className="ItemSmith.WeaponTests, ItemSmithWorkShop, Version=1.0.0.0, Culture=neutral, PublicKeyToken=null" name="TestIsMagicWeaponPlus3" />
    </UnitTest>
    <UnitTest name="TestItemName" storage="c:\documents and settings\wgetz\experiments\itemsmith\itemsmithworkshop\itemsmithworkshop\bin\debug\itemsmithworkshop.dll" id="2489d3dd-5ff4-d85f-bb90-6c0b54df9f6b">
      <Execution timeOut="1800000" id="6abb0dba-7b75-4c25-aa1d-2fa17c34604d" />
      <TestMethod codeBase="C:/Documents and Settings/wgetz/Experiments/ItemSmith/ItemSmithWorkShop/ItemSmithWorkShop/bin/Debug/ItemSmithWorkShop.DLL" adapterTypeName="Microsoft.VisualStudio.TestTools.TestTypes.Unit.UnitTestAdapter, Microsoft.VisualStudio.QualityTools.Tips.UnitTest.Adapter, Version=10.0.0.0, Culture=neutral, PublicKeyToken=b03f5f7f11d50a3a" className="ItemSmith.WeaponTests, ItemSmithWorkShop, Version=1.0.0.0, Culture=neutral, PublicKeyToken=null" name="TestItemName" />
    </UnitTest>
    <UnitTest name="TestDisplayWeaponStatistics" storage="c:\documents and settings\wgetz\experiments\itemsmith\itemsmithworkshop\itemsmithworkshop\bin\debug\itemsmithworkshop.dll" id="788701b4-3db0-dd01-e07a-c6f7afb82ead">
      <Execution timeOut="1800000" id="bf14fd53-b232-4df1-ac31-eb0d16c08145" />
      <TestMethod codeBase="C:/Documents and Settings/wgetz/Experiments/ItemSmith/ItemSmithWorkShop/ItemSmithWorkShop/bin/Debug/ItemSmithWorkShop.DLL" adapterTypeName="Microsoft.VisualStudio.TestTools.TestTypes.Unit.UnitTestAdapter, Microsoft.VisualStudio.QualityTools.Tips.UnitTest.Adapter, Version=10.0.0.0, Culture=neutral, PublicKeyToken=b03f5f7f11d50a3a" className="ItemSmith.WeaponTests, ItemSmithWorkShop, Version=1.0.0.0, Culture=neutral, PublicKeyToken=null" name="TestDisplayWeaponStatistics" />
    </UnitTest>
  </TestDefinitions>
  <TestLists>
    <TestList name="Results Not in a List" id="8c84fa94-04c1-424b-9868-57a2d4851a1d" />
    <TestList name="All Loaded Results" id="19431567-8539-422a-85d7-44ee4e166bda" />
  </TestLists>
  <TestEntries>
    <TestEntry testId="d4ddad11-1bc1-c1e8-60af-6fc4b047f596" executionId="02fac401-3818-456a-bbec-6457cb8b9794" testListId="8c84fa94-04c1-424b-9868-57a2d4851a1d" />
    <TestEntry testId="788701b4-3db0-dd01-e07a-c6f7afb82ead" executionId="bf14fd53-b232-4df1-ac31-eb0d16c08145" testListId="8c84fa94-04c1-424b-9868-57a2d4851a1d" />
    <TestEntry testId="8879c8c4-14cc-da5e-6a49-d167c1f959f7" executionId="286c3062-e99e-4b3e-93df-859b31304413" testListId="8c84fa94-04c1-424b-9868-57a2d4851a1d" />
    <TestEntry testId="0d9f71f5-22b7-78ca-3bb4-0ded159f8bd3" executionId="090c7886-7db4-49f6-9c00-6061c82a56bb" testListId="8c84fa94-04c1-424b-9868-57a2d4851a1d" />
    <TestEntry testId="d10d34d2-061d-c328-7dff-648ec1d98774" executionId="e5f3be62-967f-4b72-b203-ccf1ab8b15fa" testListId="8c84fa94-04c1-424b-9868-57a2d4851a1d" />
    <TestEntry testId="872c6a5b-1abc-eb7b-33b6-6e8fce764164" executionId="980857a1-90d2-4673-81ac-99e380b91259" testListId="8c84fa94-04c1-424b-9868-57a2d4851a1d" />
    <TestEntry testId="3d02fd7f-8d3f-94bd-4e09-0faab933d0ad" executionId="067ecaea-2161-402e-ab9f-98e1837024e6" testListId="8c84fa94-04c1-424b-9868-57a2d4851a1d" />
    <TestEntry testId="e283cb07-da66-1879-0fe8-f2ab1121051d" executionId="0e026807-7725-4b7d-9ff1-839204bb6583" testListId="8c84fa94-04c1-424b-9868-57a2d4851a1d" />
    <TestEntry testId="2489d3dd-5ff4-d85f-bb90-6c0b54df9f6b" executionId="6abb0dba-7b75-4c25-aa1d-2fa17c34604d" testListId="8c84fa94-04c1-424b-9868-57a2d4851a1d" />
    <TestEntry testId="efb1cb0c-6efd-e41e-a96f-89bffa7df209" executionId="d2bf4fbe-9eb8-440a-a8c3-d09b71321abf" testListId="8c84fa94-04c1-424b-9868-57a2d4851a1d" />
    <TestEntry testId="0941ecc6-892d-ef1d-852c-139d50879753" executionId="7c4ab7b4-f605-41e4-9ed0-71754aaf7cdb" testListId="8c84fa94-04c1-424b-9868-57a2d4851a1d" />
    <TestEntry testId="b5096b41-7bb0-bb12-693c-aad117aaa7b1" executionId="007ba260-183b-415f-a5c7-d702ebd3cfa4" testListId="8c84fa94-04c1-424b-9868-57a2d4851a1d" />
    <TestEntry testId="54739ee5-a958-3974-46b3-0f1f453bb85b" executionId="40832ca4-13ea-4d96-97c5-02490ed55e7a" testListId="8c84fa94-04c1-424b-9868-57a2d4851a1d" />
  </TestEntries>
  <Results>
    <UnitTestResult executionId="02fac401-3818-456a-bbec-6457cb8b9794" testId="d4ddad11-1bc1-c1e8-60af-6fc4b047f596" testName="TestCasterLevelToCreatePlus3Item" computerName="BACTESPC329" duration="00:00:00.0416056" startTime="2011-08-09T13:18:32.1483766-07:00" endTime="2011-08-09T13:18:32.2418872-07:00" testType="13cdc9d9-ddb5-4fa4-a97d-d965ccfc6d4b" outcome="Passed" testListId="8c84fa94-04c1-424b-9868-57a2d4851a1d" relativeResultsDirectory="02fac401-3818-456a-bbec-6457cb8b9794">
    </UnitTestResult>
    <UnitTestResult executionId="bf14fd53-b232-4df1-ac31-eb0d16c08145" testId="788701b4-3db0-dd01-e07a-c6f7afb82ead" testName="TestDisplayWeaponStatistics" computerName="BACTESPC329" duration="00:00:00.0039262" startTime="2011-08-09T13:18:32.2418872-07:00" endTime="2011-08-09T13:18:32.2574723-07:00" testType="13cdc9d9-ddb5-4fa4-a97d-d965ccfc6d4b" outcome="Passed" testListId="8c84fa94-04c1-424b-9868-57a2d4851a1d" relativeResultsDirectory="bf14fd53-b232-4df1-ac31-eb0d16c08145">
    </UnitTestResult>
    <UnitTestResult executionId="286c3062-e99e-4b3e-93df-859b31304413" testId="8879c8c4-14cc-da5e-6a49-d167c1f959f7" testName="TestIsGenericMagicWeapon" computerName="BACTESPC329" duration="00:00:00.0036694" startTime="2011-08-09T13:18:32.2574723-07:00" endTime="2011-08-09T13:18:32.2574723-07:00" testType="13cdc9d9-ddb5-4fa4-a97d-d965ccfc6d4b" outcome="Passed" testListId="8c84fa94-04c1-424b-9868-57a2d4851a1d" relativeResultsDirectory="286c3062-e99e-4b3e-93df-859b31304413">
    </UnitTestResult>
    <UnitTestResult executionId="090c7886-7db4-49f6-9c00-6061c82a56bb" testId="0d9f71f5-22b7-78ca-3bb4-0ded159f8bd3" testName="TestIsMagicIsNotMasterworkWeapon" computerName="BACTESPC329" duration="00:00:00.0041681" startTime="2011-08-09T13:18:32.2574723-07:00" endTime="2011-08-09T13:18:32.2730574-07:00" testType="13cdc9d9-ddb5-4fa4-a97d-d965ccfc6d4b" outcome="Passed" testListId="8c84fa94-04c1-424b-9868-57a2d4851a1d" relativeResultsDirectory="090c7886-7db4-49f6-9c00-6061c82a56bb">
    </UnitTestResult>
    <UnitTestResult executionId="e5f3be62-967f-4b72-b203-ccf1ab8b15fa" testId="d10d34d2-061d-c328-7dff-648ec1d98774" testName="TestIsMagicWeaponPlus2" computerName="BACTESPC329" duration="00:00:00.0037647" startTime="2011-08-09T13:18:32.2730574-07:00" endTime="2011-08-09T13:18:32.2730574-07:00" testType="13cdc9d9-ddb5-4fa4-a97d-d965ccfc6d4b" outcome="Passed" testListId="8c84fa94-04c1-424b-9868-57a2d4851a1d" relativeResultsDirectory="e5f3be62-967f-4b72-b203-ccf1ab8b15fa">
    </UnitTestResult>
    <UnitTestResult executionId="980857a1-90d2-4673-81ac-99e380b91259" testId="872c6a5b-1abc-eb7b-33b6-6e8fce764164" testName="TestIsMagicWeaponPlus3" computerName="BACTESPC329" duration="00:00:00.0033230" startTime="2011-08-09T13:18:32.2886425-07:00" endTime="2011-08-09T13:18:32.2886425-07:00" testType="13cdc9d9-ddb5-4fa4-a97d-d965ccfc6d4b" outcome="Passed" testListId="8c84fa94-04c1-424b-9868-57a2d4851a1d" relativeResultsDirectory="980857a1-90d2-4673-81ac-99e380b91259">
    </UnitTestResult>
    <UnitTestResult executionId="067ecaea-2161-402e-ab9f-98e1837024e6" testId="3d02fd7f-8d3f-94bd-4e09-0faab933d0ad" testName="TestIsMagicWeaponPlus5" computerName="BACTESPC329" duration="00:00:00.0035523" startTime="2011-08-09T13:18:32.2886425-07:00" endTime="2011-08-09T13:18:32.2886425-07:00" testType="13cdc9d9-ddb5-4fa4-a97d-d965ccfc6d4b" outcome="Passed" testListId="8c84fa94-04c1-424b-9868-57a2d4851a1d" relativeResultsDirectory="067ecaea-2161-402e-ab9f-98e1837024e6">
    </UnitTestResult>
    <UnitTestResult executionId="0e026807-7725-4b7d-9ff1-839204bb6583" testId="e283cb07-da66-1879-0fe8-f2ab1121051d" testName="TestIsMagicWeaponPlus5TotalEnhancementIs10" computerName="BACTESPC329" duration="00:00:00.0034674" startTime="2011-08-09T13:18:32.2886425-07:00" endTime="2011-08-09T13:18:32.3042276-07:00" testType="13cdc9d9-ddb5-4fa4-a97d-d965ccfc6d4b" outcome="Passed" testListId="8c84fa94-04c1-424b-9868-57a2d4851a1d" relativeResultsDirectory="0e026807-7725-4b7d-9ff1-839204bb6583">
    </UnitTestResult>
    <UnitTestResult executionId="6abb0dba-7b75-4c25-aa1d-2fa17c34604d" testId="2489d3dd-5ff4-d85f-bb90-6c0b54df9f6b" testName="TestItemName" computerName="BACTESPC329" duration="00:00:00.0034345" startTime="2011-08-09T13:18:32.3042276-07:00" endTime="2011-08-09T13:18:32.3042276-07:00" testType="13cdc9d9-ddb5-4fa4-a97d-d965ccfc6d4b" outcome="Passed" testListId="8c84fa94-04c1-424b-9868-57a2d4851a1d" relativeResultsDirectory="6abb0dba-7b75-4c25-aa1d-2fa17c34604d">
    </UnitTestResult>
    <UnitTestResult executionId="d2bf4fbe-9eb8-440a-a8c3-d09b71321abf" testId="efb1cb0c-6efd-e41e-a96f-89bffa7df209" testName="TestMasterworkWeapon" computerName="BACTESPC329" duration="00:00:00.0035339" startTime="2011-08-09T13:18:32.3042276-07:00" endTime="2011-08-09T13:18:32.3198127-07:00" testType="13cdc9d9-ddb5-4fa4-a97d-d965ccfc6d4b" outcome="Passed" testListId="8c84fa94-04c1-424b-9868-57a2d4851a1d" relativeResultsDirectory="d2bf4fbe-9eb8-440a-a8c3-d09b71321abf">
    </UnitTestResult>
    <UnitTestResult executionId="7c4ab7b4-f605-41e4-9ed0-71754aaf7cdb" testId="0941ecc6-892d-ef1d-852c-139d50879753" testName="TestNotMasterworkWeapon" computerName="BACTESPC329" duration="00:00:00.0033442" startTime="2011-08-09T13:18:32.3198127-07:00" endTime="2011-08-09T13:18:32.3198127-07:00" testType="13cdc9d9-ddb5-4fa4-a97d-d965ccfc6d4b" outcome="Passed" testListId="8c84fa94-04c1-424b-9868-57a2d4851a1d" relativeResultsDirectory="7c4ab7b4-f605-41e4-9ed0-71754aaf7cdb">
    </UnitTestResult>
    <UnitTestResult executionId="007ba260-183b-415f-a5c7-d702ebd3cfa4" testId="b5096b41-7bb0-bb12-693c-aad117aaa7b1" testName="TestPlus1WeaponWithSpecialAbility" computerName="BACTESPC329" duration="00:00:00.1173709" startTime="2011-08-09T13:18:32.3198127-07:00" endTime="2011-08-09T13:18:32.4444935-07:00" testType="13cdc9d9-ddb5-4fa4-a97d-d965ccfc6d4b" outcome="Failed" testListId="8c84fa94-04c1-424b-9868-57a2d4851a1d" relativeResultsDirectory="007ba260-183b-415f-a5c7-d702ebd3cfa4">
      <Output>
        <StdOut>move /Y "C:\Documents and Settings\wgetz\Experiments\ItemSmith\ItemSmithWorkShop\ItemSmithWorkShop\WeaponTests.TestPlus1WeaponWithSpecialAbility.received.txt" "C:\Documents and Settings\wgetz\Experiments\ItemSmith\ItemSmithWorkShop\ItemSmithWorkShop\WeaponTests.TestPlus1WeaponWithSpecialAbility.approved.txt"</StdOut>
        <DebugTrace>move /Y "C:\Documents and Settings\wgetz\Experiments\ItemSmith\ItemSmithWorkShop\ItemSmithWorkShop\WeaponTests.TestPlus1WeaponWithSpecialAbility.received.txt" "C:\Documents and Settings\wgetz\Experiments\ItemSmith\ItemSmithWorkShop\ItemSmithWorkShop\WeaponTests.TestPlus1WeaponWithSpecialAbility.approved.txt"
</DebugTrace>
        <ErrorInfo>
          <Message>Test method ItemSmith.WeaponTests.TestPlus1WeaponWithSpecialAbility threw exception: 
ApprovalTests.Core.Exceptions.ApprovalMismatchException: Failed Approval: Received file C:\Documents and Settings\wgetz\Experiments\ItemSmith\ItemSmithWorkShop\ItemSmithWorkShop\WeaponTests.TestPlus1WeaponWithSpecialAbility.received.txt does not match approved file C:\Documents and Settings\wgetz\Experiments\ItemSmith\ItemSmithWorkShop\ItemSmithWorkShop\WeaponTests.TestPlus1WeaponWithSpecialAbility.approved.txt.</Message>
          <StackTrace>    at ApprovalTests.Approvers.FileApprover.Fail()
   at ApprovalTests.Core.Approvals.Approve(IApprovalApprover approver, IApprovalFailureReporter reporter)
   at ApprovalTests.Approvals.Approve(IApprovalWriter writer, IApprovalNamer namer, IApprovalFailureReporter reporter)
   at ApprovalTests.Approvals.Approve(IApprovalWriter writer)
   at ApprovalTests.Approvals.Approve(Object text)
   at ItemSmith.WeaponTests.TestPlus1WeaponWithSpecialAbility() in C:\Documents and Settings\wgetz\Experiments\ItemSmith\ItemSmithWorkShop\ItemSmithWorkShop\WeaponTest.cs:line 258
</StackTrace>
        </ErrorInfo>
      </Output>
    </UnitTestResult>
    <UnitTestResult executionId="40832ca4-13ea-4d96-97c5-02490ed55e7a" testId="54739ee5-a958-3974-46b3-0f1f453bb85b" testName="TestPlus3WeaponDaysToCreate" computerName="BACTESPC329" duration="00:00:00.0051154" startTime="2011-08-09T13:18:32.4444935-07:00" endTime="2011-08-09T13:18:32.4600786-07:00" testType="13cdc9d9-ddb5-4fa4-a97d-d965ccfc6d4b" outcome="Passed" testListId="8c84fa94-04c1-424b-9868-57a2d4851a1d" relativeResultsDirectory="40832ca4-13ea-4d96-97c5-02490ed55e7a">
    </UnitTestResult>
  </Results>
</TestRun>