<?xml version="1.0" encoding="UTF-8"?>
<TestRun id="94319a0d-c5db-4a6f-9cf6-0ca831953e32" name="wgetz@BACTESPC329 2011-08-09 13:16:55" runUser="BACTES\wgetz" xmlns="http://microsoft.com/schemas/VisualStudio/TeamTest/2010">
  <TestSettings name="Local" id="ad2497b7-727c-4c61-863e-8e14207e0d8e">
    <Description>These are default test settings for a local test run.</Description>
    <Deployment enabled="false" runDeploymentRoot="wgetz_BACTESPC329 2011-08-09 13_16_55" />
    <Execution>
      <TestTypeSpecific />
      <AgentRule name="Execution Agents">
      </AgentRule>
    </Execution>
  </TestSettings>
  <Times creation="2011-08-09T13:16:55.2090546-07:00" queuing="2011-08-09T13:16:55.4428311-07:00" start="2011-08-09T13:16:55.6298523-07:00" finish="2011-08-09T13:16:55.9103841-07:00" />
  <ResultSummary outcome="Completed">
    <Counters total="1" executed="1" passed="1" error="0" failed="0" timeout="0" aborted="0" inconclusive="0" passedButRunAborted="0" notRunnable="0" notExecuted="0" disconnected="0" warning="0" completed="0" inProgress="0" pending="0" />
  </ResultSummary>
  <TestDefinitions>
    <UnitTest name="TestItemName" storage="c:\documents and settings\wgetz\experiments\itemsmith\itemsmithworkshop\itemsmithworkshop\bin\debug\itemsmithworkshop.dll" id="2489d3dd-5ff4-d85f-bb90-6c0b54df9f6b">
      <Execution timeOut="1800000" id="394a8f35-85cd-43be-b58c-4099c7d69dbe" />
      <TestMethod codeBase="C:/Documents and Settings/wgetz/Experiments/ItemSmith/ItemSmithWorkShop/ItemSmithWorkShop/bin/Debug/ItemSmithWorkShop.DLL" adapterTypeName="Microsoft.VisualStudio.TestTools.TestTypes.Unit.UnitTestAdapter, Microsoft.VisualStudio.QualityTools.Tips.UnitTest.Adapter, Version=10.0.0.0, Culture=neutral, PublicKeyToken=b03f5f7f11d50a3a" className="ItemSmith.WeaponTests, ItemSmithWorkShop, Version=1.0.0.0, Culture=neutral, PublicKeyToken=null" name="TestItemName" />
    </UnitTest>
  </TestDefinitions>
  <TestLists>
    <TestList name="Results Not in a List" id="8c84fa94-04c1-424b-9868-57a2d4851a1d" />
    <TestList name="All Loaded Results" id="19431567-8539-422a-85d7-44ee4e166bda" />
  </TestLists>
  <TestEntries>
    <TestEntry testId="2489d3dd-5ff4-d85f-bb90-6c0b54df9f6b" executionId="394a8f35-85cd-43be-b58c-4099c7d69dbe" testListId="8c84fa94-04c1-424b-9868-57a2d4851a1d" />
  </TestEntries>
  <Results>
    <UnitTestResult executionId="394a8f35-85cd-43be-b58c-4099c7d69dbe" testId="2489d3dd-5ff4-d85f-bb90-6c0b54df9f6b" testName="TestItemName" computerName="BACTESPC329" duration="00:00:00.0391640" startTime="2011-08-09T13:16:55.7545331-07:00" endTime="2011-08-09T13:16:55.8480437-07:00" testType="13cdc9d9-ddb5-4fa4-a97d-d965ccfc6d4b" outcome="Passed" testListId="8c84fa94-04c1-424b-9868-57a2d4851a1d" relativeResultsDirectory="394a8f35-85cd-43be-b58c-4099c7d69dbe">
    </UnitTestResult>
  </Results>
</TestRun>