<?xml version="1.0" encoding="UTF-8"?>
<TestRun id="96ab4a63-e9cd-4011-ae26-a8604afda6ac" name="William@CPT_CARROT 2011-06-19 23:22:08" runUser="Cpt_Carrot\William" xmlns="http://microsoft.com/schemas/VisualStudio/TeamTest/2010">
  <TestSettings name="Local" id="c2a6f356-a881-46ce-9115-08dfffbbf9f7">
    <Description>These are default test settings for a local test run.</Description>
    <Deployment enabled="false" runDeploymentRoot="William_CPT_CARROT 2011-06-19 23_22_08">
      <DeploymentItem filename="C:\Users\William\Documents\Visual Studio 2010\TDDMurachsBook\HexVitalsWithTests\HexagonVitals02\Hexagonvitals.Test\ApprovalTests.dll" />
      <DeploymentItem filename="C:\Users\William\Documents\Visual Studio 2010\TDDMurachsBook\HexVitalsWithTests\HexagonVitals02\HexagonVitals01\bin\Debug\HexagonVitals01.exe" />
    </Deployment>
    <Execution>
      <TestTypeSpecific />
      <AgentRule name="Execution Agents">
      </AgentRule>
    </Execution>
  </TestSettings>
  <Times creation="2011-06-19T23:22:08.7479229-07:00" queuing="2011-06-19T23:22:09.8869881-07:00" start="2011-06-19T23:22:09.9129896-07:00" finish="2011-06-19T23:22:10.5660269-07:00" />
  <ResultSummary outcome="Failed">
    <Counters total="7" executed="7" error="0" failed="7" timeout="0" aborted="0" inconclusive="0" passedButRunAborted="0" notRunnable="0" notExecuted="0" disconnected="0" warning="0" passed="0" completed="0" inProgress="0" pending="0" />
  </ResultSummary>
  <TestDefinitions>
    <UnitTest name="TestMeasurementTypeZero" storage="c:\users\william\documents\visual studio 2010\tddmurachsbook\hexvitalswithtests\hexagonvitals02\hexagonvitals.test\bin\debug\hexagonvitals.test.dll" id="756806fc-abd7-5e06-7fd4-462e6fd2c5bb">
      <Execution id="6f7fa78f-5bea-4633-a4bc-6f143c5f6424" />
      <TestMethod codeBase="C:/Users/William/Documents/Visual Studio 2010/TDDMurachsBook/HexVitalsWithTests/HexagonVitals02/Hexagonvitals.Test/bin/Debug/Hexagonvitals.Test.DLL" adapterTypeName="Microsoft.VisualStudio.TestTools.TestTypes.Unit.UnitTestAdapter, Microsoft.VisualStudio.QualityTools.Tips.UnitTest.Adapter, Version=10.0.0.0, Culture=neutral, PublicKeyToken=b03f5f7f11d50a3a" className="Hexagonvitals.Test.HexVitalsTest, Hexagonvitals.Test, Version=1.0.0.0, Culture=neutral, PublicKeyToken=null" name="TestMeasurementTypeZero" />
    </UnitTest>
    <UnitTest name="TestMeasurementTypeThree" storage="c:\users\william\documents\visual studio 2010\tddmurachsbook\hexvitalswithtests\hexagonvitals02\hexagonvitals.test\bin\debug\hexagonvitals.test.dll" id="1be4b2fe-7b61-a0f3-8a7c-e9be00bcfc25">
      <Execution id="0ccb53df-cd88-4f81-a670-6fdf9677c42c" />
      <TestMethod codeBase="C:/Users/William/Documents/Visual Studio 2010/TDDMurachsBook/HexVitalsWithTests/HexagonVitals02/Hexagonvitals.Test/bin/Debug/Hexagonvitals.Test.DLL" adapterTypeName="Microsoft.VisualStudio.TestTools.TestTypes.Unit.UnitTestAdapter, Microsoft.VisualStudio.QualityTools.Tips.UnitTest.Adapter, Version=10.0.0.0, Culture=neutral, PublicKeyToken=b03f5f7f11d50a3a" className="Hexagonvitals.Test.HexVitalsTest, Hexagonvitals.Test, Version=1.0.0.0, Culture=neutral, PublicKeyToken=null" name="TestMeasurementTypeThree" />
    </UnitTest>
    <UnitTest name="TestMeasurementTypeFive" storage="c:\users\william\documents\visual studio 2010\tddmurachsbook\hexvitalswithtests\hexagonvitals02\hexagonvitals.test\bin\debug\hexagonvitals.test.dll" id="43ac6133-40cb-1c47-390d-db50ffe794aa">
      <Execution id="aadf7a8e-bb52-48e7-8437-e78b900d1560" />
      <TestMethod codeBase="C:/Users/William/Documents/Visual Studio 2010/TDDMurachsBook/HexVitalsWithTests/HexagonVitals02/Hexagonvitals.Test/bin/Debug/Hexagonvitals.Test.DLL" adapterTypeName="Microsoft.VisualStudio.TestTools.TestTypes.Unit.UnitTestAdapter, Microsoft.VisualStudio.QualityTools.Tips.UnitTest.Adapter, Version=10.0.0.0, Culture=neutral, PublicKeyToken=b03f5f7f11d50a3a" className="Hexagonvitals.Test.HexVitalsTest, Hexagonvitals.Test, Version=1.0.0.0, Culture=neutral, PublicKeyToken=null" name="TestMeasurementTypeFive" />
    </UnitTest>
    <UnitTest name="TestMeasurementTypeSix" storage="c:\users\william\documents\visual studio 2010\tddmurachsbook\hexvitalswithtests\hexagonvitals02\hexagonvitals.test\bin\debug\hexagonvitals.test.dll" id="03271c33-0945-33ae-2bea-834454680095">
      <Execution id="1b8473ba-fecc-4153-84aa-0ba158e9f7ac" />
      <TestMethod codeBase="C:/Users/William/Documents/Visual Studio 2010/TDDMurachsBook/HexVitalsWithTests/HexagonVitals02/Hexagonvitals.Test/bin/Debug/Hexagonvitals.Test.DLL" adapterTypeName="Microsoft.VisualStudio.TestTools.TestTypes.Unit.UnitTestAdapter, Microsoft.VisualStudio.QualityTools.Tips.UnitTest.Adapter, Version=10.0.0.0, Culture=neutral, PublicKeyToken=b03f5f7f11d50a3a" className="Hexagonvitals.Test.HexVitalsTest, Hexagonvitals.Test, Version=1.0.0.0, Culture=neutral, PublicKeyToken=null" name="TestMeasurementTypeSix" />
    </UnitTest>
    <UnitTest name="TestMeasurementTypeOne" storage="c:\users\william\documents\visual studio 2010\tddmurachsbook\hexvitalswithtests\hexagonvitals02\hexagonvitals.test\bin\debug\hexagonvitals.test.dll" id="7b1443d7-4392-3d99-deb6-1ed8e014d6a3">
      <Execution id="fa0d2d52-473d-49dd-89e9-d9fc4ae54143" />
      <TestMethod codeBase="C:/Users/William/Documents/Visual Studio 2010/TDDMurachsBook/HexVitalsWithTests/HexagonVitals02/Hexagonvitals.Test/bin/Debug/Hexagonvitals.Test.DLL" adapterTypeName="Microsoft.VisualStudio.TestTools.TestTypes.Unit.UnitTestAdapter, Microsoft.VisualStudio.QualityTools.Tips.UnitTest.Adapter, Version=10.0.0.0, Culture=neutral, PublicKeyToken=b03f5f7f11d50a3a" className="Hexagonvitals.Test.HexVitalsTest, Hexagonvitals.Test, Version=1.0.0.0, Culture=neutral, PublicKeyToken=null" name="TestMeasurementTypeOne" />
    </UnitTest>
    <UnitTest name="TestMeasurementTypeFour" storage="c:\users\william\documents\visual studio 2010\tddmurachsbook\hexvitalswithtests\hexagonvitals02\hexagonvitals.test\bin\debug\hexagonvitals.test.dll" id="45248b92-6dd3-e46d-104b-b1aeb363c5fd">
      <Execution id="872dcbe1-3c61-4d55-b211-65746a4e8df3" />
      <TestMethod codeBase="C:/Users/William/Documents/Visual Studio 2010/TDDMurachsBook/HexVitalsWithTests/HexagonVitals02/Hexagonvitals.Test/bin/Debug/Hexagonvitals.Test.DLL" adapterTypeName="Microsoft.VisualStudio.TestTools.TestTypes.Unit.UnitTestAdapter, Microsoft.VisualStudio.QualityTools.Tips.UnitTest.Adapter, Version=10.0.0.0, Culture=neutral, PublicKeyToken=b03f5f7f11d50a3a" className="Hexagonvitals.Test.HexVitalsTest, Hexagonvitals.Test, Version=1.0.0.0, Culture=neutral, PublicKeyToken=null" name="TestMeasurementTypeFour" />
    </UnitTest>
    <UnitTest name="TestMeasurementTypeTwo" storage="c:\users\william\documents\visual studio 2010\tddmurachsbook\hexvitalswithtests\hexagonvitals02\hexagonvitals.test\bin\debug\hexagonvitals.test.dll" id="9ee2242d-4c72-8f56-56b6-a593f63b8a6c">
      <Execution id="54fb2d19-63a3-42f9-a923-e2feed9293a9" />
      <TestMethod codeBase="C:/Users/William/Documents/Visual Studio 2010/TDDMurachsBook/HexVitalsWithTests/HexagonVitals02/Hexagonvitals.Test/bin/Debug/Hexagonvitals.Test.DLL" adapterTypeName="Microsoft.VisualStudio.TestTools.TestTypes.Unit.UnitTestAdapter, Microsoft.VisualStudio.QualityTools.Tips.UnitTest.Adapter, Version=10.0.0.0, Culture=neutral, PublicKeyToken=b03f5f7f11d50a3a" className="Hexagonvitals.Test.HexVitalsTest, Hexagonvitals.Test, Version=1.0.0.0, Culture=neutral, PublicKeyToken=null" name="TestMeasurementTypeTwo" />
    </UnitTest>
  </TestDefinitions>
  <TestLists>
    <TestList name="Results Not in a List" id="8c84fa94-04c1-424b-9868-57a2d4851a1d" />
    <TestList name="All Loaded Results" id="19431567-8539-422a-85d7-44ee4e166bda" />
  </TestLists>
  <TestEntries>
    <TestEntry testId="03271c33-0945-33ae-2bea-834454680095" executionId="1b8473ba-fecc-4153-84aa-0ba158e9f7ac" testListId="8c84fa94-04c1-424b-9868-57a2d4851a1d" />
    <TestEntry testId="1be4b2fe-7b61-a0f3-8a7c-e9be00bcfc25" executionId="0ccb53df-cd88-4f81-a670-6fdf9677c42c" testListId="8c84fa94-04c1-424b-9868-57a2d4851a1d" />
    <TestEntry testId="43ac6133-40cb-1c47-390d-db50ffe794aa" executionId="aadf7a8e-bb52-48e7-8437-e78b900d1560" testListId="8c84fa94-04c1-424b-9868-57a2d4851a1d" />
    <TestEntry testId="45248b92-6dd3-e46d-104b-b1aeb363c5fd" executionId="872dcbe1-3c61-4d55-b211-65746a4e8df3" testListId="8c84fa94-04c1-424b-9868-57a2d4851a1d" />
    <TestEntry testId="756806fc-abd7-5e06-7fd4-462e6fd2c5bb" executionId="6f7fa78f-5bea-4633-a4bc-6f143c5f6424" testListId="8c84fa94-04c1-424b-9868-57a2d4851a1d" />
    <TestEntry testId="7b1443d7-4392-3d99-deb6-1ed8e014d6a3" executionId="fa0d2d52-473d-49dd-89e9-d9fc4ae54143" testListId="8c84fa94-04c1-424b-9868-57a2d4851a1d" />
    <TestEntry testId="9ee2242d-4c72-8f56-56b6-a593f63b8a6c" executionId="54fb2d19-63a3-42f9-a923-e2feed9293a9" testListId="8c84fa94-04c1-424b-9868-57a2d4851a1d" />
  </TestEntries>
  <Results>
    <UnitTestResult executionId="1b8473ba-fecc-4153-84aa-0ba158e9f7ac" testId="03271c33-0945-33ae-2bea-834454680095" testName="TestMeasurementTypeSix" computerName="CPT_CARROT" duration="00:00:00.0542823" startTime="2011-06-19T23:22:09.9219901-07:00" endTime="2011-06-19T23:22:10.3570150-07:00" testType="13cdc9d9-ddb5-4fa4-a97d-d965ccfc6d4b" outcome="Failed" testListId="8c84fa94-04c1-424b-9868-57a2d4851a1d" relativeResultsDirectory="1b8473ba-fecc-4153-84aa-0ba158e9f7ac">
      <Output>
        <ErrorInfo>
          <Message>Test method Hexagonvitals.Test.HexVitalsTest.TestMeasurementTypeSix threw exception: 
System.Reflection.TargetException: Object does not match target type.</Message>
          <StackTrace>    at System.Reflection.RuntimeMethodInfo.CheckConsistency(Object target)
   at System.Reflection.RuntimeMethodInfo.Invoke(Object obj, BindingFlags invokeAttr, Binder binder, Object[] parameters, CultureInfo culture, Boolean skipVisibilityChecks)
   at System.Reflection.RuntimeMethodInfo.Invoke(Object obj, BindingFlags invokeAttr, Binder binder, Object[] parameters, CultureInfo culture)
   at System.Reflection.RuntimePropertyInfo.SetValue(Object obj, Object value, BindingFlags invokeAttr, Binder binder, Object[] index, CultureInfo culture)
   at System.Reflection.RuntimePropertyInfo.SetValue(Object obj, Object value, Object[] index)
   at HexagonVitals01.HexVitals.DeriveSideLength(Int32 measurementType, Double startingMeasurement) in C:\Users\William\Documents\Visual Studio 2010\TDDMurachsBook\HexVitalsWithTests\HexagonVitals02\HexagonVitals01\HexVitals.cs:line 153
   at Hexagonvitals.Test.HexVitalsTest.TestMeasurementTypeSix() in C:\Users\William\Documents\Visual Studio 2010\TDDMurachsBook\HexVitalsWithTests\HexagonVitals02\Hexagonvitals.Test\HexVitalsTest.cs:line 64
</StackTrace>
        </ErrorInfo>
      </Output>
    </UnitTestResult>
    <UnitTestResult executionId="0ccb53df-cd88-4f81-a670-6fdf9677c42c" testId="1be4b2fe-7b61-a0f3-8a7c-e9be00bcfc25" testName="TestMeasurementTypeThree" computerName="CPT_CARROT" duration="00:00:00.0022201" startTime="2011-06-19T23:22:10.3640154-07:00" endTime="2011-06-19T23:22:10.3810163-07:00" testType="13cdc9d9-ddb5-4fa4-a97d-d965ccfc6d4b" outcome="Failed" testListId="8c84fa94-04c1-424b-9868-57a2d4851a1d" relativeResultsDirectory="0ccb53df-cd88-4f81-a670-6fdf9677c42c">
      <Output>
        <ErrorInfo>
          <Message>Test method Hexagonvitals.Test.HexVitalsTest.TestMeasurementTypeThree threw exception: 
System.Reflection.TargetException: Object does not match target type.</Message>
          <StackTrace>    at System.Reflection.RuntimeMethodInfo.CheckConsistency(Object target)
   at System.Reflection.RuntimeMethodInfo.Invoke(Object obj, BindingFlags invokeAttr, Binder binder, Object[] parameters, CultureInfo culture, Boolean skipVisibilityChecks)
   at System.Reflection.RuntimeMethodInfo.Invoke(Object obj, BindingFlags invokeAttr, Binder binder, Object[] parameters, CultureInfo culture)
   at System.Reflection.RuntimePropertyInfo.SetValue(Object obj, Object value, BindingFlags invokeAttr, Binder binder, Object[] index, CultureInfo culture)
   at System.Reflection.RuntimePropertyInfo.SetValue(Object obj, Object value, Object[] index)
   at HexagonVitals01.HexVitals.DeriveSideLength(Int32 measurementType, Double startingMeasurement) in C:\Users\William\Documents\Visual Studio 2010\TDDMurachsBook\HexVitalsWithTests\HexagonVitals02\HexagonVitals01\HexVitals.cs:line 153
   at Hexagonvitals.Test.HexVitalsTest.TestMeasurementTypeThree() in C:\Users\William\Documents\Visual Studio 2010\TDDMurachsBook\HexVitalsWithTests\HexagonVitals02\Hexagonvitals.Test\HexVitalsTest.cs:line 40
</StackTrace>
        </ErrorInfo>
      </Output>
    </UnitTestResult>
    <UnitTestResult executionId="aadf7a8e-bb52-48e7-8437-e78b900d1560" testId="43ac6133-40cb-1c47-390d-db50ffe794aa" testName="TestMeasurementTypeFive" computerName="CPT_CARROT" duration="00:00:00.0022165" startTime="2011-06-19T23:22:10.4120181-07:00" endTime="2011-06-19T23:22:10.4210186-07:00" testType="13cdc9d9-ddb5-4fa4-a97d-d965ccfc6d4b" outcome="Failed" testListId="8c84fa94-04c1-424b-9868-57a2d4851a1d" relativeResultsDirectory="aadf7a8e-bb52-48e7-8437-e78b900d1560">
      <Output>
        <ErrorInfo>
          <Message>Test method Hexagonvitals.Test.HexVitalsTest.TestMeasurementTypeFive threw exception: 
System.Reflection.TargetException: Object does not match target type.</Message>
          <StackTrace>    at System.Reflection.RuntimeMethodInfo.CheckConsistency(Object target)
   at System.Reflection.RuntimeMethodInfo.Invoke(Object obj, BindingFlags invokeAttr, Binder binder, Object[] parameters, CultureInfo culture, Boolean skipVisibilityChecks)
   at System.Reflection.RuntimeMethodInfo.Invoke(Object obj, BindingFlags invokeAttr, Binder binder, Object[] parameters, CultureInfo culture)
   at System.Reflection.RuntimePropertyInfo.SetValue(Object obj, Object value, BindingFlags invokeAttr, Binder binder, Object[] index, CultureInfo culture)
   at System.Reflection.RuntimePropertyInfo.SetValue(Object obj, Object value, Object[] index)
   at HexagonVitals01.HexVitals.DeriveSideLength(Int32 measurementType, Double startingMeasurement) in C:\Users\William\Documents\Visual Studio 2010\TDDMurachsBook\HexVitalsWithTests\HexagonVitals02\HexagonVitals01\HexVitals.cs:line 153
   at Hexagonvitals.Test.HexVitalsTest.TestMeasurementTypeFive() in C:\Users\William\Documents\Visual Studio 2010\TDDMurachsBook\HexVitalsWithTests\HexagonVitals02\Hexagonvitals.Test\HexVitalsTest.cs:line 56
</StackTrace>
        </ErrorInfo>
      </Output>
    </UnitTestResult>
    <UnitTestResult executionId="872dcbe1-3c61-4d55-b211-65746a4e8df3" testId="45248b92-6dd3-e46d-104b-b1aeb363c5fd" testName="TestMeasurementTypeFour" computerName="CPT_CARROT" duration="00:00:00.0019912" startTime="2011-06-19T23:22:10.4290191-07:00" endTime="2011-06-19T23:22:10.4370195-07:00" testType="13cdc9d9-ddb5-4fa4-a97d-d965ccfc6d4b" outcome="Failed" testListId="8c84fa94-04c1-424b-9868-57a2d4851a1d" relativeResultsDirectory="872dcbe1-3c61-4d55-b211-65746a4e8df3">
      <Output>
        <ErrorInfo>
          <Message>Test method Hexagonvitals.Test.HexVitalsTest.TestMeasurementTypeFour threw exception: 
System.Reflection.TargetException: Object does not match target type.</Message>
          <StackTrace>    at System.Reflection.RuntimeMethodInfo.CheckConsistency(Object target)
   at System.Reflection.RuntimeMethodInfo.Invoke(Object obj, BindingFlags invokeAttr, Binder binder, Object[] parameters, CultureInfo culture, Boolean skipVisibilityChecks)
   at System.Reflection.RuntimeMethodInfo.Invoke(Object obj, BindingFlags invokeAttr, Binder binder, Object[] parameters, CultureInfo culture)
   at System.Reflection.RuntimePropertyInfo.SetValue(Object obj, Object value, BindingFlags invokeAttr, Binder binder, Object[] index, CultureInfo culture)
   at System.Reflection.RuntimePropertyInfo.SetValue(Object obj, Object value, Object[] index)
   at HexagonVitals01.HexVitals.DeriveSideLength(Int32 measurementType, Double startingMeasurement) in C:\Users\William\Documents\Visual Studio 2010\TDDMurachsBook\HexVitalsWithTests\HexagonVitals02\HexagonVitals01\HexVitals.cs:line 153
   at Hexagonvitals.Test.HexVitalsTest.TestMeasurementTypeFour() in C:\Users\William\Documents\Visual Studio 2010\TDDMurachsBook\HexVitalsWithTests\HexagonVitals02\Hexagonvitals.Test\HexVitalsTest.cs:line 48
</StackTrace>
        </ErrorInfo>
      </Output>
    </UnitTestResult>
    <UnitTestResult executionId="6f7fa78f-5bea-4633-a4bc-6f143c5f6424" testId="756806fc-abd7-5e06-7fd4-462e6fd2c5bb" testName="TestMeasurementTypeZero" computerName="CPT_CARROT" duration="00:00:00.0028545" startTime="2011-06-19T23:22:10.4430199-07:00" endTime="2011-06-19T23:22:10.4580207-07:00" testType="13cdc9d9-ddb5-4fa4-a97d-d965ccfc6d4b" outcome="Failed" testListId="8c84fa94-04c1-424b-9868-57a2d4851a1d" relativeResultsDirectory="6f7fa78f-5bea-4633-a4bc-6f143c5f6424">
      <Output>
        <ErrorInfo>
          <Message>Test method Hexagonvitals.Test.HexVitalsTest.TestMeasurementTypeZero threw exception: 
System.Reflection.TargetException: Object does not match target type.</Message>
          <StackTrace>    at System.Reflection.RuntimeMethodInfo.CheckConsistency(Object target)
   at System.Reflection.RuntimeMethodInfo.Invoke(Object obj, BindingFlags invokeAttr, Binder binder, Object[] parameters, CultureInfo culture, Boolean skipVisibilityChecks)
   at System.Reflection.RuntimeMethodInfo.Invoke(Object obj, BindingFlags invokeAttr, Binder binder, Object[] parameters, CultureInfo culture)
   at System.Reflection.RuntimePropertyInfo.SetValue(Object obj, Object value, BindingFlags invokeAttr, Binder binder, Object[] index, CultureInfo culture)
   at System.Reflection.RuntimePropertyInfo.SetValue(Object obj, Object value, Object[] index)
   at HexagonVitals01.HexVitals.DeriveSideLength(Int32 measurementType, Double startingMeasurement) in C:\Users\William\Documents\Visual Studio 2010\TDDMurachsBook\HexVitalsWithTests\HexagonVitals02\HexagonVitals01\HexVitals.cs:line 153
   at Hexagonvitals.Test.HexVitalsTest.TestMeasurementTypeZero() in C:\Users\William\Documents\Visual Studio 2010\TDDMurachsBook\HexVitalsWithTests\HexagonVitals02\Hexagonvitals.Test\HexVitalsTest.cs:line 16
</StackTrace>
        </ErrorInfo>
      </Output>
    </UnitTestResult>
    <UnitTestResult executionId="fa0d2d52-473d-49dd-89e9-d9fc4ae54143" testId="7b1443d7-4392-3d99-deb6-1ed8e014d6a3" testName="TestMeasurementTypeOne" computerName="CPT_CARROT" duration="00:00:00.0070736" startTime="2011-06-19T23:22:10.4650211-07:00" endTime="2011-06-19T23:22:10.4940228-07:00" testType="13cdc9d9-ddb5-4fa4-a97d-d965ccfc6d4b" outcome="Failed" testListId="8c84fa94-04c1-424b-9868-57a2d4851a1d" relativeResultsDirectory="fa0d2d52-473d-49dd-89e9-d9fc4ae54143">
      <Output>
        <ErrorInfo>
          <Message>Test method Hexagonvitals.Test.HexVitalsTest.TestMeasurementTypeOne threw exception: 
System.Reflection.TargetException: Object does not match target type.</Message>
          <StackTrace>    at System.Reflection.RuntimeMethodInfo.CheckConsistency(Object target)
   at System.Reflection.RuntimeMethodInfo.Invoke(Object obj, BindingFlags invokeAttr, Binder binder, Object[] parameters, CultureInfo culture, Boolean skipVisibilityChecks)
   at System.Reflection.RuntimeMethodInfo.Invoke(Object obj, BindingFlags invokeAttr, Binder binder, Object[] parameters, CultureInfo culture)
   at System.Reflection.RuntimePropertyInfo.SetValue(Object obj, Object value, BindingFlags invokeAttr, Binder binder, Object[] index, CultureInfo culture)
   at System.Reflection.RuntimePropertyInfo.SetValue(Object obj, Object value, Object[] index)
   at HexagonVitals01.HexVitals.DeriveSideLength(Int32 measurementType, Double startingMeasurement) in C:\Users\William\Documents\Visual Studio 2010\TDDMurachsBook\HexVitalsWithTests\HexagonVitals02\HexagonVitals01\HexVitals.cs:line 153
   at Hexagonvitals.Test.HexVitalsTest.TestMeasurementTypeOne() in C:\Users\William\Documents\Visual Studio 2010\TDDMurachsBook\HexVitalsWithTests\HexagonVitals02\Hexagonvitals.Test\HexVitalsTest.cs:line 24
</StackTrace>
        </ErrorInfo>
      </Output>
    </UnitTestResult>
    <UnitTestResult executionId="54fb2d19-63a3-42f9-a923-e2feed9293a9" testId="9ee2242d-4c72-8f56-56b6-a593f63b8a6c" testName="TestMeasurementTypeTwo" computerName="CPT_CARROT" duration="00:00:00.0022622" startTime="2011-06-19T23:22:10.5020233-07:00" endTime="2011-06-19T23:22:10.5100237-07:00" testType="13cdc9d9-ddb5-4fa4-a97d-d965ccfc6d4b" outcome="Failed" testListId="8c84fa94-04c1-424b-9868-57a2d4851a1d" relativeResultsDirectory="54fb2d19-63a3-42f9-a923-e2feed9293a9">
      <Output>
        <ErrorInfo>
          <Message>Test method Hexagonvitals.Test.HexVitalsTest.TestMeasurementTypeTwo threw exception: 
System.Reflection.TargetException: Object does not match target type.</Message>
          <StackTrace>    at System.Reflection.RuntimeMethodInfo.CheckConsistency(Object target)
   at System.Reflection.RuntimeMethodInfo.Invoke(Object obj, BindingFlags invokeAttr, Binder binder, Object[] parameters, CultureInfo culture, Boolean skipVisibilityChecks)
   at System.Reflection.RuntimeMethodInfo.Invoke(Object obj, BindingFlags invokeAttr, Binder binder, Object[] parameters, CultureInfo culture)
   at System.Reflection.RuntimePropertyInfo.SetValue(Object obj, Object value, BindingFlags invokeAttr, Binder binder, Object[] index, CultureInfo culture)
   at System.Reflection.RuntimePropertyInfo.SetValue(Object obj, Object value, Object[] index)
   at HexagonVitals01.HexVitals.DeriveSideLength(Int32 measurementType, Double startingMeasurement) in C:\Users\William\Documents\Visual Studio 2010\TDDMurachsBook\HexVitalsWithTests\HexagonVitals02\HexagonVitals01\HexVitals.cs:line 153
   at Hexagonvitals.Test.HexVitalsTest.TestMeasurementTypeTwo() in C:\Users\William\Documents\Visual Studio 2010\TDDMurachsBook\HexVitalsWithTests\HexagonVitals02\Hexagonvitals.Test\HexVitalsTest.cs:line 32
</StackTrace>
        </ErrorInfo>
      </Output>
    </UnitTestResult>
  </Results>
</TestRun>