<?xml version="1.0" encoding="UTF-8"?>
<TestRun id="7c445d7e-767f-43c9-b3db-206d5863f92a" name="William@CPT_CARROT 2011-06-20 01:10:24" runUser="Cpt_Carrot\William" xmlns="http://microsoft.com/schemas/VisualStudio/TeamTest/2010">
  <TestSettings name="Local" id="c2a6f356-a881-46ce-9115-08dfffbbf9f7">
    <Description>These are default test settings for a local test run.</Description>
    <Deployment enabled="false" runDeploymentRoot="William_CPT_CARROT 2011-06-20 01_10_24">
      <DeploymentItem filename="C:\Users\William\Documents\Visual Studio 2010\TDDMurachsBook\HexVitalsWithTests\HexagonVitals02\Hexagonvitals.Test\ApprovalTests.dll" />
      <DeploymentItem filename="C:\Users\William\Documents\Visual Studio 2010\TDDMurachsBook\HexVitalsWithTests\HexagonVitals02\HexagonVitals01\bin\Debug\HexagonVitals01.exe" />
    </Deployment>
    <Execution>
      <TestTypeSpecific />
      <AgentRule name="Execution Agents">
      </AgentRule>
    </Execution>
  </TestSettings>
  <Times creation="2011-06-20T01:10:24.4014531-07:00" queuing="2011-06-20T01:10:27.0176027-07:00" start="2011-06-20T01:10:27.1496102-07:00" finish="2011-06-20T01:10:28.5936928-07:00" />
  <ResultSummary outcome="Completed">
    <Counters total="7" executed="7" passed="7" error="0" failed="0" timeout="0" aborted="0" inconclusive="0" passedButRunAborted="0" notRunnable="0" notExecuted="0" disconnected="0" warning="0" completed="0" inProgress="0" pending="0" />
  </ResultSummary>
  <TestDefinitions>
    <UnitTest name="TestMeasurementTypeZero" storage="c:\users\william\documents\visual studio 2010\tddmurachsbook\hexvitalswithtests\hexagonvitals02\hexagonvitals.test\bin\debug\hexagonvitals.test.dll" id="756806fc-abd7-5e06-7fd4-462e6fd2c5bb">
      <Execution id="ef6abc43-bdc0-4464-b15f-9249c4aab2f5" />
      <TestMethod codeBase="C:/Users/William/Documents/Visual Studio 2010/TDDMurachsBook/HexVitalsWithTests/HexagonVitals02/Hexagonvitals.Test/bin/Debug/Hexagonvitals.Test.DLL" adapterTypeName="Microsoft.VisualStudio.TestTools.TestTypes.Unit.UnitTestAdapter, Microsoft.VisualStudio.QualityTools.Tips.UnitTest.Adapter, Version=10.0.0.0, Culture=neutral, PublicKeyToken=b03f5f7f11d50a3a" className="Hexagonvitals.Test.HexVitalsTest, Hexagonvitals.Test, Version=1.0.0.0, Culture=neutral, PublicKeyToken=null" name="TestMeasurementTypeZero" />
    </UnitTest>
    <UnitTest name="TestMeasurementTypeThree" storage="c:\users\william\documents\visual studio 2010\tddmurachsbook\hexvitalswithtests\hexagonvitals02\hexagonvitals.test\bin\debug\hexagonvitals.test.dll" id="1be4b2fe-7b61-a0f3-8a7c-e9be00bcfc25">
      <Execution id="7a6fee1b-ac32-48dc-a5e1-a0635dda289e" />
      <TestMethod codeBase="C:/Users/William/Documents/Visual Studio 2010/TDDMurachsBook/HexVitalsWithTests/HexagonVitals02/Hexagonvitals.Test/bin/Debug/Hexagonvitals.Test.DLL" adapterTypeName="Microsoft.VisualStudio.TestTools.TestTypes.Unit.UnitTestAdapter, Microsoft.VisualStudio.QualityTools.Tips.UnitTest.Adapter, Version=10.0.0.0, Culture=neutral, PublicKeyToken=b03f5f7f11d50a3a" className="Hexagonvitals.Test.HexVitalsTest, Hexagonvitals.Test, Version=1.0.0.0, Culture=neutral, PublicKeyToken=null" name="TestMeasurementTypeThree" />
    </UnitTest>
    <UnitTest name="TestMeasurementTypeFive" storage="c:\users\william\documents\visual studio 2010\tddmurachsbook\hexvitalswithtests\hexagonvitals02\hexagonvitals.test\bin\debug\hexagonvitals.test.dll" id="43ac6133-40cb-1c47-390d-db50ffe794aa">
      <Execution id="2fffd2da-89ac-4909-9bec-34cd6ba037b6" />
      <TestMethod codeBase="C:/Users/William/Documents/Visual Studio 2010/TDDMurachsBook/HexVitalsWithTests/HexagonVitals02/Hexagonvitals.Test/bin/Debug/Hexagonvitals.Test.DLL" adapterTypeName="Microsoft.VisualStudio.TestTools.TestTypes.Unit.UnitTestAdapter, Microsoft.VisualStudio.QualityTools.Tips.UnitTest.Adapter, Version=10.0.0.0, Culture=neutral, PublicKeyToken=b03f5f7f11d50a3a" className="Hexagonvitals.Test.HexVitalsTest, Hexagonvitals.Test, Version=1.0.0.0, Culture=neutral, PublicKeyToken=null" name="TestMeasurementTypeFive" />
    </UnitTest>
    <UnitTest name="TestMeasurementTypeSix" storage="c:\users\william\documents\visual studio 2010\tddmurachsbook\hexvitalswithtests\hexagonvitals02\hexagonvitals.test\bin\debug\hexagonvitals.test.dll" id="03271c33-0945-33ae-2bea-834454680095">
      <Execution id="16c515ba-28c1-4c29-b7c9-ea21c4e3bd52" />
      <TestMethod codeBase="C:/Users/William/Documents/Visual Studio 2010/TDDMurachsBook/HexVitalsWithTests/HexagonVitals02/Hexagonvitals.Test/bin/Debug/Hexagonvitals.Test.DLL" adapterTypeName="Microsoft.VisualStudio.TestTools.TestTypes.Unit.UnitTestAdapter, Microsoft.VisualStudio.QualityTools.Tips.UnitTest.Adapter, Version=10.0.0.0, Culture=neutral, PublicKeyToken=b03f5f7f11d50a3a" className="Hexagonvitals.Test.HexVitalsTest, Hexagonvitals.Test, Version=1.0.0.0, Culture=neutral, PublicKeyToken=null" name="TestMeasurementTypeSix" />
    </UnitTest>
    <UnitTest name="TestMeasurementTypeOne" storage="c:\users\william\documents\visual studio 2010\tddmurachsbook\hexvitalswithtests\hexagonvitals02\hexagonvitals.test\bin\debug\hexagonvitals.test.dll" id="7b1443d7-4392-3d99-deb6-1ed8e014d6a3">
      <Execution id="7d099930-9bb1-483e-9035-113cd74e8854" />
      <TestMethod codeBase="C:/Users/William/Documents/Visual Studio 2010/TDDMurachsBook/HexVitalsWithTests/HexagonVitals02/Hexagonvitals.Test/bin/Debug/Hexagonvitals.Test.DLL" adapterTypeName="Microsoft.VisualStudio.TestTools.TestTypes.Unit.UnitTestAdapter, Microsoft.VisualStudio.QualityTools.Tips.UnitTest.Adapter, Version=10.0.0.0, Culture=neutral, PublicKeyToken=b03f5f7f11d50a3a" className="Hexagonvitals.Test.HexVitalsTest, Hexagonvitals.Test, Version=1.0.0.0, Culture=neutral, PublicKeyToken=null" name="TestMeasurementTypeOne" />
    </UnitTest>
    <UnitTest name="TestMeasurementTypeFour" storage="c:\users\william\documents\visual studio 2010\tddmurachsbook\hexvitalswithtests\hexagonvitals02\hexagonvitals.test\bin\debug\hexagonvitals.test.dll" id="45248b92-6dd3-e46d-104b-b1aeb363c5fd">
      <Execution id="74661e6e-d674-48ff-8c34-10ed7315709b" />
      <TestMethod codeBase="C:/Users/William/Documents/Visual Studio 2010/TDDMurachsBook/HexVitalsWithTests/HexagonVitals02/Hexagonvitals.Test/bin/Debug/Hexagonvitals.Test.DLL" adapterTypeName="Microsoft.VisualStudio.TestTools.TestTypes.Unit.UnitTestAdapter, Microsoft.VisualStudio.QualityTools.Tips.UnitTest.Adapter, Version=10.0.0.0, Culture=neutral, PublicKeyToken=b03f5f7f11d50a3a" className="Hexagonvitals.Test.HexVitalsTest, Hexagonvitals.Test, Version=1.0.0.0, Culture=neutral, PublicKeyToken=null" name="TestMeasurementTypeFour" />
    </UnitTest>
    <UnitTest name="TestMeasurementTypeTwo" storage="c:\users\william\documents\visual studio 2010\tddmurachsbook\hexvitalswithtests\hexagonvitals02\hexagonvitals.test\bin\debug\hexagonvitals.test.dll" id="9ee2242d-4c72-8f56-56b6-a593f63b8a6c">
      <Execution id="a002ea0f-945c-4447-93fb-5a120d2827d1" />
      <TestMethod codeBase="C:/Users/William/Documents/Visual Studio 2010/TDDMurachsBook/HexVitalsWithTests/HexagonVitals02/Hexagonvitals.Test/bin/Debug/Hexagonvitals.Test.DLL" adapterTypeName="Microsoft.VisualStudio.TestTools.TestTypes.Unit.UnitTestAdapter, Microsoft.VisualStudio.QualityTools.Tips.UnitTest.Adapter, Version=10.0.0.0, Culture=neutral, PublicKeyToken=b03f5f7f11d50a3a" className="Hexagonvitals.Test.HexVitalsTest, Hexagonvitals.Test, Version=1.0.0.0, Culture=neutral, PublicKeyToken=null" name="TestMeasurementTypeTwo" />
    </UnitTest>
  </TestDefinitions>
  <TestLists>
    <TestList name="Results Not in a List" id="8c84fa94-04c1-424b-9868-57a2d4851a1d" />
    <TestList name="All Loaded Results" id="19431567-8539-422a-85d7-44ee4e166bda" />
  </TestLists>
  <TestEntries>
    <TestEntry testId="03271c33-0945-33ae-2bea-834454680095" executionId="16c515ba-28c1-4c29-b7c9-ea21c4e3bd52" testListId="8c84fa94-04c1-424b-9868-57a2d4851a1d" />
    <TestEntry testId="1be4b2fe-7b61-a0f3-8a7c-e9be00bcfc25" executionId="7a6fee1b-ac32-48dc-a5e1-a0635dda289e" testListId="8c84fa94-04c1-424b-9868-57a2d4851a1d" />
    <TestEntry testId="43ac6133-40cb-1c47-390d-db50ffe794aa" executionId="2fffd2da-89ac-4909-9bec-34cd6ba037b6" testListId="8c84fa94-04c1-424b-9868-57a2d4851a1d" />
    <TestEntry testId="45248b92-6dd3-e46d-104b-b1aeb363c5fd" executionId="74661e6e-d674-48ff-8c34-10ed7315709b" testListId="8c84fa94-04c1-424b-9868-57a2d4851a1d" />
    <TestEntry testId="756806fc-abd7-5e06-7fd4-462e6fd2c5bb" executionId="ef6abc43-bdc0-4464-b15f-9249c4aab2f5" testListId="8c84fa94-04c1-424b-9868-57a2d4851a1d" />
    <TestEntry testId="7b1443d7-4392-3d99-deb6-1ed8e014d6a3" executionId="7d099930-9bb1-483e-9035-113cd74e8854" testListId="8c84fa94-04c1-424b-9868-57a2d4851a1d" />
    <TestEntry testId="9ee2242d-4c72-8f56-56b6-a593f63b8a6c" executionId="a002ea0f-945c-4447-93fb-5a120d2827d1" testListId="8c84fa94-04c1-424b-9868-57a2d4851a1d" />
  </TestEntries>
  <Results>
    <UnitTestResult executionId="16c515ba-28c1-4c29-b7c9-ea21c4e3bd52" testId="03271c33-0945-33ae-2bea-834454680095" testName="TestMeasurementTypeSix" computerName="CPT_CARROT" duration="00:00:00.0672359" startTime="2011-06-20T01:10:27.2736173-07:00" endTime="2011-06-20T01:10:28.2366724-07:00" testType="13cdc9d9-ddb5-4fa4-a97d-d965ccfc6d4b" outcome="Passed" testListId="8c84fa94-04c1-424b-9868-57a2d4851a1d" relativeResultsDirectory="16c515ba-28c1-4c29-b7c9-ea21c4e3bd52">
    </UnitTestResult>
    <UnitTestResult executionId="7a6fee1b-ac32-48dc-a5e1-a0635dda289e" testId="1be4b2fe-7b61-a0f3-8a7c-e9be00bcfc25" testName="TestMeasurementTypeThree" computerName="CPT_CARROT" duration="00:00:00.0075381" startTime="2011-06-20T01:10:28.2556735-07:00" endTime="2011-06-20T01:10:28.2846752-07:00" testType="13cdc9d9-ddb5-4fa4-a97d-d965ccfc6d4b" outcome="Passed" testListId="8c84fa94-04c1-424b-9868-57a2d4851a1d" relativeResultsDirectory="7a6fee1b-ac32-48dc-a5e1-a0635dda289e">
    </UnitTestResult>
    <UnitTestResult executionId="2fffd2da-89ac-4909-9bec-34cd6ba037b6" testId="43ac6133-40cb-1c47-390d-db50ffe794aa" testName="TestMeasurementTypeFive" computerName="CPT_CARROT" duration="00:00:00.0054975" startTime="2011-06-20T01:10:28.2996760-07:00" endTime="2011-06-20T01:10:28.3246775-07:00" testType="13cdc9d9-ddb5-4fa4-a97d-d965ccfc6d4b" outcome="Passed" testListId="8c84fa94-04c1-424b-9868-57a2d4851a1d" relativeResultsDirectory="2fffd2da-89ac-4909-9bec-34cd6ba037b6">
    </UnitTestResult>
    <UnitTestResult executionId="74661e6e-d674-48ff-8c34-10ed7315709b" testId="45248b92-6dd3-e46d-104b-b1aeb363c5fd" testName="TestMeasurementTypeFour" computerName="CPT_CARROT" duration="00:00:00.0047056" startTime="2011-06-20T01:10:28.3376782-07:00" endTime="2011-06-20T01:10:28.3546792-07:00" testType="13cdc9d9-ddb5-4fa4-a97d-d965ccfc6d4b" outcome="Passed" testListId="8c84fa94-04c1-424b-9868-57a2d4851a1d" relativeResultsDirectory="74661e6e-d674-48ff-8c34-10ed7315709b">
    </UnitTestResult>
    <UnitTestResult executionId="ef6abc43-bdc0-4464-b15f-9249c4aab2f5" testId="756806fc-abd7-5e06-7fd4-462e6fd2c5bb" testName="TestMeasurementTypeZero" computerName="CPT_CARROT" duration="00:00:00.0045352" startTime="2011-06-20T01:10:28.3636797-07:00" endTime="2011-06-20T01:10:28.3806807-07:00" testType="13cdc9d9-ddb5-4fa4-a97d-d965ccfc6d4b" outcome="Passed" testListId="8c84fa94-04c1-424b-9868-57a2d4851a1d" relativeResultsDirectory="ef6abc43-bdc0-4464-b15f-9249c4aab2f5">
    </UnitTestResult>
    <UnitTestResult executionId="7d099930-9bb1-483e-9035-113cd74e8854" testId="7b1443d7-4392-3d99-deb6-1ed8e014d6a3" testName="TestMeasurementTypeOne" computerName="CPT_CARROT" duration="00:00:00.0069746" startTime="2011-06-20T01:10:28.3896812-07:00" endTime="2011-06-20T01:10:28.4246832-07:00" testType="13cdc9d9-ddb5-4fa4-a97d-d965ccfc6d4b" outcome="Passed" testListId="8c84fa94-04c1-424b-9868-57a2d4851a1d" relativeResultsDirectory="7d099930-9bb1-483e-9035-113cd74e8854">
    </UnitTestResult>
    <UnitTestResult executionId="a002ea0f-945c-4447-93fb-5a120d2827d1" testId="9ee2242d-4c72-8f56-56b6-a593f63b8a6c" testName="TestMeasurementTypeTwo" computerName="CPT_CARROT" duration="00:00:00.0052573" startTime="2011-06-20T01:10:28.4356838-07:00" endTime="2011-06-20T01:10:28.4526848-07:00" testType="13cdc9d9-ddb5-4fa4-a97d-d965ccfc6d4b" outcome="Passed" testListId="8c84fa94-04c1-424b-9868-57a2d4851a1d" relativeResultsDirectory="a002ea0f-945c-4447-93fb-5a120d2827d1">
    </UnitTestResult>
  </Results>
</TestRun>