<?xml version="1.0" encoding="UTF-8"?>
<TestRun id="231a4fa6-ef07-4464-817a-40fd1b374528" name="William@CPT_CARROT 2011-06-20 00:28:40" runUser="Cpt_Carrot\William" xmlns="http://microsoft.com/schemas/VisualStudio/TeamTest/2010">
  <TestSettings name="Local" id="c2a6f356-a881-46ce-9115-08dfffbbf9f7">
    <Description>These are default test settings for a local test run.</Description>
    <Deployment enabled="false" runDeploymentRoot="William_CPT_CARROT 2011-06-20 00_28_40">
      <DeploymentItem filename="C:\Users\William\Documents\Visual Studio 2010\TDDMurachsBook\HexVitalsWithTests\HexagonVitals02\Hexagonvitals.Test\ApprovalTests.dll" />
      <DeploymentItem filename="C:\Users\William\Documents\Visual Studio 2010\TDDMurachsBook\HexVitalsWithTests\HexagonVitals02\HexagonVitals01\bin\Debug\HexagonVitals01.exe" />
    </Deployment>
    <Execution>
      <TestTypeSpecific />
      <AgentRule name="Execution Agents">
      </AgentRule>
    </Execution>
  </TestSettings>
  <Times creation="2011-06-20T00:28:40.3442292-07:00" queuing="2011-06-20T00:28:41.7483095-07:00" start="2011-06-20T00:28:41.7693107-07:00" finish="2011-06-20T00:28:42.4703508-07:00" />
  <ResultSummary outcome="Failed">
    <Counters total="7" executed="7" error="0" failed="7" timeout="0" aborted="0" inconclusive="0" passedButRunAborted="0" notRunnable="0" notExecuted="0" disconnected="0" warning="0" passed="0" completed="0" inProgress="0" pending="0" />
  </ResultSummary>
  <TestDefinitions>
    <UnitTest name="TestMeasurementTypeZero" storage="c:\users\william\documents\visual studio 2010\tddmurachsbook\hexvitalswithtests\hexagonvitals02\hexagonvitals.test\bin\debug\hexagonvitals.test.dll" id="756806fc-abd7-5e06-7fd4-462e6fd2c5bb">
      <Execution id="9a8e9a6c-580a-45b2-9346-253c43e55730" />
      <TestMethod codeBase="C:/Users/William/Documents/Visual Studio 2010/TDDMurachsBook/HexVitalsWithTests/HexagonVitals02/Hexagonvitals.Test/bin/Debug/Hexagonvitals.Test.DLL" adapterTypeName="Microsoft.VisualStudio.TestTools.TestTypes.Unit.UnitTestAdapter, Microsoft.VisualStudio.QualityTools.Tips.UnitTest.Adapter, Version=10.0.0.0, Culture=neutral, PublicKeyToken=b03f5f7f11d50a3a" className="Hexagonvitals.Test.HexVitalsTest, Hexagonvitals.Test, Version=1.0.0.0, Culture=neutral, PublicKeyToken=null" name="TestMeasurementTypeZero" />
    </UnitTest>
    <UnitTest name="TestMeasurementTypeThree" storage="c:\users\william\documents\visual studio 2010\tddmurachsbook\hexvitalswithtests\hexagonvitals02\hexagonvitals.test\bin\debug\hexagonvitals.test.dll" id="1be4b2fe-7b61-a0f3-8a7c-e9be00bcfc25">
      <Execution id="72c89ea0-55fc-4907-97ab-a2f20312fd60" />
      <TestMethod codeBase="C:/Users/William/Documents/Visual Studio 2010/TDDMurachsBook/HexVitalsWithTests/HexagonVitals02/Hexagonvitals.Test/bin/Debug/Hexagonvitals.Test.DLL" adapterTypeName="Microsoft.VisualStudio.TestTools.TestTypes.Unit.UnitTestAdapter, Microsoft.VisualStudio.QualityTools.Tips.UnitTest.Adapter, Version=10.0.0.0, Culture=neutral, PublicKeyToken=b03f5f7f11d50a3a" className="Hexagonvitals.Test.HexVitalsTest, Hexagonvitals.Test, Version=1.0.0.0, Culture=neutral, PublicKeyToken=null" name="TestMeasurementTypeThree" />
    </UnitTest>
    <UnitTest name="TestMeasurementTypeFive" storage="c:\users\william\documents\visual studio 2010\tddmurachsbook\hexvitalswithtests\hexagonvitals02\hexagonvitals.test\bin\debug\hexagonvitals.test.dll" id="43ac6133-40cb-1c47-390d-db50ffe794aa">
      <Execution id="4b02d4a9-01cd-41c7-acd6-03b24eb54a5b" />
      <TestMethod codeBase="C:/Users/William/Documents/Visual Studio 2010/TDDMurachsBook/HexVitalsWithTests/HexagonVitals02/Hexagonvitals.Test/bin/Debug/Hexagonvitals.Test.DLL" adapterTypeName="Microsoft.VisualStudio.TestTools.TestTypes.Unit.UnitTestAdapter, Microsoft.VisualStudio.QualityTools.Tips.UnitTest.Adapter, Version=10.0.0.0, Culture=neutral, PublicKeyToken=b03f5f7f11d50a3a" className="Hexagonvitals.Test.HexVitalsTest, Hexagonvitals.Test, Version=1.0.0.0, Culture=neutral, PublicKeyToken=null" name="TestMeasurementTypeFive" />
    </UnitTest>
    <UnitTest name="TestMeasurementTypeSix" storage="c:\users\william\documents\visual studio 2010\tddmurachsbook\hexvitalswithtests\hexagonvitals02\hexagonvitals.test\bin\debug\hexagonvitals.test.dll" id="03271c33-0945-33ae-2bea-834454680095">
      <Execution id="870e3602-80f1-4c5b-979c-fa7a345b72cb" />
      <TestMethod codeBase="C:/Users/William/Documents/Visual Studio 2010/TDDMurachsBook/HexVitalsWithTests/HexagonVitals02/Hexagonvitals.Test/bin/Debug/Hexagonvitals.Test.DLL" adapterTypeName="Microsoft.VisualStudio.TestTools.TestTypes.Unit.UnitTestAdapter, Microsoft.VisualStudio.QualityTools.Tips.UnitTest.Adapter, Version=10.0.0.0, Culture=neutral, PublicKeyToken=b03f5f7f11d50a3a" className="Hexagonvitals.Test.HexVitalsTest, Hexagonvitals.Test, Version=1.0.0.0, Culture=neutral, PublicKeyToken=null" name="TestMeasurementTypeSix" />
    </UnitTest>
    <UnitTest name="TestMeasurementTypeOne" storage="c:\users\william\documents\visual studio 2010\tddmurachsbook\hexvitalswithtests\hexagonvitals02\hexagonvitals.test\bin\debug\hexagonvitals.test.dll" id="7b1443d7-4392-3d99-deb6-1ed8e014d6a3">
      <Execution id="03207c00-b2ee-4920-9555-040926211ba6" />
      <TestMethod codeBase="C:/Users/William/Documents/Visual Studio 2010/TDDMurachsBook/HexVitalsWithTests/HexagonVitals02/Hexagonvitals.Test/bin/Debug/Hexagonvitals.Test.DLL" adapterTypeName="Microsoft.VisualStudio.TestTools.TestTypes.Unit.UnitTestAdapter, Microsoft.VisualStudio.QualityTools.Tips.UnitTest.Adapter, Version=10.0.0.0, Culture=neutral, PublicKeyToken=b03f5f7f11d50a3a" className="Hexagonvitals.Test.HexVitalsTest, Hexagonvitals.Test, Version=1.0.0.0, Culture=neutral, PublicKeyToken=null" name="TestMeasurementTypeOne" />
    </UnitTest>
    <UnitTest name="TestMeasurementTypeFour" storage="c:\users\william\documents\visual studio 2010\tddmurachsbook\hexvitalswithtests\hexagonvitals02\hexagonvitals.test\bin\debug\hexagonvitals.test.dll" id="45248b92-6dd3-e46d-104b-b1aeb363c5fd">
      <Execution id="33afbb31-f789-4745-8c88-d92bef2a44f0" />
      <TestMethod codeBase="C:/Users/William/Documents/Visual Studio 2010/TDDMurachsBook/HexVitalsWithTests/HexagonVitals02/Hexagonvitals.Test/bin/Debug/Hexagonvitals.Test.DLL" adapterTypeName="Microsoft.VisualStudio.TestTools.TestTypes.Unit.UnitTestAdapter, Microsoft.VisualStudio.QualityTools.Tips.UnitTest.Adapter, Version=10.0.0.0, Culture=neutral, PublicKeyToken=b03f5f7f11d50a3a" className="Hexagonvitals.Test.HexVitalsTest, Hexagonvitals.Test, Version=1.0.0.0, Culture=neutral, PublicKeyToken=null" name="TestMeasurementTypeFour" />
    </UnitTest>
    <UnitTest name="TestMeasurementTypeTwo" storage="c:\users\william\documents\visual studio 2010\tddmurachsbook\hexvitalswithtests\hexagonvitals02\hexagonvitals.test\bin\debug\hexagonvitals.test.dll" id="9ee2242d-4c72-8f56-56b6-a593f63b8a6c">
      <Execution id="a53a988f-c7de-4aa6-9d0a-64789ce7eccb" />
      <TestMethod codeBase="C:/Users/William/Documents/Visual Studio 2010/TDDMurachsBook/HexVitalsWithTests/HexagonVitals02/Hexagonvitals.Test/bin/Debug/Hexagonvitals.Test.DLL" adapterTypeName="Microsoft.VisualStudio.TestTools.TestTypes.Unit.UnitTestAdapter, Microsoft.VisualStudio.QualityTools.Tips.UnitTest.Adapter, Version=10.0.0.0, Culture=neutral, PublicKeyToken=b03f5f7f11d50a3a" className="Hexagonvitals.Test.HexVitalsTest, Hexagonvitals.Test, Version=1.0.0.0, Culture=neutral, PublicKeyToken=null" name="TestMeasurementTypeTwo" />
    </UnitTest>
  </TestDefinitions>
  <TestLists>
    <TestList name="Results Not in a List" id="8c84fa94-04c1-424b-9868-57a2d4851a1d" />
    <TestList name="All Loaded Results" id="19431567-8539-422a-85d7-44ee4e166bda" />
  </TestLists>
  <TestEntries>
    <TestEntry testId="03271c33-0945-33ae-2bea-834454680095" executionId="870e3602-80f1-4c5b-979c-fa7a345b72cb" testListId="8c84fa94-04c1-424b-9868-57a2d4851a1d" />
    <TestEntry testId="1be4b2fe-7b61-a0f3-8a7c-e9be00bcfc25" executionId="72c89ea0-55fc-4907-97ab-a2f20312fd60" testListId="8c84fa94-04c1-424b-9868-57a2d4851a1d" />
    <TestEntry testId="43ac6133-40cb-1c47-390d-db50ffe794aa" executionId="4b02d4a9-01cd-41c7-acd6-03b24eb54a5b" testListId="8c84fa94-04c1-424b-9868-57a2d4851a1d" />
    <TestEntry testId="45248b92-6dd3-e46d-104b-b1aeb363c5fd" executionId="33afbb31-f789-4745-8c88-d92bef2a44f0" testListId="8c84fa94-04c1-424b-9868-57a2d4851a1d" />
    <TestEntry testId="756806fc-abd7-5e06-7fd4-462e6fd2c5bb" executionId="9a8e9a6c-580a-45b2-9346-253c43e55730" testListId="8c84fa94-04c1-424b-9868-57a2d4851a1d" />
    <TestEntry testId="7b1443d7-4392-3d99-deb6-1ed8e014d6a3" executionId="03207c00-b2ee-4920-9555-040926211ba6" testListId="8c84fa94-04c1-424b-9868-57a2d4851a1d" />
    <TestEntry testId="9ee2242d-4c72-8f56-56b6-a593f63b8a6c" executionId="a53a988f-c7de-4aa6-9d0a-64789ce7eccb" testListId="8c84fa94-04c1-424b-9868-57a2d4851a1d" />
  </TestEntries>
  <Results>
    <UnitTestResult executionId="870e3602-80f1-4c5b-979c-fa7a345b72cb" testId="03271c33-0945-33ae-2bea-834454680095" testName="TestMeasurementTypeSix" computerName="CPT_CARROT" duration="00:00:00.0536675" startTime="2011-06-20T00:28:41.7983123-07:00" endTime="2011-06-20T00:28:42.1923349-07:00" testType="13cdc9d9-ddb5-4fa4-a97d-d965ccfc6d4b" outcome="Failed" testListId="8c84fa94-04c1-424b-9868-57a2d4851a1d" relativeResultsDirectory="870e3602-80f1-4c5b-979c-fa7a345b72cb">
      <Output>
        <ErrorInfo>
          <Message>Test method Hexagonvitals.Test.HexVitalsTest.TestMeasurementTypeSix threw exception: 
System.Reflection.TargetException: Non-static method requires a target.</Message>
          <StackTrace>    at System.Reflection.RuntimeMethodInfo.CheckConsistency(Object target)
   at System.Reflection.RuntimeMethodInfo.Invoke(Object obj, BindingFlags invokeAttr, Binder binder, Object[] parameters, CultureInfo culture, Boolean skipVisibilityChecks)
   at System.Reflection.RuntimeMethodInfo.Invoke(Object obj, BindingFlags invokeAttr, Binder binder, Object[] parameters, CultureInfo culture)
   at System.Reflection.RuntimePropertyInfo.SetValue(Object obj, Object value, BindingFlags invokeAttr, Binder binder, Object[] index, CultureInfo culture)
   at System.Reflection.RuntimePropertyInfo.SetValue(Object obj, Object value, Object[] index)
   at HexagonVitals01.HexVitals.DeriveSideLength(Int32 measurementType, Double startingMeasurement) in C:\Users\William\Documents\Visual Studio 2010\TDDMurachsBook\HexVitalsWithTests\HexagonVitals02\HexagonVitals01\HexVitals.cs:line 241
   at Hexagonvitals.Test.HexVitalsTest.TestMeasurementTypeSix() in C:\Users\William\Documents\Visual Studio 2010\TDDMurachsBook\HexVitalsWithTests\HexagonVitals02\Hexagonvitals.Test\HexVitalsTest.cs:line 64
</StackTrace>
        </ErrorInfo>
      </Output>
    </UnitTestResult>
    <UnitTestResult executionId="72c89ea0-55fc-4907-97ab-a2f20312fd60" testId="1be4b2fe-7b61-a0f3-8a7c-e9be00bcfc25" testName="TestMeasurementTypeThree" computerName="CPT_CARROT" duration="00:00:00.0028770" startTime="2011-06-20T00:28:42.2113360-07:00" endTime="2011-06-20T00:28:42.2223366-07:00" testType="13cdc9d9-ddb5-4fa4-a97d-d965ccfc6d4b" outcome="Failed" testListId="8c84fa94-04c1-424b-9868-57a2d4851a1d" relativeResultsDirectory="72c89ea0-55fc-4907-97ab-a2f20312fd60">
      <Output>
        <ErrorInfo>
          <Message>Test method Hexagonvitals.Test.HexVitalsTest.TestMeasurementTypeThree threw exception: 
System.Reflection.TargetException: Non-static method requires a target.</Message>
          <StackTrace>    at System.Reflection.RuntimeMethodInfo.CheckConsistency(Object target)
   at System.Reflection.RuntimeMethodInfo.Invoke(Object obj, BindingFlags invokeAttr, Binder binder, Object[] parameters, CultureInfo culture, Boolean skipVisibilityChecks)
   at System.Reflection.RuntimeMethodInfo.Invoke(Object obj, BindingFlags invokeAttr, Binder binder, Object[] parameters, CultureInfo culture)
   at System.Reflection.RuntimePropertyInfo.SetValue(Object obj, Object value, BindingFlags invokeAttr, Binder binder, Object[] index, CultureInfo culture)
   at System.Reflection.RuntimePropertyInfo.SetValue(Object obj, Object value, Object[] index)
   at HexagonVitals01.HexVitals.DeriveSideLength(Int32 measurementType, Double startingMeasurement) in C:\Users\William\Documents\Visual Studio 2010\TDDMurachsBook\HexVitalsWithTests\HexagonVitals02\HexagonVitals01\HexVitals.cs:line 241
   at Hexagonvitals.Test.HexVitalsTest.TestMeasurementTypeThree() in C:\Users\William\Documents\Visual Studio 2010\TDDMurachsBook\HexVitalsWithTests\HexagonVitals02\Hexagonvitals.Test\HexVitalsTest.cs:line 40
</StackTrace>
        </ErrorInfo>
      </Output>
    </UnitTestResult>
    <UnitTestResult executionId="4b02d4a9-01cd-41c7-acd6-03b24eb54a5b" testId="43ac6133-40cb-1c47-390d-db50ffe794aa" testName="TestMeasurementTypeFive" computerName="CPT_CARROT" duration="00:00:00.0027369" startTime="2011-06-20T00:28:42.2303371-07:00" endTime="2011-06-20T00:28:42.2433378-07:00" testType="13cdc9d9-ddb5-4fa4-a97d-d965ccfc6d4b" outcome="Failed" testListId="8c84fa94-04c1-424b-9868-57a2d4851a1d" relativeResultsDirectory="4b02d4a9-01cd-41c7-acd6-03b24eb54a5b">
      <Output>
        <ErrorInfo>
          <Message>Test method Hexagonvitals.Test.HexVitalsTest.TestMeasurementTypeFive threw exception: 
System.Reflection.TargetException: Non-static method requires a target.</Message>
          <StackTrace>    at System.Reflection.RuntimeMethodInfo.CheckConsistency(Object target)
   at System.Reflection.RuntimeMethodInfo.Invoke(Object obj, BindingFlags invokeAttr, Binder binder, Object[] parameters, CultureInfo culture, Boolean skipVisibilityChecks)
   at System.Reflection.RuntimeMethodInfo.Invoke(Object obj, BindingFlags invokeAttr, Binder binder, Object[] parameters, CultureInfo culture)
   at System.Reflection.RuntimePropertyInfo.SetValue(Object obj, Object value, BindingFlags invokeAttr, Binder binder, Object[] index, CultureInfo culture)
   at System.Reflection.RuntimePropertyInfo.SetValue(Object obj, Object value, Object[] index)
   at HexagonVitals01.HexVitals.DeriveSideLength(Int32 measurementType, Double startingMeasurement) in C:\Users\William\Documents\Visual Studio 2010\TDDMurachsBook\HexVitalsWithTests\HexagonVitals02\HexagonVitals01\HexVitals.cs:line 241
   at Hexagonvitals.Test.HexVitalsTest.TestMeasurementTypeFive() in C:\Users\William\Documents\Visual Studio 2010\TDDMurachsBook\HexVitalsWithTests\HexagonVitals02\Hexagonvitals.Test\HexVitalsTest.cs:line 56
</StackTrace>
        </ErrorInfo>
      </Output>
    </UnitTestResult>
    <UnitTestResult executionId="33afbb31-f789-4745-8c88-d92bef2a44f0" testId="45248b92-6dd3-e46d-104b-b1aeb363c5fd" testName="TestMeasurementTypeFour" computerName="CPT_CARROT" duration="00:00:00.0023607" startTime="2011-06-20T00:28:42.2833401-07:00" endTime="2011-06-20T00:28:42.2983409-07:00" testType="13cdc9d9-ddb5-4fa4-a97d-d965ccfc6d4b" outcome="Failed" testListId="8c84fa94-04c1-424b-9868-57a2d4851a1d" relativeResultsDirectory="33afbb31-f789-4745-8c88-d92bef2a44f0">
      <Output>
        <ErrorInfo>
          <Message>Test method Hexagonvitals.Test.HexVitalsTest.TestMeasurementTypeFour threw exception: 
System.Reflection.TargetException: Non-static method requires a target.</Message>
          <StackTrace>    at System.Reflection.RuntimeMethodInfo.CheckConsistency(Object target)
   at System.Reflection.RuntimeMethodInfo.Invoke(Object obj, BindingFlags invokeAttr, Binder binder, Object[] parameters, CultureInfo culture, Boolean skipVisibilityChecks)
   at System.Reflection.RuntimeMethodInfo.Invoke(Object obj, BindingFlags invokeAttr, Binder binder, Object[] parameters, CultureInfo culture)
   at System.Reflection.RuntimePropertyInfo.SetValue(Object obj, Object value, BindingFlags invokeAttr, Binder binder, Object[] index, CultureInfo culture)
   at System.Reflection.RuntimePropertyInfo.SetValue(Object obj, Object value, Object[] index)
   at HexagonVitals01.HexVitals.DeriveSideLength(Int32 measurementType, Double startingMeasurement) in C:\Users\William\Documents\Visual Studio 2010\TDDMurachsBook\HexVitalsWithTests\HexagonVitals02\HexagonVitals01\HexVitals.cs:line 241
   at Hexagonvitals.Test.HexVitalsTest.TestMeasurementTypeFour() in C:\Users\William\Documents\Visual Studio 2010\TDDMurachsBook\HexVitalsWithTests\HexagonVitals02\Hexagonvitals.Test\HexVitalsTest.cs:line 48
</StackTrace>
        </ErrorInfo>
      </Output>
    </UnitTestResult>
    <UnitTestResult executionId="9a8e9a6c-580a-45b2-9346-253c43e55730" testId="756806fc-abd7-5e06-7fd4-462e6fd2c5bb" testName="TestMeasurementTypeZero" computerName="CPT_CARROT" duration="00:00:00.0033574" startTime="2011-06-20T00:28:42.3023412-07:00" endTime="2011-06-20T00:28:42.3173420-07:00" testType="13cdc9d9-ddb5-4fa4-a97d-d965ccfc6d4b" outcome="Failed" testListId="8c84fa94-04c1-424b-9868-57a2d4851a1d" relativeResultsDirectory="9a8e9a6c-580a-45b2-9346-253c43e55730">
      <Output>
        <ErrorInfo>
          <Message>Test method Hexagonvitals.Test.HexVitalsTest.TestMeasurementTypeZero threw exception: 
System.Reflection.TargetException: Non-static method requires a target.</Message>
          <StackTrace>    at System.Reflection.RuntimeMethodInfo.CheckConsistency(Object target)
   at System.Reflection.RuntimeMethodInfo.Invoke(Object obj, BindingFlags invokeAttr, Binder binder, Object[] parameters, CultureInfo culture, Boolean skipVisibilityChecks)
   at System.Reflection.RuntimeMethodInfo.Invoke(Object obj, BindingFlags invokeAttr, Binder binder, Object[] parameters, CultureInfo culture)
   at System.Reflection.RuntimePropertyInfo.SetValue(Object obj, Object value, BindingFlags invokeAttr, Binder binder, Object[] index, CultureInfo culture)
   at System.Reflection.RuntimePropertyInfo.SetValue(Object obj, Object value, Object[] index)
   at HexagonVitals01.HexVitals.DeriveSideLength(Int32 measurementType, Double startingMeasurement) in C:\Users\William\Documents\Visual Studio 2010\TDDMurachsBook\HexVitalsWithTests\HexagonVitals02\HexagonVitals01\HexVitals.cs:line 241
   at Hexagonvitals.Test.HexVitalsTest.TestMeasurementTypeZero() in C:\Users\William\Documents\Visual Studio 2010\TDDMurachsBook\HexVitalsWithTests\HexagonVitals02\Hexagonvitals.Test\HexVitalsTest.cs:line 16
</StackTrace>
        </ErrorInfo>
      </Output>
    </UnitTestResult>
    <UnitTestResult executionId="03207c00-b2ee-4920-9555-040926211ba6" testId="7b1443d7-4392-3d99-deb6-1ed8e014d6a3" testName="TestMeasurementTypeOne" computerName="CPT_CARROT" duration="00:00:00.0033307" startTime="2011-06-20T00:28:42.3213423-07:00" endTime="2011-06-20T00:28:42.3363431-07:00" testType="13cdc9d9-ddb5-4fa4-a97d-d965ccfc6d4b" outcome="Failed" testListId="8c84fa94-04c1-424b-9868-57a2d4851a1d" relativeResultsDirectory="03207c00-b2ee-4920-9555-040926211ba6">
      <Output>
        <ErrorInfo>
          <Message>Test method Hexagonvitals.Test.HexVitalsTest.TestMeasurementTypeOne threw exception: 
System.Reflection.TargetException: Non-static method requires a target.</Message>
          <StackTrace>    at System.Reflection.RuntimeMethodInfo.CheckConsistency(Object target)
   at System.Reflection.RuntimeMethodInfo.Invoke(Object obj, BindingFlags invokeAttr, Binder binder, Object[] parameters, CultureInfo culture, Boolean skipVisibilityChecks)
   at System.Reflection.RuntimeMethodInfo.Invoke(Object obj, BindingFlags invokeAttr, Binder binder, Object[] parameters, CultureInfo culture)
   at System.Reflection.RuntimePropertyInfo.SetValue(Object obj, Object value, BindingFlags invokeAttr, Binder binder, Object[] index, CultureInfo culture)
   at System.Reflection.RuntimePropertyInfo.SetValue(Object obj, Object value, Object[] index)
   at HexagonVitals01.HexVitals.DeriveSideLength(Int32 measurementType, Double startingMeasurement) in C:\Users\William\Documents\Visual Studio 2010\TDDMurachsBook\HexVitalsWithTests\HexagonVitals02\HexagonVitals01\HexVitals.cs:line 241
   at Hexagonvitals.Test.HexVitalsTest.TestMeasurementTypeOne() in C:\Users\William\Documents\Visual Studio 2010\TDDMurachsBook\HexVitalsWithTests\HexagonVitals02\Hexagonvitals.Test\HexVitalsTest.cs:line 24
</StackTrace>
        </ErrorInfo>
      </Output>
    </UnitTestResult>
    <UnitTestResult executionId="a53a988f-c7de-4aa6-9d0a-64789ce7eccb" testId="9ee2242d-4c72-8f56-56b6-a593f63b8a6c" testName="TestMeasurementTypeTwo" computerName="CPT_CARROT" duration="00:00:00.0032481" startTime="2011-06-20T00:28:42.3393433-07:00" endTime="2011-06-20T00:28:42.3553442-07:00" testType="13cdc9d9-ddb5-4fa4-a97d-d965ccfc6d4b" outcome="Failed" testListId="8c84fa94-04c1-424b-9868-57a2d4851a1d" relativeResultsDirectory="a53a988f-c7de-4aa6-9d0a-64789ce7eccb">
      <Output>
        <ErrorInfo>
          <Message>Test method Hexagonvitals.Test.HexVitalsTest.TestMeasurementTypeTwo threw exception: 
System.Reflection.TargetException: Non-static method requires a target.</Message>
          <StackTrace>    at System.Reflection.RuntimeMethodInfo.CheckConsistency(Object target)
   at System.Reflection.RuntimeMethodInfo.Invoke(Object obj, BindingFlags invokeAttr, Binder binder, Object[] parameters, CultureInfo culture, Boolean skipVisibilityChecks)
   at System.Reflection.RuntimeMethodInfo.Invoke(Object obj, BindingFlags invokeAttr, Binder binder, Object[] parameters, CultureInfo culture)
   at System.Reflection.RuntimePropertyInfo.SetValue(Object obj, Object value, BindingFlags invokeAttr, Binder binder, Object[] index, CultureInfo culture)
   at System.Reflection.RuntimePropertyInfo.SetValue(Object obj, Object value, Object[] index)
   at HexagonVitals01.HexVitals.DeriveSideLength(Int32 measurementType, Double startingMeasurement) in C:\Users\William\Documents\Visual Studio 2010\TDDMurachsBook\HexVitalsWithTests\HexagonVitals02\HexagonVitals01\HexVitals.cs:line 241
   at Hexagonvitals.Test.HexVitalsTest.TestMeasurementTypeTwo() in C:\Users\William\Documents\Visual Studio 2010\TDDMurachsBook\HexVitalsWithTests\HexagonVitals02\Hexagonvitals.Test\HexVitalsTest.cs:line 32
</StackTrace>
        </ErrorInfo>
      </Output>
    </UnitTestResult>
  </Results>
</TestRun>